2023-01-04 09:05:41.176 [info] Log level: Info
2023-01-04 09:05:41.176 [info] Validating found git in: "git"
2023-01-04 09:05:41.176 [info] Using git "2.39.0" from "git"
2023-01-04 09:05:41.176 [info] > git rev-parse --show-toplevel [491ms]
2023-01-04 09:05:41.176 [info] fatal: not a git repository (or any of the parent directories): .git
2023-01-04 09:05:41.176 [info] > git rev-parse --show-toplevel [87ms]
2023-01-04 09:05:41.176 [info] fatal: not a git repository (or any of the parent directories): .git
2023-01-04 09:06:14.923 [info] > git rev-parse --show-toplevel [10ms]
2023-01-04 09:06:14.923 [info] fatal: not a git repository (or any of the parent directories): .git
2023-01-04 09:06:16.456 [info] > git rev-parse --show-toplevel [3ms]
2023-01-04 09:06:16.456 [info] fatal: not a git repository (or any of the parent directories): .git
2023-01-04 09:06:18.158 [info] > git rev-parse --show-toplevel [7ms]
2023-01-04 09:06:18.158 [info] fatal: not a git repository (or any of the parent directories): .git
2023-01-04 09:06:25.539 [info] > git rev-parse --show-toplevel [5ms]
2023-01-04 09:06:25.539 [info] fatal: not a git repository (or any of the parent directories): .git
2023-01-04 09:08:06.521 [info] > git rev-parse --show-toplevel [3ms]
2023-01-04 09:08:06.521 [info] fatal: not a git repository (or any of the parent directories): .git
2023-01-04 09:13:17.321 [info] > git rev-parse --show-toplevel [3ms]
2023-01-04 09:13:17.321 [info] fatal: not a git repository (or any of the parent directories): .git
2023-01-04 09:13:18.524 [info] > git rev-parse --show-toplevel [3ms]
2023-01-04 09:13:18.524 [info] fatal: not a git repository (or any of the parent directories): .git
2023-01-04 09:14:13.796 [info] > git rev-parse --show-toplevel [2ms]
2023-01-04 09:14:13.796 [info] fatal: not a git repository (or any of the parent directories): .git
2023-01-04 09:16:20.765 [info] > git rev-parse --show-toplevel [3ms]
2023-01-04 09:16:20.766 [info] fatal: not a git repository (or any of the parent directories): .git
2023-01-04 09:16:49.236 [info] > git rev-parse --show-toplevel [4ms]
2023-01-04 09:16:49.236 [info] fatal: not a git repository (or any of the parent directories): .git
2023-01-04 09:16:50.605 [info] > git rev-parse --show-toplevel [2ms]
2023-01-04 09:16:50.605 [info] fatal: not a git repository (or any of the parent directories): .git
2023-01-04 09:19:57.342 [info] > git rev-parse --show-toplevel [3ms]
2023-01-04 09:19:57.342 [info] fatal: not a git repository (or any of the parent directories): .git
2023-01-04 09:23:30.385 [info] > git rev-parse --show-toplevel [6ms]
2023-01-04 09:23:30.385 [info] fatal: not a git repository (or any of the parent directories): .git
2023-01-04 09:23:39.343 [info] > git rev-parse --show-toplevel [3ms]
2023-01-04 09:23:39.343 [info] fatal: not a git repository (or any of the parent directories): .git
2023-01-04 09:24:39.729 [info] > git rev-parse --show-toplevel [2ms]
2023-01-04 09:24:39.729 [info] fatal: not a git repository (or any of the parent directories): .git
2023-01-04 09:25:19.480 [info] > git rev-parse --show-toplevel [4ms]
2023-01-04 09:25:19.480 [info] fatal: not a git repository (or any of the parent directories): .git
2023-01-04 09:26:17.675 [info] > git rev-parse --show-toplevel [3ms]
2023-01-04 09:26:17.675 [info] fatal: not a git repository (or any of the parent directories): .git
2023-01-04 09:26:21.722 [info] > git rev-parse --show-toplevel [2ms]
2023-01-04 09:26:21.722 [info] fatal: not a git repository (or any of the parent directories): .git
2023-01-04 09:26:23.855 [info] > git rev-parse --show-toplevel [4ms]
2023-01-04 09:26:23.855 [info] fatal: not a git repository (or any of the parent directories): .git
2023-01-04 09:26:28.577 [info] > git rev-parse --show-toplevel [3ms]
2023-01-04 09:26:28.577 [info] fatal: not a git repository (or any of the parent directories): .git
2023-01-04 09:27:29.023 [info] > git rev-parse --show-toplevel [3ms]
2023-01-04 09:27:29.023 [info] fatal: not a git repository (or any of the parent directories): .git
2023-01-04 09:27:33.002 [info] > git rev-parse --show-toplevel [3ms]
2023-01-04 09:27:33.002 [info] fatal: not a git repository (or any of the parent directories): .git
2023-01-04 09:27:59.039 [info] > git rev-parse --show-toplevel [3ms]
2023-01-04 09:27:59.039 [info] fatal: not a git repository (or any of the parent directories): .git
2023-01-04 09:28:14.063 [info] > git rev-parse --show-toplevel [3ms]
2023-01-04 09:28:14.063 [info] fatal: not a git repository (or any of the parent directories): .git
2023-01-04 09:31:20.818 [info] > git rev-parse --show-toplevel [6ms]
2023-01-04 09:31:20.818 [info] fatal: not a git repository (or any of the parent directories): .git
2023-01-04 09:31:28.929 [info] > git rev-parse --show-toplevel [3ms]
2023-01-04 09:31:28.929 [info] fatal: not a git repository (or any of the parent directories): .git
2023-01-04 09:31:30.224 [info] > git rev-parse --show-toplevel [3ms]
2023-01-04 09:31:30.224 [info] fatal: not a git repository (or any of the parent directories): .git
2023-01-04 09:31:31.715 [info] > git rev-parse --show-toplevel [3ms]
2023-01-04 09:31:31.715 [info] fatal: not a git repository (or any of the parent directories): .git
2023-01-04 09:32:33.078 [info] > git rev-parse --show-toplevel [2ms]
2023-01-04 09:32:33.078 [info] fatal: not a git repository (or any of the parent directories): .git
2023-01-04 09:33:40.093 [info] > git rev-parse --show-toplevel [2ms]
2023-01-04 09:33:40.093 [info] fatal: not a git repository (or any of the parent directories): .git
2023-01-04 09:34:16.706 [info] > git rev-parse --show-toplevel [3ms]
2023-01-04 09:34:16.706 [info] fatal: not a git repository (or any of the parent directories): .git
2023-01-04 09:35:59.472 [info] > git rev-parse --show-toplevel [4ms]
2023-01-04 09:35:59.472 [info] fatal: not a git repository (or any of the parent directories): .git
2023-01-04 09:38:03.833 [info] > git rev-parse --show-toplevel [2ms]
2023-01-04 09:38:03.833 [info] fatal: not a git repository (or any of the parent directories): .git
2023-01-04 09:39:15.748 [info] > git rev-parse --show-toplevel [3ms]
2023-01-04 09:39:15.748 [info] fatal: not a git repository (or any of the parent directories): .git
2023-01-04 09:39:22.780 [info] > git rev-parse --show-toplevel [2ms]
2023-01-04 09:39:22.780 [info] fatal: not a git repository (or any of the parent directories): .git
2023-01-04 09:41:21.632 [info] > git rev-parse --show-toplevel [2ms]
2023-01-04 09:41:21.632 [info] fatal: not a git repository (or any of the parent directories): .git
2023-01-04 09:43:18.675 [info] > git rev-parse --show-toplevel [2ms]
2023-01-04 09:43:18.676 [info] fatal: not a git repository (or any of the parent directories): .git
2023-01-04 09:43:26.109 [info] > git rev-parse --show-toplevel [1ms]
2023-01-04 09:43:26.109 [info] fatal: not a git repository (or any of the parent directories): .git
2023-01-04 09:43:36.350 [info] > git rev-parse --show-toplevel [6ms]
2023-01-04 09:43:36.350 [info] fatal: not a git repository (or any of the parent directories): .git
2023-01-04 09:43:42.133 [info] > git rev-parse --show-toplevel [2ms]
2023-01-04 09:43:42.133 [info] fatal: not a git repository (or any of the parent directories): .git
2023-01-04 09:44:06.435 [info] > git rev-parse --show-toplevel [3ms]
2023-01-04 09:44:06.435 [info] fatal: not a git repository (or any of the parent directories): .git
2023-01-04 09:45:38.785 [info] > git rev-parse --show-toplevel [7ms]
2023-01-04 09:45:38.785 [info] fatal: not a git repository (or any of the parent directories): .git
2023-01-04 09:49:14.314 [info] > git rev-parse --show-toplevel [2ms]
2023-01-04 09:49:14.314 [info] fatal: not a git repository (or any of the parent directories): .git
2023-01-04 09:53:32.752 [info] > git rev-parse --show-toplevel [2ms]
2023-01-04 09:53:32.752 [info] fatal: not a git repository (or any of the parent directories): .git
2023-01-04 09:59:29.944 [info] > git rev-parse --show-toplevel [1ms]
2023-01-04 09:59:29.944 [info] fatal: not a git repository (or any of the parent directories): .git
2023-01-04 10:00:42.575 [info] > git rev-parse --show-toplevel [3ms]
2023-01-04 10:00:42.575 [info] fatal: not a git repository (or any of the parent directories): .git
2023-01-04 10:02:50.735 [info] > git rev-parse --show-toplevel [5ms]
2023-01-04 10:02:50.736 [info] fatal: not a git repository (or any of the parent directories): .git
2023-01-04 10:05:20.825 [info] > git rev-parse --show-toplevel [3ms]
2023-01-04 10:05:20.825 [info] fatal: not a git repository (or any of the parent directories): .git
2023-01-04 10:07:21.503 [info] > git rev-parse --show-toplevel [5ms]
2023-01-04 10:07:21.503 [info] fatal: not a git repository (or any of the parent directories): .git
2023-01-04 10:07:25.648 [info] > git rev-parse --show-toplevel [3ms]
2023-01-04 10:07:25.648 [info] fatal: not a git repository (or any of the parent directories): .git
2023-01-04 10:07:45.706 [info] > git rev-parse --show-toplevel [3ms]
2023-01-04 10:07:45.706 [info] fatal: not a git repository (or any of the parent directories): .git
2023-01-04 10:08:40.120 [info] > git rev-parse --show-toplevel [3ms]
2023-01-04 10:08:40.120 [info] fatal: not a git repository (or any of the parent directories): .git
2023-01-04 10:08:42.609 [info] > git rev-parse --show-toplevel [19ms]
2023-01-04 10:08:42.609 [info] fatal: not a git repository (or any of the parent directories): .git
2023-01-04 10:09:29.976 [info] > git rev-parse --show-toplevel [3ms]
2023-01-04 10:09:29.976 [info] fatal: not a git repository (or any of the parent directories): .git
2023-01-04 10:10:20.063 [info] > git rev-parse --show-toplevel [3ms]
2023-01-04 10:10:20.064 [info] fatal: not a git repository (or any of the parent directories): .git
2023-01-04 10:10:42.311 [info] > git rev-parse --show-toplevel [2ms]
2023-01-04 10:10:42.311 [info] fatal: not a git repository (or any of the parent directories): .git
2023-01-04 10:11:00.751 [info] > git rev-parse --show-toplevel [22ms]
2023-01-04 10:11:00.751 [info] fatal: not a git repository (or any of the parent directories): .git
2023-01-04 10:11:00.759 [info] > git rev-parse --show-toplevel [2ms]
2023-01-04 10:11:00.759 [info] fatal: not a git repository (or any of the parent directories): .git
2023-01-04 10:11:10.797 [info] > git rev-parse --show-toplevel [3ms]
2023-01-04 10:11:10.797 [info] fatal: not a git repository (or any of the parent directories): .git
2023-01-04 10:11:13.164 [info] > git rev-parse --show-toplevel [6ms]
2023-01-04 10:11:13.164 [info] fatal: not a git repository (or any of the parent directories): .git
2023-01-04 10:11:16.643 [info] > git rev-parse --show-toplevel [3ms]
2023-01-04 10:11:16.643 [info] fatal: not a git repository (or any of the parent directories): .git
2023-01-04 10:11:45.636 [info] > git rev-parse --show-toplevel [6ms]
2023-01-04 10:11:45.636 [info] fatal: not a git repository (or any of the parent directories): .git
2023-01-04 10:14:55.196 [info] > git rev-parse --show-toplevel [4ms]
2023-01-04 10:14:55.196 [info] fatal: not a git repository (or any of the parent directories): .git
2023-01-04 10:20:32.962 [info] > git rev-parse --show-toplevel [4ms]
2023-01-04 10:20:32.962 [info] fatal: not a git repository (or any of the parent directories): .git
2023-01-04 10:20:40.319 [info] > git rev-parse --show-toplevel [4ms]
2023-01-04 10:20:40.319 [info] fatal: not a git repository (or any of the parent directories): .git
2023-01-04 10:21:06.646 [info] > git rev-parse --show-toplevel [5ms]
2023-01-04 10:21:06.646 [info] fatal: not a git repository (or any of the parent directories): .git
2023-01-04 10:21:36.062 [info] > git rev-parse --show-toplevel [4ms]
2023-01-04 10:21:36.063 [info] fatal: not a git repository (or any of the parent directories): .git
2023-01-04 10:23:06.973 [info] > git rev-parse --show-toplevel [3ms]
2023-01-04 10:23:06.973 [info] fatal: not a git repository (or any of the parent directories): .git
2023-01-04 10:23:09.621 [info] > git rev-parse --show-toplevel [3ms]
2023-01-04 10:23:09.621 [info] fatal: not a git repository (or any of the parent directories): .git
