2022-12-08 17:05:01.412 [info] Starting worker process with pid 105587 (type: fileWatcher, window: 1).
2022-12-08 17:19:41.178 [info] Getting Manifest... melishev.feather-vscode
2022-12-08 17:19:41.196 [info] Installing extension: melishev.feather-vscode
2022-12-08 17:19:42.813 [info] Extracted extension to /home/luc/.vscode/extensions/.a08948d4-75ab-43f1-9d63-ec83621cf1ea: melishev.feather-vscode
2022-12-08 17:19:42.898 [info] Renamed to /home/luc/.vscode/extensions/melishev.feather-vscode-1.0.1
2022-12-08 17:19:42.904 [info] Extracting completed. melishev.feather-vscode
2022-12-08 17:19:42.960 [info] Extension installed successfully: melishev.feather-vscode
2022-12-08 17:20:49.471 [info] Getting Manifest... pkief.material-icon-theme
2022-12-08 17:20:49.478 [info] Installing extension: pkief.material-icon-theme
2022-12-08 17:20:51.362 [info] Extracted extension to /home/luc/.vscode/extensions/.172cc584-1080-4fbd-83db-4e86209f78f6: pkief.material-icon-theme
2022-12-08 17:20:51.431 [info] Renamed to /home/luc/.vscode/extensions/pkief.material-icon-theme-4.22.0
2022-12-08 17:20:51.439 [info] Extracting completed. pkief.material-icon-theme
2022-12-08 17:20:51.500 [info] Extension installed successfully: pkief.material-icon-theme
2022-12-08 19:11:45.130 [info] Getting Manifest... 2gua.rainbow-brackets
2022-12-08 19:11:45.134 [info] Installing extension: 2gua.rainbow-brackets
2022-12-08 19:11:46.860 [info] Extracted extension to /home/luc/.vscode/extensions/.525d3c61-40ed-4de4-a30b-9e371865c2cd: 2gua.rainbow-brackets
2022-12-08 19:11:46.903 [info] Renamed to /home/luc/.vscode/extensions/2gua.rainbow-brackets-0.0.6
2022-12-08 19:11:46.908 [info] Extracting completed. 2gua.rainbow-brackets
2022-12-08 19:11:46.963 [info] Extension installed successfully: 2gua.rainbow-brackets
2022-12-08 19:26:50.947 [info] Getting Manifest... vscodevim.vim
2022-12-08 19:26:50.955 [info] Installing extension: vscodevim.vim
2022-12-08 19:26:53.076 [info] Extracted extension to /home/luc/.vscode/extensions/.a967a004-fc85-4ee9-a43c-f48955ea508b: vscodevim.vim
2022-12-08 19:26:53.137 [info] Renamed to /home/luc/.vscode/extensions/vscodevim.vim-1.24.3
2022-12-08 19:26:53.146 [info] Extracting completed. vscodevim.vim
2022-12-08 19:26:53.201 [info] Extension installed successfully: vscodevim.vim
