2022-12-31 16:29:23.592 [info] Added views:workbench.panel.markers.view in workbench.panel.markers
2022-12-31 16:29:23.592 [info] Added views:workbench.panel.output in workbench.panel.output
2022-12-31 16:29:23.592 [info] Added views:terminal in terminal
2022-12-31 16:29:23.592 [info] Added views:outline in workbench.view.explorer
2022-12-31 16:29:23.592 [info] Added views:workbench.scm in workbench.view.scm
2022-12-31 16:29:23.592 [info] Added views:workbench.view.search in workbench.view.search
2022-12-31 16:29:23.592 [info] Added views:timeline in workbench.view.explorer
2022-12-31 16:29:23.592 [info] Added views:workbench.explorer.emptyView in workbench.view.explorer
2022-12-31 16:29:23.592 [info] Added views:workbench.debug.welcome in workbench.view.debug
2022-12-31 16:29:24.075 [info] Added views:cell-tag in workbench.view.extension.jupyter
2022-12-31 16:29:24.711 [info] Added views:workbench.panel.repl.view in workbench.panel.repl
2022-12-31 16:31:10.673 [info] Added views:workbench.view.testing in workbench.view.extension.test
2022-12-31 16:33:48.746 [info] Added views:workbench.views.extensions.installed,workbench.views.extensions.popular,extensions.recommendedList in workbench.view.extensions
2022-12-31 16:33:48.748 [info] Removed views:workbench.views.extensions.popular from workbench.view.extensions
2022-12-31 16:39:53.875 [info] Removed views:extensions.recommendedList,workbench.views.extensions.installed from workbench.view.extensions
2022-12-31 16:39:53.889 [info] Added views:workbench.views.extensions.marketplace in workbench.view.extensions
2022-12-31 16:40:19.887 [info] Removed views:workbench.view.testing from workbench.view.extension.test
2022-12-31 16:40:20.559 [info] Added views:workbench.panel.markers.view in workbench.panel.markers
2022-12-31 16:40:20.559 [info] Added views:workbench.panel.output in workbench.panel.output
2022-12-31 16:40:20.559 [info] Added views:terminal in terminal
2022-12-31 16:40:20.559 [info] Added views:outline in workbench.view.explorer
2022-12-31 16:40:20.559 [info] Added views:workbench.scm in workbench.view.scm
2022-12-31 16:40:20.559 [info] Added views:workbench.view.search in workbench.view.search
2022-12-31 16:40:20.559 [info] Added views:timeline in workbench.view.explorer
2022-12-31 16:40:20.559 [info] Added views:workbench.explorer.emptyView in workbench.view.explorer
2022-12-31 16:40:20.644 [info] Added views:workbench.debug.welcome in workbench.view.debug
2022-12-31 16:40:20.719 [info] Added views:workbench.views.extensions.installed,extensions.recommendedList in workbench.view.extensions
2022-12-31 16:40:21.344 [info] Added views:cell-tag in workbench.view.extension.jupyter
2022-12-31 16:40:22.101 [info] Added views:workbench.panel.repl.view in workbench.panel.repl
2022-12-31 16:40:50.105 [info] Removed views:extensions.recommendedList,workbench.views.extensions.installed from workbench.view.extensions
2022-12-31 16:40:50.130 [info] Added views:workbench.views.extensions.marketplace in workbench.view.extensions
2022-12-31 16:41:30.094 [info] Added views:workbench.panel.markers.view in workbench.panel.markers
2022-12-31 16:41:30.094 [info] Added views:workbench.panel.output in workbench.panel.output
2022-12-31 16:41:30.094 [info] Added views:terminal in terminal
2022-12-31 16:41:30.094 [info] Added views:outline in workbench.view.explorer
2022-12-31 16:41:30.094 [info] Added views:workbench.scm in workbench.view.scm
2022-12-31 16:41:30.094 [info] Added views:workbench.view.search in workbench.view.search
2022-12-31 16:41:30.094 [info] Added views:timeline in workbench.view.explorer
2022-12-31 16:41:30.094 [info] Added views:workbench.explorer.emptyView in workbench.view.explorer
2022-12-31 16:41:30.188 [info] Added views:workbench.debug.welcome in workbench.view.debug
2022-12-31 16:41:30.266 [info] Added views:workbench.views.extensions.installed,extensions.recommendedList in workbench.view.extensions
2022-12-31 16:41:30.623 [info] Added views:cell-tag in workbench.view.extension.jupyter
2022-12-31 16:41:31.319 [info] Added views:workbench.panel.repl.view in workbench.panel.repl
2022-12-31 16:41:35.579 [info] Removed views:extensions.recommendedList,workbench.views.extensions.installed from workbench.view.extensions
2022-12-31 16:41:35.600 [info] Added views:workbench.views.extensions.marketplace in workbench.view.extensions
2022-12-31 16:47:29.551 [info] Removed views:workbench.views.extensions.marketplace from workbench.view.extensions
2022-12-31 16:47:29.564 [info] Added views:workbench.views.extensions.installed,extensions.recommendedList in workbench.view.extensions
2022-12-31 16:47:43.055 [info] Added views:workbench.view.testing in workbench.view.extension.test
2022-12-31 16:47:53.046 [info] Removed views:workbench.view.testing from workbench.view.extension.test
