Visual Studio Code (1.74.2, undefined, desktop)
Jupyter Extension Version: 2022.11.1003412109.
Python Extension Version: 2022.21.13491005.
Workspace folder /home/luc/.config/polybar/scripts
info 17:20:31.929: ZMQ install verified.
El usuario pertenece al grupo de experimentos 'jupyterTestcf'
El usuario pertenece al grupo de experimentos 'jupyterEnhancedDataViewer'
info 17:20:32.671: LSP Notebooks experiment is enabled
info 17:20:33.611: Got empty env vars with python /bin/python in 809ms
info 17:20:33.626: Process Execution: > /bin/python -m pip list
> /bin/python -m pip list
info 17:20:33.715: Process Execution: > /bin/python -c "import pip"
> /bin/python -c "import pip"
error 17:20:33.744: interpreterPackages getPackageInformation, Class name = r, completed in 942ms, has a falsy return value, Arg 1: {"interpreter":{"id":"/bin/python","sysPrefix":"/usr","displayPath":{"$mid":1,"path":"/bin/python","scheme":"file"},"envName":"","uri":{"$mid":1,"fsPath":"/bin/python","external":"file:///bin/python","path":"/bin/python","scheme":"file"},"displayName":"","envType":"Unknown","version":{"major":3,"minor":10,"patch":9,"raw":"3.10.9 (main, Dec 19 2022, 17:35:49) [GCC 12.2.0]"}}} i [Error]: Module 'pip' not installed.
    at l.execModule (/home/luc/.vscode/extensions/ms-toolsai.jupyter-2022.11.1003412109/out/extension.node.js:7:82791)
    at r.getPackageInformation (/home/luc/.vscode/extensions/ms-toolsai.jupyter-2022.11.1003412109/out/extension.node.js:17:42188) {
  category: 'notinstalled',
  moduleName: 'pip'
}
info 17:22:00.381: Shutting down notebooks for a32ba082-61e1-4fe2-abbb-57d844436cd6
info 17:22:00.382: Disposing HostJupyterExecution db034120-a001-4e1c-90fa-de07e6b649a7
info 17:22:00.382: Disposing super HostJupyterExecution db034120-a001-4e1c-90fa-de07e6b649a7
info 17:22:00.382: Disposing HostJupyterExecution db034120-a001-4e1c-90fa-de07e6b649a7
info 17:22:00.382: Finished disposing HostJupyterExecution  db034120-a001-4e1c-90fa-de07e6b649a7
info 17:22:00.401: Cleaning up server cache db034120-a001-4e1c-90fa-de07e6b649a7
info 17:22:00.402: Finished disposing HostJupyterExecution  db034120-a001-4e1c-90fa-de07e6b649a7
