2023-01-04 10:29:01.510 [info] Log level: Info
2023-01-04 10:29:01.510 [info] Validating found git in: "git"
2023-01-04 10:29:01.510 [info] Using git "" from "git"
2023-01-04 10:29:01.510 [info] > git rev-parse --show-toplevel [19ms]
2023-01-04 10:29:01.510 [info] fatal: not a git repository (or any of the parent directories): .git
2023-01-04 10:29:01.510 [info] > git rev-parse --show-toplevel [1ms]
2023-01-04 10:29:01.510 [info] fatal: not a git repository (or any of the parent directories): .git
2023-01-04 10:29:01.510 [info] > git rev-parse --show-toplevel [2ms]
2023-01-04 10:29:01.510 [info] fatal: not a git repository (or any of the parent directories): .git
2023-01-04 10:29:56.151 [info] > git rev-parse --show-toplevel [6ms]
2023-01-04 10:29:56.151 [info] fatal: not a git repository (or any of the parent directories): .git
2023-01-04 10:30:03.695 [info] > git rev-parse --show-toplevel [12ms]
2023-01-04 10:30:03.695 [info] fatal: not a git repository (or any of the parent directories): .git
2023-01-04 10:30:04.592 [info] > git rev-parse --show-toplevel [5ms]
2023-01-04 10:30:04.592 [info] fatal: not a git repository (or any of the parent directories): .git
2023-01-04 10:30:16.813 [info] Log level: Info
2023-01-04 10:30:16.813 [info] Validating found git in: "git"
2023-01-04 10:30:16.813 [info] Using git "" from "git"
2023-01-04 10:30:16.813 [info] > git rev-parse --show-toplevel [22ms]
2023-01-04 10:30:16.813 [info] fatal: not a git repository (or any of the parent directories): .git
2023-01-04 10:30:16.813 [info] > git rev-parse --show-toplevel [7ms]
2023-01-04 10:30:16.813 [info] fatal: not a git repository (or any of the parent directories): .git
2023-01-04 10:30:16.813 [info] > git rev-parse --show-toplevel [43ms]
2023-01-04 10:30:16.813 [info] fatal: not a git repository (or any of the parent directories): .git
2023-01-04 10:31:49.310 [info] > git rev-parse --show-toplevel [12ms]
2023-01-04 10:31:49.310 [info] fatal: not a git repository (or any of the parent directories): .git
2023-01-04 10:32:53.330 [info] > git rev-parse --show-toplevel [7ms]
2023-01-04 10:32:53.330 [info] fatal: not a git repository (or any of the parent directories): .git
2023-01-04 10:33:02.532 [info] > git rev-parse --show-toplevel [4ms]
2023-01-04 10:33:02.532 [info] fatal: not a git repository (or any of the parent directories): .git
2023-01-04 10:33:04.425 [info] > git rev-parse --show-toplevel [8ms]
2023-01-04 10:33:04.425 [info] fatal: not a git repository (or any of the parent directories): .git
2023-01-04 10:33:06.463 [info] > git rev-parse --show-toplevel [4ms]
2023-01-04 10:33:06.463 [info] fatal: not a git repository (or any of the parent directories): .git
2023-01-04 10:36:07.266 [info] > git rev-parse --show-toplevel [6ms]
2023-01-04 10:36:07.266 [info] fatal: not a git repository (or any of the parent directories): .git
2023-01-04 10:41:18.834 [info] > git rev-parse --show-toplevel [6ms]
2023-01-04 10:41:18.834 [info] fatal: not a git repository (or any of the parent directories): .git
2023-01-04 10:41:34.892 [info] > git rev-parse --show-toplevel [4ms]
2023-01-04 10:41:34.892 [info] fatal: not a git repository (or any of the parent directories): .git
2023-01-04 10:41:47.252 [info] > git rev-parse --show-toplevel [8ms]
2023-01-04 10:41:47.252 [info] fatal: not a git repository (or any of the parent directories): .git
2023-01-04 10:46:11.825 [info] > git rev-parse --show-toplevel [3ms]
2023-01-04 10:46:11.825 [info] fatal: not a git repository (or any of the parent directories): .git
2023-01-04 10:47:20.801 [info] > git rev-parse --show-toplevel [7ms]
2023-01-04 10:47:20.802 [info] fatal: not a git repository (or any of the parent directories): .git
2023-01-04 10:48:00.872 [info] > git rev-parse --show-toplevel [3ms]
2023-01-04 10:48:00.872 [info] fatal: not a git repository (or any of the parent directories): .git
2023-01-04 10:48:41.238 [info] > git rev-parse --show-toplevel [11ms]
2023-01-04 10:48:41.238 [info] fatal: not a git repository (or any of the parent directories): .git
2023-01-04 10:50:22.118 [info] > git rev-parse --show-toplevel [4ms]
2023-01-04 10:50:22.118 [info] fatal: not a git repository (or any of the parent directories): .git
2023-01-04 10:55:23.337 [info] > git rev-parse --show-toplevel [7ms]
2023-01-04 10:55:23.337 [info] fatal: not a git repository (or any of the parent directories): .git
2023-01-04 11:32:58.155 [info] > git rev-parse --show-toplevel [2ms]
2023-01-04 11:32:58.155 [info] fatal: not a git repository (or any of the parent directories): .git
2023-01-04 11:32:58.781 [info] > git rev-parse --show-toplevel [6ms]
2023-01-04 11:32:58.781 [info] fatal: not a git repository (or any of the parent directories): .git
2023-01-04 11:33:25.120 [info] > git rev-parse --show-toplevel [4ms]
2023-01-04 11:33:25.120 [info] fatal: not a git repository (or any of the parent directories): .git
2023-01-04 11:33:48.742 [info] > git rev-parse --show-toplevel [12ms]
2023-01-04 11:33:48.742 [info] fatal: not a git repository (or any of the parent directories): .git
2023-01-04 11:36:47.482 [info] > git rev-parse --show-toplevel [7ms]
2023-01-04 11:36:47.482 [info] fatal: not a git repository (or any of the parent directories): .git
2023-01-04 11:38:00.246 [info] > git rev-parse --show-toplevel [11ms]
2023-01-04 11:38:00.246 [info] fatal: not a git repository (or any of the parent directories): .git
2023-01-04 11:46:50.814 [info] > git rev-parse --show-toplevel [9ms]
2023-01-04 11:46:50.814 [info] fatal: not a git repository (or any of the parent directories): .git
