2022-12-30 20:25:42.687 [info] Added views:workbench.panel.markers.view in workbench.panel.markers
2022-12-30 20:25:42.687 [info] Added views:workbench.panel.output in workbench.panel.output
2022-12-30 20:25:42.687 [info] Added views:terminal in terminal
2022-12-30 20:25:42.687 [info] Added views:outline in workbench.view.explorer
2022-12-30 20:25:42.687 [info] Added views:workbench.scm in workbench.view.scm
2022-12-30 20:25:42.687 [info] Added views:workbench.view.search in workbench.view.search
2022-12-30 20:25:42.687 [info] Added views:timeline in workbench.view.explorer
2022-12-30 20:25:42.687 [info] Added views:workbench.explorer.emptyView in workbench.view.explorer
2022-12-30 20:25:42.687 [info] Added views:workbench.debug.variablesView,workbench.debug.watchExpressionsView,workbench.debug.callStackView,workbench.debug.breakPointsView in workbench.view.debug
2022-12-30 20:25:44.149 [info] Added views:workbench.panel.repl.view in workbench.panel.repl
2022-12-30 20:25:44.154 [info] Removed views:workbench.debug.breakPointsView,workbench.debug.callStackView,workbench.debug.watchExpressionsView,workbench.debug.variablesView from workbench.view.debug
2022-12-30 20:25:44.155 [info] Added views:workbench.debug.welcome in workbench.view.debug
2022-12-30 20:30:17.974 [info] Added views:workbench.views.extensions.installed,workbench.views.extensions.popular,extensions.recommendedList in workbench.view.extensions
2022-12-30 20:30:17.979 [info] Removed views:workbench.views.extensions.popular from workbench.view.extensions
2022-12-30 20:30:18.431 [info] Added views:workbench.views.extensions.popular in workbench.view.extensions
2022-12-30 20:30:20.864 [info] Removed views:extensions.recommendedList,workbench.views.extensions.popular,workbench.views.extensions.installed from workbench.view.extensions
2022-12-30 20:30:20.938 [info] Added views:workbench.views.extensions.marketplace in workbench.view.extensions
2022-12-30 20:32:23.064 [info] Removed views:workbench.views.extensions.marketplace from workbench.view.extensions
2022-12-30 20:32:23.084 [info] Added views:workbench.views.extensions.installed,workbench.views.extensions.popular,extensions.recommendedList in workbench.view.extensions
2022-12-30 20:32:40.370 [info] Removed views:extensions.recommendedList,workbench.views.extensions.popular,workbench.views.extensions.installed from workbench.view.extensions
2022-12-30 20:32:40.437 [info] Added views:workbench.views.extensions.marketplace in workbench.view.extensions
2022-12-30 20:34:10.412 [info] Removed views:workbench.views.extensions.marketplace from workbench.view.extensions
2022-12-30 20:34:10.432 [info] Added views:workbench.views.extensions.installed,workbench.views.extensions.popular,extensions.recommendedList in workbench.view.extensions
2022-12-30 20:38:44.137 [info] Removed views:extensions.recommendedList,workbench.views.extensions.popular,workbench.views.extensions.installed from workbench.view.extensions
2022-12-30 20:38:44.195 [info] Added views:workbench.views.extensions.marketplace in workbench.view.extensions
2022-12-30 20:38:47.238 [info] Removed views:workbench.views.extensions.marketplace from workbench.view.extensions
2022-12-30 20:38:47.262 [info] Added views:workbench.views.extensions.installed,workbench.views.extensions.popular,extensions.recommendedList in workbench.view.extensions
