Visual Studio Code (1.74.2, undefined, desktop)
Jupyter Extension Version: 2022.11.1003412109.
Python Extension Version: 2022.21.13491005.
Workspace folder /home/luc/.config/polybar/scripts
info 09:12:14.970: ZMQ install verified.
El usuario pertenece al grupo de experimentos 'jupyterTestcf'
El usuario pertenece al grupo de experimentos 'jupyterEnhancedDataViewer'
info 09:12:15.493: LSP Notebooks experiment is enabled
info 09:12:16.704: Got empty env vars with python /bin/python in 781ms
info 09:12:16.711: Process Execution: > /bin/python -m pip list
> /bin/python -m pip list
info 09:12:17.663: Process Execution: > /bin/python -c "import pip"
> /bin/python -c "import pip"
error 09:12:17.787: interpreterPackages getPackageInformation, Class name = r, completed in 1864ms, has a falsy return value, Arg 1: {"interpreter":{"id":"/bin/python","sysPrefix":"/usr","displayPath":{"$mid":1,"path":"/bin/python","scheme":"file"},"envName":"","uri":{"$mid":1,"fsPath":"/bin/python","external":"file:///bin/python","path":"/bin/python","scheme":"file"},"displayName":"","envType":"Unknown","version":{"major":3,"minor":10,"patch":9,"raw":"3.10.9 (main, Dec 19 2022, 17:35:49) [GCC 12.2.0]"}}} i [Error]: Module 'pip' not installed.
    at l.execModule (/home/luc/.vscode/extensions/ms-toolsai.jupyter-2022.11.1003412109/out/extension.node.js:7:82791)
    at r.getPackageInformation (/home/luc/.vscode/extensions/ms-toolsai.jupyter-2022.11.1003412109/out/extension.node.js:17:42188) {
  category: 'notinstalled',
  moduleName: 'pip'
}
info 09:15:40.884: Shutting down notebooks for e97dfd36-b512-40b3-81c5-d6c32594e951
info 09:15:40.884: Disposing HostJupyterExecution 3f4d2f82-f8c9-4b85-a531-f875b035cf70
info 09:15:40.884: Disposing super HostJupyterExecution 3f4d2f82-f8c9-4b85-a531-f875b035cf70
info 09:15:40.885: Disposing HostJupyterExecution 3f4d2f82-f8c9-4b85-a531-f875b035cf70
info 09:15:40.885: Finished disposing HostJupyterExecution  3f4d2f82-f8c9-4b85-a531-f875b035cf70
info 09:15:40.897: Cleaning up server cache 3f4d2f82-f8c9-4b85-a531-f875b035cf70
info 09:15:40.898: Finished disposing HostJupyterExecution  3f4d2f82-f8c9-4b85-a531-f875b035cf70
