2022-12-08 17:04:59.822 [info] Added views:workbench.panel.markers.view in workbench.panel.markers
2022-12-08 17:04:59.822 [info] Added views:workbench.panel.output in workbench.panel.output
2022-12-08 17:04:59.822 [info] Added views:terminal in terminal
2022-12-08 17:04:59.822 [info] Added views:outline in workbench.view.explorer
2022-12-08 17:04:59.822 [info] Added views:workbench.scm in workbench.view.scm
2022-12-08 17:04:59.822 [info] Added views:workbench.view.search in workbench.view.search
2022-12-08 17:04:59.822 [info] Added views:timeline in workbench.view.explorer
2022-12-08 17:04:59.822 [info] Added views:workbench.explorer.emptyView in workbench.view.explorer
2022-12-08 17:04:59.988 [info] Added views:workbench.debug.welcome in workbench.view.debug
2022-12-08 17:05:01.057 [info] Added views:workbench.panel.repl.view in workbench.panel.repl
2022-12-08 17:19:40.424 [info] Added views:workbench.views.extensions.installed,workbench.views.extensions.popular,extensions.recommendedList in workbench.view.extensions
2022-12-08 17:19:40.426 [info] Removed views:workbench.views.extensions.popular from workbench.view.extensions
2022-12-08 17:19:40.977 [info] Removed views:extensions.recommendedList,workbench.views.extensions.installed from workbench.view.extensions
2022-12-08 17:19:40.996 [info] Added views:workbench.views.extensions.marketplace in workbench.view.extensions
2022-12-08 17:19:46.190 [info] Removed views:workbench.views.extensions.marketplace from workbench.view.extensions
2022-12-08 17:19:46.210 [info] Added views:workbench.views.extensions.installed,extensions.recommendedList in workbench.view.extensions
2022-12-08 17:19:48.055 [info] Removed views:extensions.recommendedList,workbench.views.extensions.installed from workbench.view.extensions
2022-12-08 17:19:48.064 [info] Added views:workbench.views.extensions.marketplace in workbench.view.extensions
2022-12-08 19:11:29.299 [info] Removed views:workbench.views.extensions.marketplace from workbench.view.extensions
2022-12-08 19:11:29.333 [info] Added views:workbench.views.extensions.installed,extensions.recommendedList in workbench.view.extensions
2022-12-08 19:11:33.098 [info] Removed views:extensions.recommendedList,workbench.views.extensions.installed from workbench.view.extensions
2022-12-08 19:11:33.108 [info] Added views:workbench.views.extensions.marketplace in workbench.view.extensions
