2022-12-31 17:19:54.707 [info] Added views:workbench.panel.markers.view in workbench.panel.markers
2022-12-31 17:19:54.707 [info] Added views:workbench.panel.output in workbench.panel.output
2022-12-31 17:19:54.707 [info] Added views:terminal in terminal
2022-12-31 17:19:54.707 [info] Added views:outline in workbench.view.explorer
2022-12-31 17:19:54.707 [info] Added views:workbench.scm in workbench.view.scm
2022-12-31 17:19:54.707 [info] Added views:workbench.view.search in workbench.view.search
2022-12-31 17:19:54.707 [info] Added views:timeline in workbench.view.explorer
2022-12-31 17:19:54.707 [info] Added views:workbench.explorer.emptyView in workbench.view.explorer
2022-12-31 17:19:54.707 [info] Added views:workbench.debug.welcome in workbench.view.debug
2022-12-31 17:19:55.398 [info] Added views:cell-tag in workbench.view.extension.jupyter
2022-12-31 17:19:57.704 [info] Added views:workbench.panel.repl.view in workbench.panel.repl
2022-12-31 17:20:24.512 [info] Added views:workbench.panel.markers.view in workbench.panel.markers
2022-12-31 17:20:24.512 [info] Added views:workbench.panel.output in workbench.panel.output
2022-12-31 17:20:24.512 [info] Added views:terminal in terminal
2022-12-31 17:20:24.512 [info] Added views:outline in workbench.view.explorer
2022-12-31 17:20:24.512 [info] Added views:workbench.scm in workbench.view.scm
2022-12-31 17:20:24.512 [info] Added views:workbench.view.search in workbench.view.search
2022-12-31 17:20:24.512 [info] Added views:timeline in workbench.view.explorer
2022-12-31 17:20:24.512 [info] Added views:workbench.explorer.fileView in workbench.view.explorer
2022-12-31 17:20:24.512 [info] Added views:workbench.debug.variablesView,workbench.debug.watchExpressionsView,workbench.debug.callStackView,workbench.debug.breakPointsView in workbench.view.debug
2022-12-31 17:20:25.557 [info] Added views:workbench.panel.repl.view in workbench.panel.repl
2022-12-31 17:20:25.561 [info] Removed views:workbench.debug.breakPointsView,workbench.debug.callStackView,workbench.debug.watchExpressionsView,workbench.debug.variablesView from workbench.view.debug
2022-12-31 17:20:25.562 [info] Added views:workbench.debug.welcome in workbench.view.debug
2022-12-31 17:20:26.036 [info] Added views:cell-tag in workbench.view.extension.jupyter
2022-12-31 17:20:32.801 [info] Added views:workbench.view.testing in workbench.view.extension.test
2022-12-31 17:22:00.376 [info] Removed views:workbench.view.testing from workbench.view.extension.test
