2022-12-08 15:11:41.357 [info] Extension host with pid 87955 started
2022-12-08 15:11:41.617 [info] ExtensionService#_doActivateExtension vscode.microsoft-authentication, startup: false, activationEvent: 'onAuthenticationRequest:microsoft'
2022-12-08 15:11:41.618 [info] ExtensionService#_doActivateExtension vscode.git-base, startup: true, activationEvent: '*', root cause: vscode.git
2022-12-08 15:11:41.619 [info] ExtensionService#_doActivateExtension dlasagno.wal-theme, startup: true, activationEvent: '*'
2022-12-08 15:11:42.451 [info] ExtensionService#_doActivateExtension vscode.git, startup: true, activationEvent: '*'
2022-12-08 15:11:42.451 [info] ExtensionService#_doActivateExtension vscode.github, startup: true, activationEvent: '*'
2022-12-08 15:11:42.553 [info] Eager extensions activated
2022-12-08 15:11:42.554 [info] ExtensionService#_doActivateExtension vscode.github-authentication, startup: false, activationEvent: 'onAuthenticationRequest:github'
2022-12-08 15:11:42.608 [info] ExtensionService#_doActivateExtension vscode.debug-auto-launch, startup: false, activationEvent: 'onStartupFinished'
2022-12-08 15:11:42.610 [info] ExtensionService#_doActivateExtension vscode.emmet, startup: false, activationEvent: 'onStartupFinished'
2022-12-08 15:11:42.611 [info] ExtensionService#_doActivateExtension vscode.merge-conflict, startup: false, activationEvent: 'onStartupFinished'
2022-12-08 15:29:05.650 [info] Extension host terminating: received terminate message from renderer
2022-12-08 15:29:05.660 [info] Extension host with pid 87955 exiting with code 0
2022-12-08 15:29:07.656 [info] Extension host with pid 91390 started
2022-12-08 15:29:07.736 [info] ExtensionService#_doActivateExtension vscode.microsoft-authentication, startup: false, activationEvent: 'onAuthenticationRequest:microsoft'
2022-12-08 15:29:07.737 [info] ExtensionService#_doActivateExtension vscode.git-base, startup: true, activationEvent: '*', root cause: vscode.git
2022-12-08 15:29:07.788 [info] ExtensionService#_doActivateExtension vscode.git, startup: true, activationEvent: '*'
2022-12-08 15:29:07.788 [info] ExtensionService#_doActivateExtension vscode.github, startup: true, activationEvent: '*'
2022-12-08 15:29:07.887 [info] Eager extensions activated
2022-12-08 15:29:07.905 [info] ExtensionService#_doActivateExtension vscode.github-authentication, startup: false, activationEvent: 'onAuthenticationRequest:github'
2022-12-08 15:29:07.905 [info] ExtensionService#_doActivateExtension vscode.debug-auto-launch, startup: false, activationEvent: 'onStartupFinished'
2022-12-08 15:29:07.905 [info] ExtensionService#_doActivateExtension vscode.emmet, startup: false, activationEvent: 'onStartupFinished'
2022-12-08 15:29:07.906 [info] ExtensionService#_doActivateExtension vscode.merge-conflict, startup: false, activationEvent: 'onStartupFinished'
2022-12-08 15:29:22.751 [info] ExtensionService#_doActivateExtension vscode.configuration-editing, startup: false, activationEvent: 'onLanguage:jsonc'
2022-12-08 15:29:22.752 [info] ExtensionService#_doActivateExtension vscode.json-language-features, startup: false, activationEvent: 'onLanguage:jsonc'
2022-12-08 15:29:22.752 [info] ExtensionService#_doActivateExtension vscode.typescript-language-features, startup: false, activationEvent: 'onLanguage:jsonc'
2022-12-08 15:45:54.440 [info] ExtensionService#_doActivateExtension s-nlf-fh.glassit, startup: false, activationEvent: '*'
2022-12-08 15:46:59.447 [info] ExtensionService#_doActivateExtension dlasagno.wal-theme, startup: false, activationEvent: '*'
2022-12-08 15:47:28.376 [info] Extension host terminating: received terminate message from renderer
2022-12-08 15:47:28.434 [info] Extension host with pid 91390 exiting with code 0
2022-12-08 15:47:30.094 [info] Extension host with pid 96624 started
2022-12-08 15:47:30.350 [info] ExtensionService#_doActivateExtension vscode.microsoft-authentication, startup: false, activationEvent: 'onAuthenticationRequest:microsoft'
2022-12-08 15:47:30.351 [info] ExtensionService#_doActivateExtension vscode.git-base, startup: true, activationEvent: '*', root cause: vscode.git
2022-12-08 15:47:30.351 [info] ExtensionService#_doActivateExtension dlasagno.wal-theme, startup: true, activationEvent: '*'
2022-12-08 15:47:30.505 [info] ExtensionService#_doActivateExtension vscode.git, startup: true, activationEvent: '*'
2022-12-08 15:47:30.506 [info] ExtensionService#_doActivateExtension vscode.github, startup: true, activationEvent: '*'
2022-12-08 15:47:30.747 [info] Eager extensions activated
2022-12-08 15:47:30.768 [info] ExtensionService#_doActivateExtension vscode.debug-auto-launch, startup: false, activationEvent: 'onStartupFinished'
2022-12-08 15:47:30.769 [info] ExtensionService#_doActivateExtension vscode.emmet, startup: false, activationEvent: 'onStartupFinished'
2022-12-08 15:47:30.769 [info] ExtensionService#_doActivateExtension vscode.merge-conflict, startup: false, activationEvent: 'onStartupFinished'
2022-12-08 15:47:30.769 [info] ExtensionService#_doActivateExtension vscode.github-authentication, startup: false, activationEvent: 'onAuthenticationRequest:github'
2022-12-08 15:47:48.310 [info] ExtensionService#_doActivateExtension s-nlf-fh.glassit, startup: false, activationEvent: '*'
2022-12-08 15:47:48.414 [info] ExtensionService#_doActivateExtension vscode.configuration-editing, startup: false, activationEvent: 'onLanguage:jsonc'
2022-12-08 15:47:48.415 [info] ExtensionService#_doActivateExtension vscode.json-language-features, startup: false, activationEvent: 'onLanguage:jsonc'
2022-12-08 15:47:48.415 [info] ExtensionService#_doActivateExtension vscode.typescript-language-features, startup: false, activationEvent: 'onLanguage:jsonc'
2022-12-08 15:47:55.597 [info] Extension host terminating: received terminate message from renderer
2022-12-08 15:47:55.650 [info] Extension host with pid 96624 exiting with code 0
2022-12-08 15:47:56.910 [info] Extension host with pid 96812 started
2022-12-08 15:47:57.071 [info] ExtensionService#_doActivateExtension vscode.microsoft-authentication, startup: false, activationEvent: 'onAuthenticationRequest:microsoft'
2022-12-08 15:47:57.072 [info] ExtensionService#_doActivateExtension vscode.git-base, startup: true, activationEvent: '*', root cause: vscode.git
2022-12-08 15:47:57.072 [info] ExtensionService#_doActivateExtension dlasagno.wal-theme, startup: true, activationEvent: '*'
2022-12-08 15:47:57.634 [info] ExtensionService#_doActivateExtension vscode.git, startup: true, activationEvent: '*'
2022-12-08 15:47:57.636 [info] ExtensionService#_doActivateExtension vscode.github, startup: true, activationEvent: '*'
2022-12-08 15:47:57.783 [info] Eager extensions activated
2022-12-08 15:47:57.926 [info] ExtensionService#_doActivateExtension vscode.debug-auto-launch, startup: false, activationEvent: 'onStartupFinished'
2022-12-08 15:47:57.926 [info] ExtensionService#_doActivateExtension vscode.emmet, startup: false, activationEvent: 'onStartupFinished'
2022-12-08 15:47:57.926 [info] ExtensionService#_doActivateExtension vscode.merge-conflict, startup: false, activationEvent: 'onStartupFinished'
2022-12-08 15:47:57.956 [info] ExtensionService#_doActivateExtension vscode.github-authentication, startup: false, activationEvent: 'onAuthenticationRequest:github'
2022-12-08 15:48:18.674 [info] Extension host terminating: received terminate message from renderer
2022-12-08 15:48:18.693 [info] Extension host with pid 96812 exiting with code 0
2022-12-08 15:48:20.287 [info] Extension host with pid 97004 started
2022-12-08 15:48:20.505 [info] ExtensionService#_doActivateExtension vscode.microsoft-authentication, startup: false, activationEvent: 'onAuthenticationRequest:microsoft'
2022-12-08 15:48:20.506 [info] ExtensionService#_doActivateExtension vscode.git-base, startup: true, activationEvent: '*', root cause: vscode.git
2022-12-08 15:48:20.650 [info] ExtensionService#_doActivateExtension vscode.git, startup: true, activationEvent: '*'
2022-12-08 15:48:20.650 [info] ExtensionService#_doActivateExtension vscode.github, startup: true, activationEvent: '*'
2022-12-08 15:48:20.736 [info] Eager extensions activated
2022-12-08 15:48:20.964 [info] ExtensionService#_doActivateExtension vscode.debug-auto-launch, startup: false, activationEvent: 'onStartupFinished'
2022-12-08 15:48:20.965 [info] ExtensionService#_doActivateExtension vscode.emmet, startup: false, activationEvent: 'onStartupFinished'
2022-12-08 15:48:20.965 [info] ExtensionService#_doActivateExtension vscode.merge-conflict, startup: false, activationEvent: 'onStartupFinished'
2022-12-08 15:48:20.983 [info] ExtensionService#_doActivateExtension vscode.github-authentication, startup: false, activationEvent: 'onAuthenticationRequest:github'
2022-12-08 15:48:25.659 [info] ExtensionService#_doActivateExtension vscode.configuration-editing, startup: false, activationEvent: 'onLanguage:jsonc'
2022-12-08 15:48:25.660 [info] ExtensionService#_doActivateExtension vscode.json-language-features, startup: false, activationEvent: 'onLanguage:jsonc'
2022-12-08 15:48:25.660 [info] ExtensionService#_doActivateExtension vscode.typescript-language-features, startup: false, activationEvent: 'onLanguage:jsonc'
2022-12-08 16:22:31.800 [info] Extension host terminating: received terminate message from renderer
2022-12-08 16:22:31.823 [info] Extension host with pid 97004 exiting with code 0
