2022-12-31 17:19:57.613 [info] Extension host with pid 26111 started
2022-12-31 17:19:57.699 [info] ExtensionService#_doActivateExtension vscode.microsoft-authentication, startup: false, activationEvent: 'onAuthenticationRequest:microsoft'
2022-12-31 17:19:57.699 [info] ExtensionService#_doActivateExtension vscode.git-base, startup: true, activationEvent: '*', root cause: vscode.git
2022-12-31 17:19:57.700 [info] ExtensionService#_doActivateExtension vscodevim.vim, startup: true, activationEvent: '*'
2022-12-31 17:19:58.725 [info] ExtensionService#_doActivateExtension vscode.git, startup: true, activationEvent: '*'
2022-12-31 17:19:58.726 [info] ExtensionService#_doActivateExtension vscode.github, startup: true, activationEvent: '*'
2022-12-31 17:19:58.941 [info] Eager extensions activated
2022-12-31 17:19:58.954 [info] ExtensionService#_doActivateExtension vscode.debug-auto-launch, startup: false, activationEvent: 'onStartupFinished'
2022-12-31 17:19:58.954 [info] ExtensionService#_doActivateExtension vscode.emmet, startup: false, activationEvent: 'onStartupFinished'
2022-12-31 17:19:58.955 [info] ExtensionService#_doActivateExtension vscode.merge-conflict, startup: false, activationEvent: 'onStartupFinished'
2022-12-31 17:19:58.955 [info] ExtensionService#_doActivateExtension PKief.material-icon-theme, startup: false, activationEvent: 'onStartupFinished'
2022-12-31 17:19:59.123 [info] ExtensionService#_doActivateExtension vscode.github-authentication, startup: false, activationEvent: 'onAuthenticationRequest:github'
2022-12-31 17:19:59.577 [error] Error: ENOENT: no such file or directory, open '/home/luc/.config/Code/User/globalStorage/vscodevim.vim/.registers'
2022-12-31 17:20:23.369 [info] Extension host terminating: received terminate message from renderer
2022-12-31 17:20:23.397 [error] Error: ENOENT: no such file or directory, open '/home/luc/.config/Code/User/globalStorage/vscodevim.vim/.registers'
2022-12-31 17:20:23.398 [info] Extension host with pid 26111 exiting with code 0
2022-12-31 17:20:25.499 [info] Extension host with pid 26484 started
2022-12-31 17:20:25.499 [info] Skipping acquiring lock for /home/luc/.config/Code/User/workspaceStorage/5cdb37790b95a99d7f643da2b9f64ec2.
2022-12-31 17:20:25.563 [info] ExtensionService#_doActivateExtension vscode.microsoft-authentication, startup: false, activationEvent: 'onAuthenticationRequest:microsoft'
2022-12-31 17:20:25.564 [info] ExtensionService#_doActivateExtension vscode.git-base, startup: true, activationEvent: '*'
2022-12-31 17:20:25.565 [info] ExtensionService#_doActivateExtension vscodevim.vim, startup: true, activationEvent: '*'
2022-12-31 17:20:25.696 [info] ExtensionService#_doActivateExtension vscode.github, startup: true, activationEvent: '*'
2022-12-31 17:20:25.704 [info] Eager extensions activated
2022-12-31 17:20:25.707 [info] ExtensionService#_doActivateExtension vscode.debug-auto-launch, startup: false, activationEvent: 'onStartupFinished'
2022-12-31 17:20:25.707 [info] ExtensionService#_doActivateExtension vscode.emmet, startup: false, activationEvent: 'onStartupFinished'
2022-12-31 17:20:25.708 [info] ExtensionService#_doActivateExtension vscode.merge-conflict, startup: false, activationEvent: 'onStartupFinished'
2022-12-31 17:20:25.708 [info] ExtensionService#_doActivateExtension PKief.material-icon-theme, startup: false, activationEvent: 'onStartupFinished'
2022-12-31 17:20:25.734 [info] ExtensionService#_doActivateExtension vscode.github-authentication, startup: false, activationEvent: 'onAuthenticationRequest:github'
2022-12-31 17:20:26.143 [info] ExtensionService#_doActivateExtension vscode.git, startup: false, activationEvent: 'api', root cause: vscode.github
2022-12-31 17:20:26.682 [error] Error: ENOENT: no such file or directory, open '/home/luc/.config/Code/User/globalStorage/vscodevim.vim/.registers'
2022-12-31 17:20:30.789 [info] ExtensionService#_doActivateExtension ms-python.python, startup: false, activationEvent: 'onLanguage:python', root cause: ms-python.isort
2022-12-31 17:20:30.790 [info] ExtensionService#_doActivateExtension ms-toolsai.jupyter, startup: false, activationEvent: 'onLanguage:python'
2022-12-31 17:20:32.715 [info] ExtensionService#_doActivateExtension ms-toolsai.jupyter-renderers, startup: false, activationEvent: 'api', root cause: ms-toolsai.jupyter
2022-12-31 17:20:32.828 [info] ExtensionService#_doActivateExtension ms-python.isort, startup: false, activationEvent: 'onLanguage:python'
2022-12-31 17:20:32.829 [info] ExtensionService#_doActivateExtension ms-python.vscode-pylance, startup: false, activationEvent: 'onLanguage:python'
2022-12-31 17:20:34.751 [error] Error: Module 'pip' not installed.
    at l.execModule (/home/luc/.vscode/extensions/ms-toolsai.jupyter-2022.11.1003412109/out/extension.node.js:7:82791)
    at r.getPackageInformation (/home/luc/.vscode/extensions/ms-toolsai.jupyter-2022.11.1003412109/out/extension.node.js:17:42188)
2022-12-31 17:20:37.893 [info] ExtensionService#_doActivateExtension vscode.configuration-editing, startup: false, activationEvent: 'onLanguage:jsonc'
2022-12-31 17:20:37.893 [info] ExtensionService#_doActivateExtension vscode.json-language-features, startup: false, activationEvent: 'onLanguage:jsonc'
2022-12-31 17:20:37.893 [info] ExtensionService#_doActivateExtension vscode.typescript-language-features, startup: false, activationEvent: 'onLanguage:jsonc'
2022-12-31 17:22:00.359 [info] Extension host terminating: received terminate message from renderer
2022-12-31 17:22:00.419 [error] Error: ENOENT: no such file or directory, open '/home/luc/.config/Code/User/globalStorage/vscodevim.vim/.registers'
2022-12-31 17:22:00.422 [info] Extension host with pid 26484 exiting with code 0
