Visual Studio Code (1.74.2, undefined, desktop)
Jupyter Extension Version: 2022.11.1003412109.
Python Extension Version: 2022.21.13491005.
Workspace folder /home/luc/.config/polybar/scripts
info 17:30:00.255: ZMQ install verified.
El usuario pertenece al grupo de experimentos 'jupyterTestcf'
El usuario pertenece al grupo de experimentos 'jupyterEnhancedDataViewer'
info 17:30:00.946: LSP Notebooks experiment is enabled
info 17:30:01.586: Got empty env vars with python /bin/python in 224ms
info 17:30:01.602: Process Execution: > /bin/python -m pip list
> /bin/python -m pip list
info 17:30:01.675: Process Execution: > /bin/python -c "import pip"
> /bin/python -c "import pip"
error 17:30:01.718: interpreterPackages getPackageInformation, Class name = r, completed in 356ms, has a falsy return value, Arg 1: {"interpreter":{"id":"/bin/python","sysPrefix":"/usr","displayPath":{"$mid":1,"path":"/bin/python","scheme":"file"},"envName":"","uri":{"$mid":1,"fsPath":"/bin/python","external":"file:///bin/python","path":"/bin/python","scheme":"file"},"displayName":"","envType":"Unknown","version":{"major":3,"minor":10,"patch":9,"raw":"3.10.9 (main, Dec 19 2022, 17:35:49) [GCC 12.2.0]"}}} i [Error]: Module 'pip' not installed.
    at l.execModule (/home/luc/.vscode/extensions/ms-toolsai.jupyter-2022.11.1003412109/out/extension.node.js:7:82791)
    at r.getPackageInformation (/home/luc/.vscode/extensions/ms-toolsai.jupyter-2022.11.1003412109/out/extension.node.js:17:42188) {
  category: 'notinstalled',
  moduleName: 'pip'
}
info 17:30:30.465: Shutting down notebooks for 78b775fa-9316-4f24-9edd-744e350da049
info 17:30:30.465: Disposing HostJupyterExecution 90ebd516-4284-4069-bf0e-1da782c7a75e
info 17:30:30.465: Disposing super HostJupyterExecution 90ebd516-4284-4069-bf0e-1da782c7a75e
info 17:30:30.466: Disposing HostJupyterExecution 90ebd516-4284-4069-bf0e-1da782c7a75e
info 17:30:30.466: Finished disposing HostJupyterExecution  90ebd516-4284-4069-bf0e-1da782c7a75e
info 17:30:30.491: Cleaning up server cache 90ebd516-4284-4069-bf0e-1da782c7a75e
info 17:30:30.493: Finished disposing HostJupyterExecution  90ebd516-4284-4069-bf0e-1da782c7a75e
