2022-12-08 19:11:46.235 [info] Log level: Info
2022-12-08 19:11:46.235 [info] Validating found git in: "git"
2022-12-08 19:11:46.235 [info] Using git "2.38.1" from "git"
2022-12-08 19:12:50.658 [info] > git rev-parse --show-toplevel [28ms]
2022-12-08 19:12:50.658 [info] fatal: not a git repository (or any parent up to mount point /)
Stopping at filesystem boundary (GIT_DISCOVERY_ACROSS_FILESYSTEM not set).
2022-12-08 19:26:36.062 [info] > git rev-parse --show-toplevel [2ms]
2022-12-08 19:26:36.062 [info] fatal: not a git repository (or any parent up to mount point /)
Stopping at filesystem boundary (GIT_DISCOVERY_ACROSS_FILESYSTEM not set).
2022-12-08 19:26:37.393 [info] > git rev-parse --show-toplevel [2ms]
2022-12-08 19:26:37.394 [info] fatal: not a git repository (or any parent up to mount point /)
Stopping at filesystem boundary (GIT_DISCOVERY_ACROSS_FILESYSTEM not set).
2022-12-08 19:26:37.407 [info] > git rev-parse --show-toplevel [3ms]
2022-12-08 19:26:37.407 [info] fatal: not a git repository (or any parent up to mount point /)
Stopping at filesystem boundary (GIT_DISCOVERY_ACROSS_FILESYSTEM not set).
2022-12-08 19:27:01.602 [info] > git rev-parse --show-toplevel [1ms]
2022-12-08 19:27:01.603 [info] fatal: not a git repository (or any parent up to mount point /)
Stopping at filesystem boundary (GIT_DISCOVERY_ACROSS_FILESYSTEM not set).
2022-12-08 19:29:36.276 [info] > git rev-parse --show-toplevel [2ms]
2022-12-08 19:29:36.276 [info] fatal: not a git repository (or any parent up to mount point /)
Stopping at filesystem boundary (GIT_DISCOVERY_ACROSS_FILESYSTEM not set).
2022-12-08 19:29:37.188 [info] > git rev-parse --show-toplevel [4ms]
2022-12-08 19:29:37.188 [info] fatal: not a git repository (or any parent up to mount point /)
Stopping at filesystem boundary (GIT_DISCOVERY_ACROSS_FILESYSTEM not set).
