2022-12-08 17:05:00.929 [info] Extension host with pid 105529 started
2022-12-08 17:05:01.101 [info] ExtensionService#_doActivateExtension vscode.microsoft-authentication, startup: false, activationEvent: 'onAuthenticationRequest:microsoft'
2022-12-08 17:05:01.102 [info] ExtensionService#_doActivateExtension vscode.git-base, startup: true, activationEvent: '*'
2022-12-08 17:05:01.207 [info] ExtensionService#_doActivateExtension vscode.github, startup: true, activationEvent: '*'
2022-12-08 17:05:01.250 [info] Eager extensions activated
2022-12-08 17:05:01.264 [info] ExtensionService#_doActivateExtension vscode.debug-auto-launch, startup: false, activationEvent: 'onStartupFinished'
2022-12-08 17:05:01.265 [info] ExtensionService#_doActivateExtension vscode.emmet, startup: false, activationEvent: 'onStartupFinished'
2022-12-08 17:05:01.265 [info] ExtensionService#_doActivateExtension vscode.merge-conflict, startup: false, activationEvent: 'onStartupFinished'
2022-12-08 17:05:01.363 [info] ExtensionService#_doActivateExtension vscode.github-authentication, startup: false, activationEvent: 'onAuthenticationRequest:github'
2022-12-08 17:05:24.418 [info] ExtensionService#_doActivateExtension vscode.configuration-editing, startup: false, activationEvent: 'onLanguage:jsonc'
2022-12-08 17:05:24.419 [info] ExtensionService#_doActivateExtension vscode.json-language-features, startup: false, activationEvent: 'onLanguage:jsonc'
2022-12-08 17:05:24.419 [info] ExtensionService#_doActivateExtension vscode.typescript-language-features, startup: false, activationEvent: 'onLanguage:jsonc'
2022-12-08 17:20:51.998 [info] ExtensionService#_doActivateExtension PKief.material-icon-theme, startup: false, activationEvent: 'onStartupFinished'
2022-12-08 19:11:45.764 [info] ExtensionService#_doActivateExtension vscode.git, startup: false, activationEvent: 'api', root cause: vscode.github
2022-12-08 19:11:47.074 [info] ExtensionService#_doActivateExtension 2gua.rainbow-brackets, startup: false, activationEvent: '*'
2022-12-08 19:26:53.697 [info] ExtensionService#_doActivateExtension vscodevim.vim, startup: false, activationEvent: '*'
2022-12-08 19:26:54.831 [error] Error: ENOENT: no such file or directory, open '/home/luc/.config/Code/User/globalStorage/vscodevim.vim/.registers'
2022-12-08 19:38:47.615 [info] Extension host terminating: received terminate message from renderer
2022-12-08 19:38:47.945 [error] TypeError: r.some is not a function
    at Function.saveToDisk (/home/luc/.vscode/extensions/vscodevim.vim-1.24.3/src/register/register.ts:326:30)
    at Object.e.deactivate (/home/luc/.vscode/extensions/vscodevim.vim-1.24.3/extension.ts:65:18)
    at d.X (/opt/visual-studio-code/resources/app/out/vs/workbench/api/node/extensionHostProcess.js:106:11333)
    at /opt/visual-studio-code/resources/app/out/vs/workbench/api/node/extensionHostProcess.js:106:9301
    at Array.map (<anonymous>)
    at d.Q (/opt/visual-studio-code/resources/app/out/vs/workbench/api/node/extensionHostProcess.js:106:9288)
    at d.terminate (/opt/visual-studio-code/resources/app/out/vs/workbench/api/node/extensionHostProcess.js:106:9563)
    at f.terminate (/opt/visual-studio-code/resources/app/out/vs/workbench/api/node/extensionHostProcess.js:110:1397)
    at b (/opt/visual-studio-code/resources/app/out/vs/workbench/api/node/extensionHostProcess.js:120:17815)
    at /opt/visual-studio-code/resources/app/out/vs/workbench/api/node/extensionHostProcess.js:120:15750
    at d.invoke (/opt/visual-studio-code/resources/app/out/vs/workbench/api/node/extensionHostProcess.js:63:145)
    at w.deliver (/opt/visual-studio-code/resources/app/out/vs/workbench/api/node/extensionHostProcess.js:63:2029)
    at g.fire (/opt/visual-studio-code/resources/app/out/vs/workbench/api/node/extensionHostProcess.js:63:1667)
    at h.fire (/opt/visual-studio-code/resources/app/out/vs/workbench/api/node/extensionHostProcess.js:72:14314)
    at c.y (/opt/visual-studio-code/resources/app/out/vs/workbench/api/node/extensionHostProcess.js:72:17324)
    at /opt/visual-studio-code/resources/app/out/vs/workbench/api/node/extensionHostProcess.js:72:15795
    at d.invoke (/opt/visual-studio-code/resources/app/out/vs/workbench/api/node/extensionHostProcess.js:63:145)
    at w.deliver (/opt/visual-studio-code/resources/app/out/vs/workbench/api/node/extensionHostProcess.js:63:2029)
    at g.fire (/opt/visual-studio-code/resources/app/out/vs/workbench/api/node/extensionHostProcess.js:63:1667)
    at g.acceptChunk (/opt/visual-studio-code/resources/app/out/vs/workbench/api/node/extensionHostProcess.js:72:12045)
    at /opt/visual-studio-code/resources/app/out/vs/workbench/api/node/extensionHostProcess.js:72:11332
    at Socket.l (/opt/visual-studio-code/resources/app/out/vs/workbench/api/node/extensionHostProcess.js:72:19792)
    at Socket.emit (node:events:526:28)
    at addChunk (node:internal/streams/readable:315:12)
    at readableAddChunk (node:internal/streams/readable:289:9)
    at Socket.Readable.push (node:internal/streams/readable:228:10)
    at Pipe.onStreamRead (node:internal/stream_base_commons:190:23)
2022-12-08 19:38:47.955 [info] Extension host with pid 105529 exiting with code 0
