2023-01-03 09:12:17.151 [info] Log level: Info
2023-01-03 09:12:17.151 [info] Validating found git in: "git"
2023-01-03 09:12:17.151 [info] Using git "" from "git"
2023-01-03 09:12:17.670 [info] > git rev-parse --show-toplevel [1003ms]
2023-01-03 09:12:17.670 [info] fatal: not a git repository (or any of the parent directories): .git
2023-01-03 09:12:17.774 [info] > git rev-parse --show-toplevel [96ms]
2023-01-03 09:12:17.774 [info] fatal: not a git repository (or any of the parent directories): .git
2023-01-03 09:12:17.817 [info] > git rev-parse --show-toplevel [32ms]
2023-01-03 09:12:17.817 [info] fatal: not a git repository (or any of the parent directories): .git
2023-01-03 09:12:17.827 [info] > git rev-parse --show-toplevel [2ms]
2023-01-03 09:12:17.827 [info] fatal: not a git repository (or any of the parent directories): .git
2023-01-03 09:12:21.081 [info] > git rev-parse --show-toplevel [5ms]
2023-01-03 09:12:21.081 [info] fatal: not a git repository (or any of the parent directories): .git
2023-01-03 09:12:22.303 [info] > git rev-parse --show-toplevel [5ms]
2023-01-03 09:12:22.303 [info] fatal: not a git repository (or any of the parent directories): .git
2023-01-03 09:12:23.286 [info] > git rev-parse --show-toplevel [6ms]
2023-01-03 09:12:23.287 [info] fatal: not a git repository (or any of the parent directories): .git
2023-01-03 09:15:22.476 [info] > git rev-parse --show-toplevel [12ms]
2023-01-03 09:15:22.477 [info] fatal: not a git repository (or any of the parent directories): .git
2023-01-03 09:15:43.896 [info] Log level: Info
2023-01-03 09:15:43.896 [info] Validating found git in: "git"
2023-01-03 09:15:43.896 [info] Using git "2.39.0" from "git"
2023-01-03 09:15:43.896 [info] > git rev-parse --show-toplevel [16ms]
2023-01-03 09:15:43.896 [info] fatal: not a git repository (or any of the parent directories): .git
2023-01-03 09:15:43.897 [info] > git rev-parse --show-toplevel [9ms]
2023-01-03 09:15:43.897 [info] fatal: not a git repository (or any of the parent directories): .git
2023-01-03 09:16:06.019 [info] > git rev-parse --show-toplevel [5ms]
2023-01-03 09:16:06.019 [info] fatal: not a git repository (or any of the parent directories): .git
2023-01-03 09:17:50.141 [info] > git rev-parse --show-toplevel [2ms]
2023-01-03 09:17:50.141 [info] fatal: not a git repository (or any of the parent directories): .git
2023-01-03 09:17:52.696 [info] > git rev-parse --show-toplevel [7ms]
2023-01-03 09:17:52.696 [info] fatal: not a git repository (or any of the parent directories): .git
2023-01-03 09:19:32.499 [info] > git rev-parse --show-toplevel [4ms]
2023-01-03 09:19:32.499 [info] fatal: not a git repository (or any of the parent directories): .git
2023-01-03 09:20:12.252 [info] > git rev-parse --show-toplevel [2ms]
2023-01-03 09:20:12.252 [info] fatal: not a git repository (or any of the parent directories): .git
2023-01-03 09:21:40.146 [info] > git rev-parse --show-toplevel [2ms]
2023-01-03 09:21:40.146 [info] fatal: not a git repository (or any of the parent directories): .git
2023-01-03 09:21:56.861 [info] > git rev-parse --show-toplevel [2ms]
2023-01-03 09:21:56.861 [info] fatal: not a git repository (or any of the parent directories): .git
2023-01-03 09:21:58.595 [info] > git rev-parse --show-toplevel [13ms]
2023-01-03 09:21:58.595 [info] fatal: not a git repository (or any of the parent directories): .git
2023-01-03 09:26:28.477 [info] > git rev-parse --show-toplevel [3ms]
2023-01-03 09:26:28.477 [info] fatal: not a git repository (or any of the parent directories): .git
2023-01-03 09:27:11.742 [info] > git rev-parse --show-toplevel [4ms]
2023-01-03 09:27:11.742 [info] fatal: not a git repository (or any of the parent directories): .git
2023-01-03 09:27:25.485 [info] > git rev-parse --show-toplevel [9ms]
2023-01-03 09:27:25.486 [info] fatal: not a git repository (or any of the parent directories): .git
2023-01-03 09:27:29.899 [info] > git rev-parse --show-toplevel [3ms]
2023-01-03 09:27:29.899 [info] fatal: not a git repository (or any of the parent directories): .git
2023-01-03 09:27:49.654 [info] > git rev-parse --show-toplevel [6ms]
2023-01-03 09:27:49.654 [info] fatal: not a git repository (or any of the parent directories): .git
2023-01-03 09:32:27.609 [info] > git rev-parse --show-toplevel [4ms]
2023-01-03 09:32:27.609 [info] fatal: not a git repository (or any of the parent directories): .git
2023-01-03 09:32:38.860 [info] > git rev-parse --show-toplevel [8ms]
2023-01-03 09:32:38.860 [info] fatal: not a git repository (or any of the parent directories): .git
2023-01-03 09:32:39.620 [info] > git rev-parse --show-toplevel [2ms]
2023-01-03 09:32:39.620 [info] fatal: not a git repository (or any of the parent directories): .git
2023-01-03 09:33:38.696 [info] > git rev-parse --show-toplevel [3ms]
2023-01-03 09:33:38.696 [info] fatal: not a git repository (or any of the parent directories): .git
2023-01-03 09:35:14.828 [info] > git rev-parse --show-toplevel [3ms]
2023-01-03 09:35:14.828 [info] fatal: not a git repository (or any of the parent directories): .git
