[Server(38854) Eduford/] onInitialize
[Server(38855) Eduford/] onInitialize
[Server(38854) Eduford/] setupInitialStylemap
[Server(38854) Eduford/] Document opened: index.html
[Server(38854) Eduford/] Document changed: index.html
[Server(38855) Eduford/] setupInitialStylemap
[Server(38855) Eduford/] Document opened: index.html
[Server(38855) Eduford/] Document changed: index.html
[Server(38854) Eduford/] Document changed: index.html
[Server(38855) Eduford/] Document changed: index.html
[Server(38854) Eduford/] Document changed: index.html
[Server(38855) Eduford/] Document changed: index.html
[Server(38854) Eduford/] Document changed: index.html
[Server(38855) Eduford/] Document changed: index.html
[Server(38854) Eduford/] Document changed: index.html
[Server(38855) Eduford/] Document changed: index.html
[Server(38854) Eduford/] Document changed: index.html
[Server(38855) Eduford/] Document changed: index.html
[Server(38854) Eduford/] Document changed: index.html
[Server(38855) Eduford/] Document changed: index.html
[Server(38854) Eduford/] Document changed: index.html
[Server(38855) Eduford/] Document changed: index.html
[Server(38854) Eduford/] Document changed: index.html
[Server(38855) Eduford/] Document changed: index.html
[Server(38854) Eduford/] Document changed: index.html
[Server(38855) Eduford/] Document changed: index.html
[Server(38854) Eduford/] Document changed: index.html
[Server(38855) Eduford/] Document changed: index.html
[Server(38854) Eduford/] Document changed: index.html
[Server(38855) Eduford/] Document changed: index.html
[Server(38854) Eduford/] Document changed: index.html
[Server(38855) Eduford/] Document changed: index.html
[Server(38854) Eduford/] Document changed: index.html
[Server(38855) Eduford/] Document changed: index.html
[Server(38854) Eduford/] Document changed: index.html
[Server(38855) Eduford/] Document changed: index.html
[Server(38854) Eduford/] Document changed: index.html
[Server(38855) Eduford/] Document changed: index.html
[Server(38854) Eduford/] Document changed: index.html
[Server(38855) Eduford/] Document changed: index.html
[Server(38854) Eduford/] Document changed: index.html
[Server(38855) Eduford/] Document changed: index.html
[Server(38854) Eduford/] Document changed: index.html
[Server(38855) Eduford/] Document changed: index.html
[Server(38854) Eduford/] Document changed: index.html
[Server(38855) Eduford/] Document changed: index.html
[Server(38854) Eduford/] Document changed: index.html
[Server(38855) Eduford/] Document changed: index.html
[Server(38854) Eduford/] Document changed: index.html
[Server(38855) Eduford/] Document changed: index.html
[Server(38854) Eduford/] Document changed: index.html
[Server(38855) Eduford/] Document changed: index.html
[Server(38854) Eduford/] Document changed: index.html
[Server(38855) Eduford/] Document changed: index.html
[Server(38854) Eduford/] Document changed: index.html
[Server(38855) Eduford/] Document changed: index.html
[Server(38854) Eduford/] Document changed: index.html
[Server(38855) Eduford/] Document changed: index.html
[Server(38854) Eduford/] Document changed: index.html
[Server(38855) Eduford/] Document changed: index.html
[Server(38854) Eduford/] Document changed: index.html
[Server(38855) Eduford/] Document changed: index.html
[Server(38854) Eduford/] Document changed: index.html
[Server(38855) Eduford/] Document changed: index.html
[Server(38854) Eduford/] Document changed: index.html
[Server(38855) Eduford/] Document changed: index.html
[Server(38854) Eduford/] Document changed: index.html
[Server(38855) Eduford/] Document changed: index.html
[Server(38854) Eduford/] Document changed: index.html
[Server(38855) Eduford/] Document changed: index.html
[Server(38854) Eduford/] Document changed: index.html
[Server(38855) Eduford/] Document changed: index.html
[Server(38854) Eduford/] Document changed: index.html
[Server(38855) Eduford/] Document changed: index.html
[Server(38854) Eduford/] Document changed: index.html
[Server(38855) Eduford/] Document changed: index.html
[Server(38854) Eduford/] Document changed: index.html
[Server(38855) Eduford/] Document changed: index.html
[Server(38854) Eduford/] Document changed: index.html
[Server(38855) Eduford/] Document changed: index.html
[Server(38854) Eduford/] Document changed: index.html
[Server(38855) Eduford/] Document changed: index.html
[Server(38854) Eduford/] Document changed: index.html
[Server(38855) Eduford/] Document changed: index.html
[Server(38854) Eduford/] Document changed: index.html
[Server(38855) Eduford/] Document changed: index.html
[Server(38854) Eduford/] Document changed: index.html
[Server(38855) Eduford/] Document changed: index.html
[Server(38854) Eduford/] Document changed: index.html
[Server(38855) Eduford/] Document changed: index.html
[Server(38854) Eduford/] Document changed: index.html
[Server(38855) Eduford/] Document changed: index.html
[Server(38855) Eduford/] Document changed: index.html
[Server(38854) Eduford/] Document changed: index.html
[Server(38854) Eduford/] Document changed: index.html
[Server(38855) Eduford/] Document changed: index.html
i 7955
i 7955
  html 17 21
  head 35 39
  meta 46 50
  meta 73 77
  meta 131 135
  title 206 211
  title 255 260
  link 267 271
  link 313 317
  link 377 381
  link 450 454
  link 556 560
  html 17 21
  head 801 805
  head 35 39
  body 809 813
  meta 46 50
  section 820 827
  meta 73 77
  nav 853 856
  meta 131 135
  a 871 872
  title 206 211
  img 892 895
  title 255 260
  a 925 926
  link 267 271
  div 941 944
  link 313 317
  i 995 996
  link 377 381
  i 1040 1041
  link 450 454
  ul 1060 1062
  link 556 560
  li 1085 1087
  head 801 805
  a 1089 1090
  body 809 813
  a 1105 1106
  section 820 827
  li 1109 1111
  nav 853 856
  li 1134 1136
  a 871 872
  a 1138 1139
  img 892 895
  a 1155 1156
  a 925 926
  li 1159 1161
  div 941 944
  li 1184 1186
  i 995 996
  a 1188 1189
  i 1040 1041
  a 1206 1207
  ul 1060 1062
  li 1210 1212
  li 1085 1087
  li 1235 1237
  a 1089 1090
  a 1239 1240
  a 1105 1106
  a 1255 1256
  li 1109 1111
  li 1259 1261
  li 1134 1136
  li 1284 1286
  a 1138 1139
  a 1288 1289
  a 1155 1156
  a 1307 1308
  li 1159 1161
  li 1311 1313
  li 1184 1186
  ul 1333 1335
  a 1188 1189
  div 1351 1354
  a 1206 1207
  i 1369 1370
  li 1210 1212
  i 1413 1414
  li 1235 1237
  nav 1426 1429
  a 1239 1240
  div 1440 1443
  a 1255 1256
  h1 1475 1477
  li 1259 1261
  h1 1506 1508
  li 1284 1286
  p 1523 1524
  a 1288 1289
  br 1620 1622
  a 1307 1308
  p 1675 1676
  li 1311 1313
  a 1691 1692
  ul 1333 1335
  a 1741 1742
  div 1351 1354
  div 1754 1757
  i 1369 1370
  section 1765 1772
  i 1413 1414
  section 1800 1807
  nav 1426 1429
  h1 1833 1835
  div 1440 1443
  h1 1854 1856
  h1 1475 1477
  p 1867 1868
  h1 1506 1508
  p 1968 1969
  p 1523 1524
  div 1980 1983
  br 1620 1622
  div 2010 2013
  p 1675 1676
  h3 2051 2053
  a 1691 1692
  h3 2068 2070
  a 1741 1742
  p 2089 2090
  div 1754 1757
  p 2359 2360
  section 1765 1772
  div 2376 2379
  section 1800 1807
  div 2394 2397
  h1 1833 1835
  h3 2435 2437
  h1 1854 1856
  h3 2446 2448
  p 1867 1868
  p 2467 2468
  p 1968 1969
  p 2737 2738
  div 1980 1983
  div 2754 2757
  div 2010 2013
  div 2772 2775
  h3 2051 2053
  h3 2813 2815
  h3 2068 2070
  h3 2833 2835
  p 2089 2090
  p 2854 2855
  p 2359 2360
  p 3124 3125
  div 2376 2379
  div 3141 3144
  div 2394 2397
  div 3156 3159
  h3 2435 2437
  section 3167 3174
  h3 2446 2448
  section 3202 3209
  p 2467 2468
  h1 3235 3237
  p 2737 2738
  h1 3257 3259
  div 2754 2757
  p 3270 3271
  div 2772 2775
  p 3528 3529
  h3 2813 2815
  div 3540 3543
  h3 2833 2835
  div 3570 3573
  p 2854 2855
  img 3611 3614
  p 3124 3125
  div 3669 3672
  div 3141 3144
  h3 3709 3711
  div 3156 3159
  h3 3720 3722
  section 3167 3174
  div 3742 3745
  section 3202 3209
  div 3761 3764
  h1 3235 3237
  div 3779 3782
  h1 3257 3259
  img 3820 3823
  p 3270 3271
  div 3879 3882
  p 3528 3529
  h3 3919 3921
  div 3540 3543
  h3 3932 3934
  div 3570 3573
  div 3954 3957
  img 3611 3614
  div 3973 3976
  div 3669 3672
  div 3991 3994
  h3 3709 3711
  img 4032 4035
  h3 3720 3722
  div 4094 4097
  div 3742 3745
  h3 4134 4136
  div 3761 3764
  h3 4149 4151
  div 3779 3782
  div 4171 4174
  img 3820 3823
  div 4190 4193
  div 3879 3882
  div 4205 4208
  h3 3919 3921
  section 4216 4223
  h3 3932 3934
  section 4257 4264
  div 3954 3957
  h1 4294 4296
  div 3973 3976
  h1 4313 4315
  div 3991 3994
  p 4326 4327
  img 4032 4035
  p 4475 4476
  div 4094 4097
  div 4487 4490
  h3 4134 4136
  div 4517 4520
  h3 4149 4151
  img 4562 4565
  div 4171 4174
  h3 4614 4616
  div 4190 4193
  h3 4630 4632
  div 4205 4208
  p 4651 4652
  section 4216 4223
  p 4808 4809
  section 4257 4264
  div 4825 4828
  h1 4294 4296
  div 4843 4846
  h1 4313 4315
  img 4888 4891
  p 4326 4327
  h3 4943 4945
  p 4475 4476
  h3 4967 4969
  div 4487 4490
  p 4988 4989
  div 4517 4520
  p 5145 5146
  img 4562 4565
  div 5162 5165
  h3 4614 4616
  div 5180 5183
  h3 4630 4632
  img 5225 5228
  p 4651 4652
  h3 5279 5281
  p 4808 4809
  h3 5306 5308
  div 4825 4828
  p 5327 5328
  div 4843 4846
  p 5484 5485
  img 4888 4891
  div 5501 5504
  h3 4943 4945
  div 5516 5519
  h3 4967 4969
  section 5527 5534
  p 4988 4989
  section 5570 5577
  p 5145 5146
  h1 5609 5611
  div 5162 5165
  h1 5635 5637
  div 5180 5183
  p 5648 5649
  img 5225 5228
  p 5817 5818
  h3 5279 5281
  div 5829 5832
  h3 5306 5308
  div 5859 5862
  p 5327 5328
  img 5906 5909
  p 5484 5485
  div 5956 5959
  div 5501 5504
  p 5982 5983
  div 5516 5519
  p 6270 6271
  section 5527 5534
  h3 6294 6296
  section 5570 5577
  h3 6316 6318
  h1 5609 5611
  i 6341 6342
  h1 5635 5637
  i 6364 6365
  p 5648 5649
  i 6388 6389
  p 5817 5818
  i 6411 6412
  div 5829 5832
  i 6435 6436
  div 5859 5862
  i 6458 6459
  img 5906 5909
  i 6482 6483
  div 5956 5959
  i 6505 6506
  p 5982 5983
  i 6529 6530
  p 6270 6271
  i 6554 6555
  h3 6294 6296
  div 6575 6578
  h3 6316 6318
  div 6594 6597
  i 6341 6342
  div 6612 6615
  i 6364 6365
  img 6659 6662
  i 6388 6389
  div 6709 6712
  i 6411 6412
  p 6735 6736
  i 6435 6436
  p 7023 7024
  i 6458 6459
  h3 7047 7049
  i 6482 6483
  h3 7062 7064
  i 6505 6506
  i 7087 7088
  i 6529 6530
  i 7110 7111
  i 6554 6555
  i 7134 7135
  div 6575 6578
  i 7157 7158
  div 6594 6597
  i 7181 7182
  div 6612 6615
  i 7204 7205
  img 6659 6662
  i 7228 7229
  div 6709 6712
  i 7251 7252
  p 6735 6736
  i 7275 7276
  p 7023 7024
  i 7298 7299
  h3 7047 7049
  div 7319 7322
  h3 7062 7064
  div 7338 7341
  i 7087 7088
  div 7353 7356
  i 7110 7111
  section 7364 7371
  i 7134 7135
  section 7411 7418
  i 7157 7158
  h1 7441 7443
  i 7181 7182
  br 7483 7485
  i 7204 7205
  h1 7511 7513
  i 7228 7229
  a 7524 7525
  i 7251 7252
  a 7563 7564
  i 7275 7276
  section 7572 7579
  i 7298 7299
  section 7608 7615
  div 7319 7322
  h4 7641 7643
  div 7338 7341
  h4 7654 7656
  div 7353 7356
  p 7667 7668
  section 7364 7371
  br 7757 7759
  section 7411 7418
  p 7911 7912
  h1 7441 7443
  div 7923 7926
  br 7483 7485
  i 7955 7956
  h1 7511 7513
i is a "html tag"
  a 7524 7525
styles.css has 53 symbols
  a 7563 7564
  0:0    [5] *
  section 7572 7579
  6:0    [5] .header
  section 7608 7615
  16:0    [5] nav
  h4 7641 7643
  23:0    [5] nav img
  h4 7654 7656
  29:0    [5] .nav-links ul li
  p 7667 7668
  36:0    [5] .nav-links ul li a
  br 7757 7759
  42:0    [5] .nav-links ul li::after
  p 7911 7912
  52:0    [5] .nav-links ul li:hover::after
  div 7923 7926
  56:0    [5] .text-box
  i 7955 7956
  66:0    [5] .text-box h1
i is a "html tag"
  70:0    [5] .text-box p
styles.css has 53 symbols
  76:0    [5] .hero-btn
  0:0    [5] *
  88:0    [5] .hero-btn:hover
  6:0    [5] .header
  94:0    [5] nav .fa
  16:0    [5] nav
  98:0    [2] @media (max-width: 800px)
  23:0    [5] nav img
  99:4    [5] .text-box h1
  29:0    [5] .nav-links ul li
  103:4    [5] .nav-links ul li
  36:0    [5] .nav-links ul li a
  107:4    [5] .nav-links
  42:0    [5] .nav-links ul li::after
  119:4    [5] nav .fa
  52:0    [5] .nav-links ul li:hover::after
  127:4    [5] .nav-links ul
  56:0    [5] .text-box
  134:0    [5] .course
  66:0    [5] .text-box h1
  140:0    [5] h1
  70:0    [5] .text-box p
  144:0    [5] p
  76:0    [5] .hero-btn
  151:0    [5] .row
  88:0    [5] .hero-btn:hover
  156:0    [5] .course-col
  94:0    [5] nav .fa
  165:0    [5] h3
  98:0    [2] @media (max-width: 800px)
  170:0    [5] .course-col:hover
  99:4    [5] .text-box h1
  173:0    [2] @media (max-width: 800px)
  103:4    [5] .nav-links ul li
  174:4    [5] .row
  107:4    [5] .nav-links
  178:0    [5] .campus
  119:4    [5] nav .fa
  185:0    [5] .campus-col
  127:4    [5] .nav-links ul
  192:0    [5] .campus-col img
  134:0    [5] .course
  196:0    [5] .layer
  140:0    [5] h1
  206:0    [5] .layer:hover
  144:0    [5] p
  209:0    [5] .layer h3
  151:0    [5] .row
  222:0    [5] .layer:hover h3
  156:0    [5] .course-col
  227:0    [5] .facilities
  165:0    [5] h3
  233:0    [5] .facilities-col
  170:0    [5] .course-col:hover
  239:0    [5] .facilities-col img
  173:0    [2] @media (max-width: 800px)
  243:0    [5] .facilities-col p
  174:4    [5] .row
  246:0    [5] .facilities-col h3
  178:0    [5] .campus
  251:0    [5] .testimonials
  185:0    [5] .campus-col
  257:0    [5] .testimonials-col
  192:0    [5] .campus-col img
  268:0    [5] .testimonials-col img
  196:0    [5] .layer
  275:0    [5] .testimonials-col p
  206:0    [5] .layer:hover
  278:0    [5] .testimonials-col h3
  209:0    [5] .layer h3
  282:0    [5] .testimonials-col .fa
  222:0    [5] .layer:hover h3
  285:0    [2] @media (max-width: 800px)
  227:0    [5] .facilities
  286:4    [5] .testimonials-col img
  233:0    [5] .facilities-col
  292:0    [5] .cta
  239:0    [5] .facilities-col img
  302:0    [5] .cta h1
  243:0    [5] .facilities-col p
  307:0    [2] @media (max-width: 800px)
  246:0    [5] .facilities-col h3
  308:4    [5] .cta h1
  251:0    [5] .testimonials
  257:0    [5] .testimonials-col
class= 8000
  268:0    [5] .testimonials-col img
  html 17 21
  275:0    [5] .testimonials-col p
  head 35 39
  278:0    [5] .testimonials-col h3
  meta 46 50
  282:0    [5] .testimonials-col .fa
  meta 73 77
  285:0    [2] @media (max-width: 800px)
  meta 131 135
  286:4    [5] .testimonials-col img
  title 206 211
  292:0    [5] .cta
  title 255 260
  302:0    [5] .cta h1
  link 267 271
  307:0    [2] @media (max-width: 800px)
  link 313 317
  308:4    [5] .cta h1
  link 377 381
  link 450 454
class= 8000
  link 556 560
  html 17 21
  head 801 805
  head 35 39
  body 809 813
  meta 46 50
  section 820 827
  meta 73 77
  nav 853 856
  meta 131 135
  a 871 872
  title 206 211
  img 892 895
  title 255 260
  a 925 926
  link 267 271
  div 941 944
  link 313 317
  i 995 996
  link 377 381
  i 1040 1041
  link 450 454
  ul 1060 1062
  link 556 560
  li 1085 1087
  head 801 805
  a 1089 1090
  body 809 813
  a 1105 1106
  section 820 827
  li 1109 1111
  nav 853 856
  li 1134 1136
  a 871 872
  a 1138 1139
  img 892 895
  a 1155 1156
  a 925 926
  li 1159 1161
  div 941 944
  li 1184 1186
  i 995 996
  a 1188 1189
  i 1040 1041
  a 1206 1207
  ul 1060 1062
  li 1210 1212
  li 1085 1087
  li 1235 1237
  a 1089 1090
  a 1239 1240
  a 1105 1106
  a 1255 1256
  li 1109 1111
  li 1259 1261
  li 1134 1136
  li 1284 1286
  a 1138 1139
  a 1288 1289
  a 1155 1156
  a 1307 1308
  li 1159 1161
  li 1311 1313
  li 1184 1186
  ul 1333 1335
  a 1188 1189
  div 1351 1354
  a 1206 1207
  i 1369 1370
  li 1210 1212
  i 1413 1414
  li 1235 1237
  nav 1426 1429
  a 1239 1240
  div 1440 1443
  a 1255 1256
  h1 1475 1477
  li 1259 1261
  h1 1506 1508
  li 1284 1286
  p 1523 1524
  a 1288 1289
  br 1620 1622
  a 1307 1308
  p 1675 1676
  li 1311 1313
  a 1691 1692
  ul 1333 1335
  a 1741 1742
  div 1351 1354
  div 1754 1757
  i 1369 1370
  section 1765 1772
  i 1413 1414
  section 1800 1807
  nav 1426 1429
  h1 1833 1835
  div 1440 1443
  h1 1854 1856
  h1 1475 1477
  p 1867 1868
  h1 1506 1508
  p 1968 1969
  p 1523 1524
  div 1980 1983
  br 1620 1622
  div 2010 2013
  p 1675 1676
  h3 2051 2053
  a 1691 1692
  h3 2068 2070
  a 1741 1742
  p 2089 2090
  div 1754 1757
  p 2359 2360
  section 1765 1772
  div 2376 2379
  section 1800 1807
  div 2394 2397
  h1 1833 1835
  h3 2435 2437
  h1 1854 1856
  h3 2446 2448
  p 1867 1868
  p 2467 2468
  p 1968 1969
  p 2737 2738
  div 1980 1983
  div 2754 2757
  div 2010 2013
  div 2772 2775
  h3 2051 2053
  h3 2813 2815
  h3 2068 2070
  h3 2833 2835
  p 2089 2090
  p 2854 2855
  p 2359 2360
  p 3124 3125
  div 2376 2379
  div 3141 3144
  div 2394 2397
  div 3156 3159
  h3 2435 2437
  section 3167 3174
  h3 2446 2448
  section 3202 3209
  p 2467 2468
  h1 3235 3237
  p 2737 2738
  h1 3257 3259
  div 2754 2757
  p 3270 3271
  div 2772 2775
  p 3528 3529
  h3 2813 2815
  div 3540 3543
  h3 2833 2835
  div 3570 3573
  p 2854 2855
  img 3611 3614
  p 3124 3125
  div 3669 3672
  div 3141 3144
  h3 3709 3711
  div 3156 3159
  h3 3720 3722
  section 3167 3174
  div 3742 3745
  section 3202 3209
  div 3761 3764
  h1 3235 3237
  div 3779 3782
  h1 3257 3259
  img 3820 3823
  p 3270 3271
  div 3879 3882
  p 3528 3529
  h3 3919 3921
  div 3540 3543
  h3 3932 3934
  div 3570 3573
  div 3954 3957
  img 3611 3614
  div 3973 3976
  div 3669 3672
  div 3991 3994
  h3 3709 3711
  img 4032 4035
  h3 3720 3722
  div 4094 4097
  div 3742 3745
  h3 4134 4136
  div 3761 3764
  h3 4149 4151
  div 3779 3782
  div 4171 4174
  img 3820 3823
  div 4190 4193
  div 3879 3882
  div 4205 4208
  h3 3919 3921
  section 4216 4223
  h3 3932 3934
  section 4257 4264
  div 3954 3957
  h1 4294 4296
  div 3973 3976
  h1 4313 4315
  div 3991 3994
  p 4326 4327
  img 4032 4035
  p 4475 4476
  div 4094 4097
  div 4487 4490
  h3 4134 4136
  div 4517 4520
  h3 4149 4151
  img 4562 4565
  div 4171 4174
  h3 4614 4616
  div 4190 4193
  h3 4630 4632
  div 4205 4208
  p 4651 4652
  section 4216 4223
  p 4808 4809
  section 4257 4264
  div 4825 4828
  h1 4294 4296
  div 4843 4846
  h1 4313 4315
  img 4888 4891
  p 4326 4327
  h3 4943 4945
  p 4475 4476
  h3 4967 4969
  div 4487 4490
  p 4988 4989
  div 4517 4520
  p 5145 5146
  img 4562 4565
  div 5162 5165
  h3 4614 4616
  div 5180 5183
  h3 4630 4632
  img 5225 5228
  p 4651 4652
  h3 5279 5281
  p 4808 4809
  h3 5306 5308
  div 4825 4828
  p 5327 5328
  div 4843 4846
  p 5484 5485
  img 4888 4891
  div 5501 5504
  h3 4943 4945
  div 5516 5519
  h3 4967 4969
  section 5527 5534
  p 4988 4989
  section 5570 5577
  p 5145 5146
  h1 5609 5611
  div 5162 5165
  h1 5635 5637
  div 5180 5183
  p 5648 5649
  img 5225 5228
  p 5817 5818
  h3 5279 5281
  div 5829 5832
  h3 5306 5308
  div 5859 5862
  p 5327 5328
  img 5906 5909
  p 5484 5485
  div 5956 5959
  div 5501 5504
  p 5982 5983
  div 5516 5519
  p 6270 6271
  section 5527 5534
  h3 6294 6296
  section 5570 5577
  h3 6316 6318
  h1 5609 5611
  i 6341 6342
  h1 5635 5637
  i 6364 6365
  p 5648 5649
  i 6388 6389
  p 5817 5818
  i 6411 6412
  div 5829 5832
  i 6435 6436
  div 5859 5862
  i 6458 6459
  img 5906 5909
  i 6482 6483
  div 5956 5959
  i 6505 6506
  p 5982 5983
  i 6529 6530
  p 6270 6271
  i 6554 6555
  h3 6294 6296
  div 6575 6578
  h3 6316 6318
  div 6594 6597
  i 6341 6342
  div 6612 6615
  i 6364 6365
  img 6659 6662
  i 6388 6389
  div 6709 6712
  i 6411 6412
  p 6735 6736
  i 6435 6436
  p 7023 7024
  i 6458 6459
  h3 7047 7049
  i 6482 6483
  h3 7062 7064
  i 6505 6506
  i 7087 7088
  i 6529 6530
  i 7110 7111
  i 6554 6555
  i 7134 7135
  div 6575 6578
  i 7157 7158
  div 6594 6597
  i 7181 7182
  div 6612 6615
  i 7204 7205
  img 6659 6662
  i 7228 7229
  div 6709 6712
  i 7251 7252
  p 6735 6736
  i 7275 7276
  p 7023 7024
  i 7298 7299
  h3 7047 7049
  div 7319 7322
  h3 7062 7064
  div 7338 7341
  i 7087 7088
  div 7353 7356
  i 7110 7111
  section 7364 7371
  i 7134 7135
  section 7411 7418
  i 7157 7158
  h1 7441 7443
  i 7181 7182
  br 7483 7485
  i 7204 7205
  h1 7511 7513
  i 7228 7229
  a 7524 7525
  i 7251 7252
  a 7563 7564
  i 7275 7276
  section 7572 7579
  i 7298 7299
  section 7608 7615
  div 7319 7322
  h4 7641 7643
  div 7338 7341
  h4 7654 7656
  div 7353 7356
  p 7667 7668
  section 7364 7371
  br 7757 7759
  section 7411 7418
  p 7911 7912
  h1 7441 7443
  div 7923 7926
  br 7483 7485
  i 7955 7956
  h1 7511 7513
  i 7982 7983
  a 7524 7525
  i 7998 7999
  a 7563 7564
  i 8021 8022
  section 7572 7579
  i 8037 8038
  section 7608 7615
  i 8060 8061
  h4 7641 7643
  i 8076 8077
  h4 7654 7656
  i 8099 8100
  p 7667 7668
  i 8115 8116
  br 7757 7759
  i 8138 8139
  p 7911 7912
  div 8151 8154
  div 7923 7926
  section 8162 8169
  i 7955 7956
  script 8204 8210
  i 7982 7983
  script 8440 8446
  i 7998 7999
  body 8452 8456
  i 8021 8022
  html 8461 8465
  i 8037 8038
Invalid Selector
  i 8060 8061
  i 8076 8077
fa 8007
  i 8099 8100
  html 17 21
  i 8115 8116
  head 35 39
  i 8138 8139
  meta 46 50
  div 8151 8154
  meta 73 77
  section 8162 8169
  meta 131 135
  script 8204 8210
  title 206 211
  script 8440 8446
  title 255 260
  body 8452 8456
  link 267 271
  html 8461 8465
  link 313 317
Invalid Selector
  link 377 381
  link 450 454
fa 8007
  link 556 560
  html 17 21
  head 801 805
  head 35 39
  body 809 813
  meta 46 50
  section 820 827
  meta 73 77
  nav 853 856
  meta 131 135
  a 871 872
  title 206 211
  img 892 895
  title 255 260
  a 925 926
  link 267 271
  div 941 944
  link 313 317
  i 995 996
  link 377 381
  i 1040 1041
  link 450 454
  ul 1060 1062
  link 556 560
  li 1085 1087
  head 801 805
  a 1089 1090
  body 809 813
  a 1105 1106
  section 820 827
  li 1109 1111
  nav 853 856
  li 1134 1136
  a 871 872
  a 1138 1139
  img 892 895
  a 1155 1156
  a 925 926
  li 1159 1161
  div 941 944
  li 1184 1186
  i 995 996
  a 1188 1189
  i 1040 1041
  a 1206 1207
  ul 1060 1062
  li 1210 1212
  li 1085 1087
  li 1235 1237
  a 1089 1090
  a 1239 1240
  a 1105 1106
  a 1255 1256
  li 1109 1111
  li 1259 1261
  li 1134 1136
  li 1284 1286
  a 1138 1139
  a 1288 1289
  a 1155 1156
  a 1307 1308
  li 1159 1161
  li 1311 1313
  li 1184 1186
  ul 1333 1335
  a 1188 1189
  div 1351 1354
  a 1206 1207
  i 1369 1370
  li 1210 1212
  i 1413 1414
  li 1235 1237
  nav 1426 1429
  a 1239 1240
  div 1440 1443
  a 1255 1256
  h1 1475 1477
  li 1259 1261
  h1 1506 1508
  li 1284 1286
  p 1523 1524
  a 1288 1289
  br 1620 1622
  a 1307 1308
  p 1675 1676
  li 1311 1313
  a 1691 1692
  ul 1333 1335
  a 1741 1742
  div 1351 1354
  div 1754 1757
  i 1369 1370
  section 1765 1772
  i 1413 1414
  section 1800 1807
  nav 1426 1429
  h1 1833 1835
  div 1440 1443
  h1 1854 1856
  h1 1475 1477
  p 1867 1868
  h1 1506 1508
  p 1968 1969
  p 1523 1524
  div 1980 1983
  br 1620 1622
  div 2010 2013
  p 1675 1676
  h3 2051 2053
  a 1691 1692
  h3 2068 2070
  a 1741 1742
  p 2089 2090
  div 1754 1757
  p 2359 2360
  section 1765 1772
  div 2376 2379
  section 1800 1807
  div 2394 2397
  h1 1833 1835
  h3 2435 2437
  h1 1854 1856
  h3 2446 2448
  p 1867 1868
  p 2467 2468
  p 1968 1969
  p 2737 2738
  div 1980 1983
  div 2754 2757
  div 2010 2013
  div 2772 2775
  h3 2051 2053
  h3 2813 2815
  h3 2068 2070
  h3 2833 2835
  p 2089 2090
  p 2854 2855
  p 2359 2360
  p 3124 3125
  div 2376 2379
  div 3141 3144
  div 2394 2397
  div 3156 3159
  h3 2435 2437
  section 3167 3174
  h3 2446 2448
  section 3202 3209
  p 2467 2468
  h1 3235 3237
  p 2737 2738
  h1 3257 3259
  div 2754 2757
  p 3270 3271
  div 2772 2775
  p 3528 3529
  h3 2813 2815
  div 3540 3543
  h3 2833 2835
  div 3570 3573
  p 2854 2855
  img 3611 3614
  p 3124 3125
  div 3669 3672
  div 3141 3144
  h3 3709 3711
  div 3156 3159
  h3 3720 3722
  section 3167 3174
  div 3742 3745
  section 3202 3209
  div 3761 3764
  h1 3235 3237
  div 3779 3782
  h1 3257 3259
  img 3820 3823
  p 3270 3271
  div 3879 3882
  p 3528 3529
  h3 3919 3921
  div 3540 3543
  h3 3932 3934
  div 3570 3573
  div 3954 3957
  img 3611 3614
  div 3973 3976
  div 3669 3672
  div 3991 3994
  h3 3709 3711
  img 4032 4035
  h3 3720 3722
  div 4094 4097
  div 3742 3745
  h3 4134 4136
  div 3761 3764
  h3 4149 4151
  div 3779 3782
  div 4171 4174
  img 3820 3823
  div 4190 4193
  div 3879 3882
  div 4205 4208
  h3 3919 3921
  section 4216 4223
  h3 3932 3934
  section 4257 4264
  div 3954 3957
  h1 4294 4296
  div 3973 3976
  h1 4313 4315
  div 3991 3994
  p 4326 4327
  img 4032 4035
  p 4475 4476
  div 4094 4097
  div 4487 4490
  h3 4134 4136
  div 4517 4520
  h3 4149 4151
  img 4562 4565
  div 4171 4174
  h3 4614 4616
  div 4190 4193
  h3 4630 4632
  div 4205 4208
  p 4651 4652
  section 4216 4223
  p 4808 4809
  section 4257 4264
  div 4825 4828
  h1 4294 4296
  div 4843 4846
  h1 4313 4315
  img 4888 4891
  p 4326 4327
  h3 4943 4945
  p 4475 4476
  h3 4967 4969
  div 4487 4490
  p 4988 4989
  div 4517 4520
  p 5145 5146
  img 4562 4565
  div 5162 5165
  h3 4614 4616
  div 5180 5183
  h3 4630 4632
  img 5225 5228
  p 4651 4652
  h3 5279 5281
  p 4808 4809
  h3 5306 5308
  div 4825 4828
  p 5327 5328
  div 4843 4846
  p 5484 5485
  img 4888 4891
  div 5501 5504
  h3 4943 4945
  div 5516 5519
  h3 4967 4969
  section 5527 5534
  p 4988 4989
  section 5570 5577
  p 5145 5146
  h1 5609 5611
  div 5162 5165
  h1 5635 5637
  div 5180 5183
  p 5648 5649
  img 5225 5228
  p 5817 5818
  h3 5279 5281
  div 5829 5832
  h3 5306 5308
  div 5859 5862
  p 5327 5328
  img 5906 5909
  p 5484 5485
  div 5956 5959
  div 5501 5504
  p 5982 5983
  div 5516 5519
  p 6270 6271
  section 5527 5534
  h3 6294 6296
  section 5570 5577
  h3 6316 6318
  h1 5609 5611
  i 6341 6342
  h1 5635 5637
  i 6364 6365
  p 5648 5649
  i 6388 6389
  p 5817 5818
  i 6411 6412
  div 5829 5832
  i 6435 6436
  div 5859 5862
  i 6458 6459
  img 5906 5909
  i 6482 6483
  div 5956 5959
  i 6505 6506
  p 5982 5983
  i 6529 6530
  p 6270 6271
  i 6554 6555
  h3 6294 6296
  div 6575 6578
  h3 6316 6318
  div 6594 6597
  i 6341 6342
  div 6612 6615
  i 6364 6365
  img 6659 6662
  i 6388 6389
  div 6709 6712
  i 6411 6412
  p 6735 6736
  i 6435 6436
  p 7023 7024
  i 6458 6459
  h3 7047 7049
  i 6482 6483
  h3 7062 7064
  i 6505 6506
  i 7087 7088
  i 6529 6530
  i 7110 7111
  i 6554 6555
  i 7134 7135
  div 6575 6578
  i 7157 7158
  div 6594 6597
  i 7181 7182
  div 6612 6615
  i 7204 7205
  img 6659 6662
  i 7228 7229
  div 6709 6712
  i 7251 7252
  p 6735 6736
  i 7275 7276
  p 7023 7024
  i 7298 7299
  h3 7047 7049
  div 7319 7322
  h3 7062 7064
  div 7338 7341
  i 7087 7088
  div 7353 7356
  i 7110 7111
  section 7364 7371
  i 7134 7135
  section 7411 7418
  i 7157 7158
  h1 7441 7443
  i 7181 7182
  br 7483 7485
  i 7204 7205
  h1 7511 7513
  i 7228 7229
  a 7524 7525
  i 7251 7252
  a 7563 7564
  i 7275 7276
  section 7572 7579
  i 7298 7299
  section 7608 7615
  div 7319 7322
  h4 7641 7643
  div 7338 7341
  h4 7654 7656
  div 7353 7356
  p 7667 7668
  section 7364 7371
  br 7757 7759
  section 7411 7418
  p 7911 7912
  h1 7441 7443
  div 7923 7926
  br 7483 7485
  i 7955 7956
  h1 7511 7513
  i 7982 7983
  a 7524 7525
  i 7998 7999
  a 7563 7564
fa is a "class"
  section 7572 7579
styles.css has 53 symbols
  section 7608 7615
  0:0    [5] *
  h4 7641 7643
  6:0    [5] .header
  h4 7654 7656
  16:0    [5] nav
  p 7667 7668
  23:0    [5] nav img
  br 7757 7759
  29:0    [5] .nav-links ul li
  p 7911 7912
  36:0    [5] .nav-links ul li a
  div 7923 7926
  42:0    [5] .nav-links ul li::after
  i 7955 7956
  52:0    [5] .nav-links ul li:hover::after
  i 7982 7983
  56:0    [5] .text-box
  i 7998 7999
  66:0    [5] .text-box h1
fa is a "class"
  70:0    [5] .text-box p
styles.css has 53 symbols
  76:0    [5] .hero-btn
  0:0    [5] *
  88:0    [5] .hero-btn:hover
  6:0    [5] .header
  94:0    [5] nav .fa
  16:0    [5] nav
  98:0    [2] @media (max-width: 800px)
  23:0    [5] nav img
  99:4    [5] .text-box h1
  29:0    [5] .nav-links ul li
  103:4    [5] .nav-links ul li
  36:0    [5] .nav-links ul li a
  107:4    [5] .nav-links
  42:0    [5] .nav-links ul li::after
  119:4    [5] nav .fa
  52:0    [5] .nav-links ul li:hover::after
  127:4    [5] .nav-links ul
  56:0    [5] .text-box
  134:0    [5] .course
  66:0    [5] .text-box h1
  140:0    [5] h1
  70:0    [5] .text-box p
  144:0    [5] p
  76:0    [5] .hero-btn
  151:0    [5] .row
  88:0    [5] .hero-btn:hover
  156:0    [5] .course-col
  94:0    [5] nav .fa
  165:0    [5] h3
  98:0    [2] @media (max-width: 800px)
  170:0    [5] .course-col:hover
  99:4    [5] .text-box h1
  173:0    [2] @media (max-width: 800px)
  103:4    [5] .nav-links ul li
  174:4    [5] .row
  107:4    [5] .nav-links
  178:0    [5] .campus
  119:4    [5] nav .fa
  185:0    [5] .campus-col
  127:4    [5] .nav-links ul
  192:0    [5] .campus-col img
  134:0    [5] .course
  196:0    [5] .layer
  140:0    [5] h1
  206:0    [5] .layer:hover
  144:0    [5] p
  209:0    [5] .layer h3
  151:0    [5] .row
  222:0    [5] .layer:hover h3
  156:0    [5] .course-col
  227:0    [5] .facilities
  165:0    [5] h3
  233:0    [5] .facilities-col
  170:0    [5] .course-col:hover
  239:0    [5] .facilities-col img
  173:0    [2] @media (max-width: 800px)
  243:0    [5] .facilities-col p
  174:4    [5] .row
  246:0    [5] .facilities-col h3
  178:0    [5] .campus
  251:0    [5] .testimonials
  185:0    [5] .campus-col
  257:0    [5] .testimonials-col
  192:0    [5] .campus-col img
  268:0    [5] .testimonials-col img
  196:0    [5] .layer
  275:0    [5] .testimonials-col p
  206:0    [5] .layer:hover
  278:0    [5] .testimonials-col h3
  209:0    [5] .layer h3
  282:0    [5] .testimonials-col .fa
  222:0    [5] .layer:hover h3
  285:0    [2] @media (max-width: 800px)
  227:0    [5] .facilities
  286:4    [5] .testimonials-col img
  233:0    [5] .facilities-col
  292:0    [5] .cta
  239:0    [5] .facilities-col img
  302:0    [5] .cta h1
  243:0    [5] .facilities-col p
  307:0    [2] @media (max-width: 800px)
  246:0    [5] .facilities-col h3
  308:4    [5] .cta h1
  251:0    [5] .testimonials
  257:0    [5] .testimonials-col
fa-star 8049
  268:0    [5] .testimonials-col img
  html 17 21
  275:0    [5] .testimonials-col p
  head 35 39
  278:0    [5] .testimonials-col h3
  meta 46 50
  282:0    [5] .testimonials-col .fa
  meta 73 77
  285:0    [2] @media (max-width: 800px)
  meta 131 135
  286:4    [5] .testimonials-col img
  title 206 211
  292:0    [5] .cta
  title 255 260
  302:0    [5] .cta h1
  link 267 271
  307:0    [2] @media (max-width: 800px)
  link 313 317
  308:4    [5] .cta h1
  link 377 381
  link 450 454
fa-star 8049
  link 556 560
  html 17 21
  head 801 805
  head 35 39
  body 809 813
  meta 46 50
  section 820 827
  meta 73 77
  nav 853 856
  meta 131 135
  a 871 872
  title 206 211
  img 892 895
  title 255 260
  a 925 926
  link 267 271
  div 941 944
  link 313 317
  i 995 996
  link 377 381
  i 1040 1041
  link 450 454
  ul 1060 1062
  link 556 560
  li 1085 1087
  head 801 805
  a 1089 1090
  body 809 813
  a 1105 1106
  section 820 827
  li 1109 1111
  nav 853 856
  li 1134 1136
  a 871 872
  a 1138 1139
  img 892 895
  a 1155 1156
  a 925 926
  li 1159 1161
  div 941 944
  li 1184 1186
  i 995 996
  a 1188 1189
  i 1040 1041
  a 1206 1207
  ul 1060 1062
  li 1210 1212
  li 1085 1087
  li 1235 1237
  a 1089 1090
  a 1239 1240
  a 1105 1106
  a 1255 1256
  li 1109 1111
  li 1259 1261
  li 1134 1136
  li 1284 1286
  a 1138 1139
  a 1288 1289
  a 1155 1156
  a 1307 1308
  li 1159 1161
  li 1311 1313
  li 1184 1186
  ul 1333 1335
  a 1188 1189
  div 1351 1354
  a 1206 1207
  i 1369 1370
  li 1210 1212
  i 1413 1414
  li 1235 1237
  nav 1426 1429
  a 1239 1240
  div 1440 1443
  a 1255 1256
  h1 1475 1477
  li 1259 1261
  h1 1506 1508
  li 1284 1286
  p 1523 1524
  a 1288 1289
  br 1620 1622
  a 1307 1308
  p 1675 1676
  li 1311 1313
  a 1691 1692
  ul 1333 1335
  a 1741 1742
  div 1351 1354
  div 1754 1757
  i 1369 1370
  section 1765 1772
  i 1413 1414
  section 1800 1807
  nav 1426 1429
  h1 1833 1835
  div 1440 1443
  h1 1854 1856
  h1 1475 1477
  p 1867 1868
  h1 1506 1508
  p 1968 1969
  p 1523 1524
  div 1980 1983
  br 1620 1622
  div 2010 2013
  p 1675 1676
  h3 2051 2053
  a 1691 1692
  h3 2068 2070
  a 1741 1742
  p 2089 2090
  div 1754 1757
  p 2359 2360
  section 1765 1772
  div 2376 2379
  section 1800 1807
  div 2394 2397
  h1 1833 1835
  h3 2435 2437
  h1 1854 1856
  h3 2446 2448
  p 1867 1868
  p 2467 2468
  p 1968 1969
  p 2737 2738
  div 1980 1983
  div 2754 2757
  div 2010 2013
  div 2772 2775
  h3 2051 2053
  h3 2813 2815
  h3 2068 2070
  h3 2833 2835
  p 2089 2090
  p 2854 2855
  p 2359 2360
  p 3124 3125
  div 2376 2379
  div 3141 3144
  div 2394 2397
  div 3156 3159
  h3 2435 2437
  section 3167 3174
  h3 2446 2448
  section 3202 3209
  p 2467 2468
  h1 3235 3237
  p 2737 2738
  h1 3257 3259
  div 2754 2757
  p 3270 3271
  div 2772 2775
  p 3528 3529
  h3 2813 2815
  div 3540 3543
  h3 2833 2835
  div 3570 3573
  p 2854 2855
  img 3611 3614
  p 3124 3125
  div 3669 3672
  div 3141 3144
  h3 3709 3711
  div 3156 3159
  h3 3720 3722
  section 3167 3174
  div 3742 3745
  section 3202 3209
  div 3761 3764
  h1 3235 3237
  div 3779 3782
  h1 3257 3259
  img 3820 3823
  p 3270 3271
  div 3879 3882
  p 3528 3529
  h3 3919 3921
  div 3540 3543
  h3 3932 3934
  div 3570 3573
  div 3954 3957
  img 3611 3614
  div 3973 3976
  div 3669 3672
  div 3991 3994
  h3 3709 3711
  img 4032 4035
  h3 3720 3722
  div 4094 4097
  div 3742 3745
  h3 4134 4136
  div 3761 3764
  h3 4149 4151
  div 3779 3782
  div 4171 4174
  img 3820 3823
  div 4190 4193
  div 3879 3882
  div 4205 4208
  h3 3919 3921
  section 4216 4223
  h3 3932 3934
  section 4257 4264
  div 3954 3957
  h1 4294 4296
  div 3973 3976
  h1 4313 4315
  div 3991 3994
  p 4326 4327
  img 4032 4035
  p 4475 4476
  div 4094 4097
  div 4487 4490
  h3 4134 4136
  div 4517 4520
  h3 4149 4151
  img 4562 4565
  div 4171 4174
  h3 4614 4616
  div 4190 4193
  h3 4630 4632
  div 4205 4208
  p 4651 4652
  section 4216 4223
  p 4808 4809
  section 4257 4264
  div 4825 4828
  h1 4294 4296
  div 4843 4846
  h1 4313 4315
  img 4888 4891
  p 4326 4327
  h3 4943 4945
  p 4475 4476
  h3 4967 4969
  div 4487 4490
  p 4988 4989
  div 4517 4520
  p 5145 5146
  img 4562 4565
  div 5162 5165
  h3 4614 4616
  div 5180 5183
  h3 4630 4632
  img 5225 5228
  p 4651 4652
  h3 5279 5281
  p 4808 4809
  h3 5306 5308
  div 4825 4828
  p 5327 5328
  div 4843 4846
  p 5484 5485
  img 4888 4891
  div 5501 5504
  h3 4943 4945
  div 5516 5519
  h3 4967 4969
  section 5527 5534
  p 4988 4989
  section 5570 5577
  p 5145 5146
  h1 5609 5611
  div 5162 5165
  h1 5635 5637
  div 5180 5183
  p 5648 5649
  img 5225 5228
  p 5817 5818
  h3 5279 5281
  div 5829 5832
  h3 5306 5308
  div 5859 5862
  p 5327 5328
  img 5906 5909
  p 5484 5485
  div 5956 5959
  div 5501 5504
  p 5982 5983
  div 5516 5519
  p 6270 6271
  section 5527 5534
  h3 6294 6296
  section 5570 5577
  h3 6316 6318
  h1 5609 5611
  i 6341 6342
  h1 5635 5637
  i 6364 6365
  p 5648 5649
  i 6388 6389
  p 5817 5818
  i 6411 6412
  div 5829 5832
  i 6435 6436
  div 5859 5862
  i 6458 6459
  img 5906 5909
  i 6482 6483
  div 5956 5959
  i 6505 6506
  p 5982 5983
  i 6529 6530
  p 6270 6271
  i 6554 6555
  h3 6294 6296
  div 6575 6578
  h3 6316 6318
  div 6594 6597
  i 6341 6342
  div 6612 6615
  i 6364 6365
  img 6659 6662
  i 6388 6389
  div 6709 6712
  i 6411 6412
  p 6735 6736
  i 6435 6436
  p 7023 7024
  i 6458 6459
  h3 7047 7049
  i 6482 6483
  h3 7062 7064
  i 6505 6506
  i 7087 7088
  i 6529 6530
  i 7110 7111
  i 6554 6555
  i 7134 7135
  div 6575 6578
  i 7157 7158
  div 6594 6597
  i 7181 7182
  div 6612 6615
  i 7204 7205
  img 6659 6662
  i 7228 7229
  div 6709 6712
  i 7251 7252
  p 6735 6736
  i 7275 7276
  p 7023 7024
  i 7298 7299
  h3 7047 7049
  div 7319 7322
  h3 7062 7064
  div 7338 7341
  i 7087 7088
  div 7353 7356
  i 7110 7111
  section 7364 7371
  i 7134 7135
  section 7411 7418
  i 7157 7158
  h1 7441 7443
  i 7181 7182
  br 7483 7485
  i 7204 7205
  h1 7511 7513
  i 7228 7229
  a 7524 7525
  i 7251 7252
  a 7563 7564
  i 7275 7276
  section 7572 7579
  i 7298 7299
  section 7608 7615
  div 7319 7322
  h4 7641 7643
  div 7338 7341
  h4 7654 7656
  div 7353 7356
  p 7667 7668
  section 7364 7371
  br 7757 7759
  section 7411 7418
  p 7911 7912
  h1 7441 7443
  div 7923 7926
  br 7483 7485
  i 7955 7956
  h1 7511 7513
  i 7982 7983
  a 7524 7525
  i 7998 7999
  a 7563 7564
  i 8021 8022
  section 7572 7579
  i 8037 8038
  section 7608 7615
fa-star is a "class"
  h4 7641 7643
styles.css has 53 symbols
  h4 7654 7656
  0:0    [5] *
  p 7667 7668
  6:0    [5] .header
  br 7757 7759
  16:0    [5] nav
  p 7911 7912
  23:0    [5] nav img
  div 7923 7926
  29:0    [5] .nav-links ul li
  i 7955 7956
  36:0    [5] .nav-links ul li a
  i 7982 7983
  42:0    [5] .nav-links ul li::after
  i 7998 7999
  52:0    [5] .nav-links ul li:hover::after
  i 8021 8022
  56:0    [5] .text-box
  i 8037 8038
  66:0    [5] .text-box h1
fa-star is a "class"
  70:0    [5] .text-box p
styles.css has 53 symbols
  76:0    [5] .hero-btn
  0:0    [5] *
  88:0    [5] .hero-btn:hover
  6:0    [5] .header
  94:0    [5] nav .fa
  16:0    [5] nav
  98:0    [2] @media (max-width: 800px)
  23:0    [5] nav img
  99:4    [5] .text-box h1
  29:0    [5] .nav-links ul li
  103:4    [5] .nav-links ul li
  36:0    [5] .nav-links ul li a
  107:4    [5] .nav-links
  42:0    [5] .nav-links ul li::after
  119:4    [5] nav .fa
  52:0    [5] .nav-links ul li:hover::after
  127:4    [5] .nav-links ul
  56:0    [5] .text-box
  134:0    [5] .course
  66:0    [5] .text-box h1
  140:0    [5] h1
  70:0    [5] .text-box p
  144:0    [5] p
  76:0    [5] .hero-btn
  151:0    [5] .row
  88:0    [5] .hero-btn:hover
  156:0    [5] .course-col
  94:0    [5] nav .fa
  165:0    [5] h3
  98:0    [2] @media (max-width: 800px)
  170:0    [5] .course-col:hover
  99:4    [5] .text-box h1
  173:0    [2] @media (max-width: 800px)
  103:4    [5] .nav-links ul li
  174:4    [5] .row
  107:4    [5] .nav-links
  178:0    [5] .campus
  119:4    [5] nav .fa
  185:0    [5] .campus-col
  127:4    [5] .nav-links ul
  192:0    [5] .campus-col img
  134:0    [5] .course
  196:0    [5] .layer
  140:0    [5] h1
  206:0    [5] .layer:hover
  144:0    [5] p
  209:0    [5] .layer h3
  151:0    [5] .row
  222:0    [5] .layer:hover h3
  156:0    [5] .course-col
  227:0    [5] .facilities
  165:0    [5] h3
  233:0    [5] .facilities-col
  170:0    [5] .course-col:hover
  239:0    [5] .facilities-col img
  173:0    [2] @media (max-width: 800px)
  243:0    [5] .facilities-col p
  174:4    [5] .row
  246:0    [5] .facilities-col h3
  178:0    [5] .campus
  251:0    [5] .testimonials
  185:0    [5] .campus-col
  257:0    [5] .testimonials-col
  192:0    [5] .campus-col img
  268:0    [5] .testimonials-col img
  196:0    [5] .layer
  275:0    [5] .testimonials-col p
  206:0    [5] .layer:hover
  278:0    [5] .testimonials-col h3
  209:0    [5] .layer h3
  282:0    [5] .testimonials-col .fa
  222:0    [5] .layer:hover h3
  285:0    [2] @media (max-width: 800px)
  227:0    [5] .facilities
  286:4    [5] .testimonials-col img
  233:0    [5] .facilities-col
  292:0    [5] .cta
  239:0    [5] .facilities-col img
  302:0    [5] .cta h1
  243:0    [5] .facilities-col p
  307:0    [2] @media (max-width: 800px)
  246:0    [5] .facilities-col h3
  308:4    [5] .cta h1
  251:0    [5] .testimonials
  257:0    [5] .testimonials-col
  268:0    [5] .testimonials-col img
  275:0    [5] .testimonials-col p
  278:0    [5] .testimonials-col h3
  282:0    [5] .testimonials-col .fa
  285:0    [2] @media (max-width: 800px)
  286:4    [5] .testimonials-col img
  292:0    [5] .cta
  302:0    [5] .cta h1
  307:0    [2] @media (max-width: 800px)
  308:4    [5] .cta h1
i 8060
i 8060
  html 17 21
  head 35 39
  html 17 21
  meta 46 50
  head 35 39
  meta 73 77
  meta 46 50
  meta 131 135
  meta 73 77
  title 206 211
  meta 131 135
  title 255 260
  title 206 211
  link 267 271
  title 255 260
  link 313 317
  link 267 271
  link 377 381
  link 313 317
  link 450 454
  link 377 381
  link 556 560
  link 450 454
  head 801 805
  link 556 560
  body 809 813
  head 801 805
  section 820 827
  body 809 813
  nav 853 856
  section 820 827
  a 871 872
  nav 853 856
  img 892 895
  a 871 872
  a 925 926
  img 892 895
  div 941 944
  a 925 926
  i 995 996
  div 941 944
  i 1040 1041
  i 995 996
  ul 1060 1062
  i 1040 1041
  li 1085 1087
  ul 1060 1062
  a 1089 1090
  li 1085 1087
  a 1105 1106
  a 1089 1090
  li 1109 1111
  a 1105 1106
  li 1134 1136
  li 1109 1111
  a 1138 1139
  li 1134 1136
  a 1155 1156
  a 1138 1139
  li 1159 1161
  a 1155 1156
  li 1184 1186
  li 1159 1161
  a 1188 1189
  li 1184 1186
  a 1206 1207
  a 1188 1189
  li 1210 1212
  a 1206 1207
  li 1235 1237
  li 1210 1212
  a 1239 1240
  li 1235 1237
  a 1255 1256
  a 1239 1240
  li 1259 1261
  a 1255 1256
  li 1284 1286
  li 1259 1261
  a 1288 1289
  li 1284 1286
  a 1307 1308
  a 1288 1289
  li 1311 1313
  a 1307 1308
  ul 1333 1335
  li 1311 1313
  div 1351 1354
  ul 1333 1335
  i 1369 1370
  div 1351 1354
  i 1413 1414
  i 1369 1370
  nav 1426 1429
  i 1413 1414
  div 1440 1443
  nav 1426 1429
  h1 1475 1477
  div 1440 1443
  h1 1506 1508
  h1 1475 1477
  p 1523 1524
  h1 1506 1508
  br 1620 1622
  p 1523 1524
  p 1675 1676
  br 1620 1622
  a 1691 1692
  p 1675 1676
  a 1741 1742
  a 1691 1692
  div 1754 1757
  a 1741 1742
  section 1765 1772
  div 1754 1757
  section 1800 1807
  section 1765 1772
  h1 1833 1835
  section 1800 1807
  h1 1854 1856
  h1 1833 1835
  p 1867 1868
  h1 1854 1856
  p 1968 1969
  p 1867 1868
  div 1980 1983
  p 1968 1969
  div 2010 2013
  div 1980 1983
  h3 2051 2053
  div 2010 2013
  h3 2068 2070
  h3 2051 2053
  p 2089 2090
  h3 2068 2070
  p 2359 2360
  p 2089 2090
  div 2376 2379
  p 2359 2360
  div 2394 2397
  div 2376 2379
  h3 2435 2437
  div 2394 2397
  h3 2446 2448
  h3 2435 2437
  p 2467 2468
  h3 2446 2448
  p 2737 2738
  p 2467 2468
  div 2754 2757
  p 2737 2738
  div 2772 2775
  div 2754 2757
  h3 2813 2815
  div 2772 2775
  h3 2833 2835
  h3 2813 2815
  p 2854 2855
  h3 2833 2835
  p 3124 3125
  p 2854 2855
  div 3141 3144
  p 3124 3125
  div 3156 3159
  div 3141 3144
  section 3167 3174
  div 3156 3159
  section 3202 3209
  section 3167 3174
  h1 3235 3237
  section 3202 3209
  h1 3257 3259
  h1 3235 3237
  p 3270 3271
  h1 3257 3259
  p 3528 3529
  p 3270 3271
  div 3540 3543
  p 3528 3529
  div 3570 3573
  div 3540 3543
  img 3611 3614
  div 3570 3573
  div 3669 3672
  img 3611 3614
  h3 3709 3711
  div 3669 3672
  h3 3720 3722
  h3 3709 3711
  div 3742 3745
  h3 3720 3722
  div 3761 3764
  div 3742 3745
  div 3779 3782
  div 3761 3764
  img 3820 3823
  div 3779 3782
  div 3879 3882
  img 3820 3823
  h3 3919 3921
  div 3879 3882
  h3 3932 3934
  h3 3919 3921
  div 3954 3957
  h3 3932 3934
  div 3973 3976
  div 3954 3957
  div 3991 3994
  div 3973 3976
  img 4032 4035
  div 3991 3994
  div 4094 4097
  img 4032 4035
  h3 4134 4136
  div 4094 4097
  h3 4149 4151
  h3 4134 4136
  div 4171 4174
  h3 4149 4151
  div 4190 4193
  div 4171 4174
  div 4205 4208
  div 4190 4193
  section 4216 4223
  div 4205 4208
  section 4257 4264
  section 4216 4223
  h1 4294 4296
  section 4257 4264
  h1 4313 4315
  h1 4294 4296
  p 4326 4327
  h1 4313 4315
  p 4475 4476
  p 4326 4327
  div 4487 4490
  p 4475 4476
  div 4517 4520
  div 4487 4490
  img 4562 4565
  div 4517 4520
  h3 4614 4616
  img 4562 4565
  h3 4630 4632
  h3 4614 4616
  p 4651 4652
  h3 4630 4632
  p 4808 4809
  p 4651 4652
  div 4825 4828
  p 4808 4809
  div 4843 4846
  div 4825 4828
  img 4888 4891
  div 4843 4846
  h3 4943 4945
  img 4888 4891
  h3 4967 4969
  h3 4943 4945
  p 4988 4989
  h3 4967 4969
  p 5145 5146
  p 4988 4989
  div 5162 5165
  p 5145 5146
  div 5180 5183
  div 5162 5165
  img 5225 5228
  div 5180 5183
  h3 5279 5281
  img 5225 5228
  h3 5306 5308
  h3 5279 5281
  p 5327 5328
  h3 5306 5308
  p 5484 5485
  p 5327 5328
  div 5501 5504
  p 5484 5485
  div 5516 5519
  div 5501 5504
  section 5527 5534
  div 5516 5519
  section 5570 5577
  section 5527 5534
  h1 5609 5611
  section 5570 5577
  h1 5635 5637
  h1 5609 5611
  p 5648 5649
  h1 5635 5637
  p 5817 5818
  p 5648 5649
  div 5829 5832
  p 5817 5818
  div 5859 5862
  div 5829 5832
  img 5906 5909
  div 5859 5862
  div 5956 5959
  img 5906 5909
  p 5982 5983
  div 5956 5959
  p 6270 6271
  p 5982 5983
  h3 6294 6296
  p 6270 6271
  h3 6316 6318
  h3 6294 6296
  i 6341 6342
  h3 6316 6318
  i 6364 6365
  i 6341 6342
  i 6388 6389
  i 6364 6365
  i 6411 6412
  i 6388 6389
  i 6435 6436
  i 6411 6412
  i 6458 6459
  i 6435 6436
  i 6482 6483
  i 6458 6459
  i 6505 6506
  i 6482 6483
  i 6529 6530
  i 6505 6506
  i 6554 6555
  i 6529 6530
  div 6575 6578
  i 6554 6555
  div 6594 6597
  div 6575 6578
  div 6612 6615
  div 6594 6597
  img 6659 6662
  div 6612 6615
  div 6709 6712
  img 6659 6662
  p 6735 6736
  div 6709 6712
  p 7023 7024
  p 6735 6736
  h3 7047 7049
  p 7023 7024
  h3 7062 7064
  h3 7047 7049
  i 7087 7088
  h3 7062 7064
  i 7110 7111
  i 7087 7088
  i 7134 7135
  i 7110 7111
  i 7157 7158
  i 7134 7135
  i 7181 7182
  i 7157 7158
  i 7204 7205
  i 7181 7182
  i 7228 7229
  i 7204 7205
  i 7251 7252
  i 7228 7229
  i 7275 7276
  i 7251 7252
  i 7298 7299
  i 7275 7276
  div 7319 7322
  i 7298 7299
  div 7338 7341
  div 7319 7322
  div 7353 7356
  div 7338 7341
  section 7364 7371
  div 7353 7356
  section 7411 7418
  section 7364 7371
  h1 7441 7443
  section 7411 7418
  br 7483 7485
  h1 7441 7443
  h1 7511 7513
  br 7483 7485
  a 7524 7525
  h1 7511 7513
  a 7563 7564
  a 7524 7525
  section 7572 7579
  a 7563 7564
  section 7608 7615
  section 7572 7579
  h4 7641 7643
  section 7608 7615
  h4 7654 7656
  h4 7641 7643
  p 7667 7668
  h4 7654 7656
  br 7757 7759
  p 7667 7668
  p 7911 7912
  br 7757 7759
  div 7923 7926
  p 7911 7912
  i 7955 7956
  div 7923 7926
  i 7982 7983
  i 7955 7956
  i 7998 7999
  i 7982 7983
  i 8021 8022
  i 7998 7999
  i 8037 8038
  i 8021 8022
  i 8060 8061
  i 8037 8038
i is a "html tag"
  i 8060 8061
styles.css has 53 symbols
i is a "html tag"
  0:0    [5] *
styles.css has 53 symbols
  6:0    [5] .header
  0:0    [5] *
  16:0    [5] nav
  6:0    [5] .header
  23:0    [5] nav img
  16:0    [5] nav
  29:0    [5] .nav-links ul li
  23:0    [5] nav img
  36:0    [5] .nav-links ul li a
  29:0    [5] .nav-links ul li
  42:0    [5] .nav-links ul li::after
  36:0    [5] .nav-links ul li a
  52:0    [5] .nav-links ul li:hover::after
  42:0    [5] .nav-links ul li::after
  56:0    [5] .text-box
  52:0    [5] .nav-links ul li:hover::after
  66:0    [5] .text-box h1
  56:0    [5] .text-box
  70:0    [5] .text-box p
  66:0    [5] .text-box h1
  76:0    [5] .hero-btn
  70:0    [5] .text-box p
  88:0    [5] .hero-btn:hover
  76:0    [5] .hero-btn
  94:0    [5] nav .fa
  88:0    [5] .hero-btn:hover
  98:0    [2] @media (max-width: 800px)
  94:0    [5] nav .fa
  99:4    [5] .text-box h1
  98:0    [2] @media (max-width: 800px)
  103:4    [5] .nav-links ul li
  99:4    [5] .text-box h1
  107:4    [5] .nav-links
  103:4    [5] .nav-links ul li
  119:4    [5] nav .fa
  107:4    [5] .nav-links
  127:4    [5] .nav-links ul
  119:4    [5] nav .fa
  134:0    [5] .course
  127:4    [5] .nav-links ul
  140:0    [5] h1
  134:0    [5] .course
  144:0    [5] p
  140:0    [5] h1
  151:0    [5] .row
  144:0    [5] p
  156:0    [5] .course-col
  151:0    [5] .row
  165:0    [5] h3
  156:0    [5] .course-col
  170:0    [5] .course-col:hover
  165:0    [5] h3
  173:0    [2] @media (max-width: 800px)
  170:0    [5] .course-col:hover
  174:4    [5] .row
  173:0    [2] @media (max-width: 800px)
  178:0    [5] .campus
  174:4    [5] .row
  185:0    [5] .campus-col
  178:0    [5] .campus
  192:0    [5] .campus-col img
  185:0    [5] .campus-col
  196:0    [5] .layer
  192:0    [5] .campus-col img
  206:0    [5] .layer:hover
  196:0    [5] .layer
  209:0    [5] .layer h3
  206:0    [5] .layer:hover
  222:0    [5] .layer:hover h3
  209:0    [5] .layer h3
  227:0    [5] .facilities
  222:0    [5] .layer:hover h3
  233:0    [5] .facilities-col
  227:0    [5] .facilities
  239:0    [5] .facilities-col img
  233:0    [5] .facilities-col
  243:0    [5] .facilities-col p
  239:0    [5] .facilities-col img
  246:0    [5] .facilities-col h3
  243:0    [5] .facilities-col p
  251:0    [5] .testimonials
  246:0    [5] .facilities-col h3
  257:0    [5] .testimonials-col
  251:0    [5] .testimonials
  268:0    [5] .testimonials-col img
  257:0    [5] .testimonials-col
  275:0    [5] .testimonials-col p
  268:0    [5] .testimonials-col img
  278:0    [5] .testimonials-col h3
  275:0    [5] .testimonials-col p
  282:0    [5] .testimonials-col .fa
  278:0    [5] .testimonials-col h3
  285:0    [2] @media (max-width: 800px)
  282:0    [5] .testimonials-col .fa
  286:4    [5] .testimonials-col img
  285:0    [2] @media (max-width: 800px)
  292:0    [5] .cta
  286:4    [5] .testimonials-col img
  302:0    [5] .cta h1
  292:0    [5] .cta
  307:0    [2] @media (max-width: 800px)
  302:0    [5] .cta h1
  308:4    [5] .cta h1
  307:0    [2] @media (max-width: 800px)
  308:4    [5] .cta h1
[Server(38854) Eduford/] Document changed: index.html
[Server(38855) Eduford/] Document changed: index.html
[Server(38854) Eduford/] Document changed: index.html
[Server(38855) Eduford/] Document changed: index.html
[Server(38854) Eduford/] Document changed: index.html
[Server(38855) Eduford/] Document changed: index.html
[Server(38854) Eduford/] Document changed: index.html
[Server(38855) Eduford/] Document changed: index.html
[Server(38854) Eduford/] Document changed: index.html
[Server(38855) Eduford/] Document changed: index.html
[Server(38854) Eduford/] Document changed: index.html
[Server(38855) Eduford/] Document changed: index.html
[Server(38854) Eduford/] Document changed: index.html
[Server(38855) Eduford/] Document changed: index.html
[Server(38854) Eduford/] Document changed: index.html
[Server(38855) Eduford/] Document changed: index.html
[Server(38854) Eduford/] Document changed: index.html
[Server(38855) Eduford/] Document changed: index.html
[Server(38854) Eduford/] Document changed: index.html
[Server(38855) Eduford/] Document changed: index.html
[Server(38854) Eduford/] Document changed: index.html
[Server(38855) Eduford/] Document changed: index.html
[Server(38854) Eduford/] Document changed: index.html
[Server(38855) Eduford/] Document changed: index.html
[Server(38854) Eduford/] Document changed: index.html
[Server(38855) Eduford/] Document changed: index.html
[Server(38854) Eduford/] Document changed: index.html
[Server(38855) Eduford/] Document changed: index.html
[Server(38854) Eduford/] Document changed: index.html
[Server(38855) Eduford/] Document changed: index.html
[Server(38854) Eduford/] Document changed: index.html
[Server(38855) Eduford/] Document changed: index.html
[Server(38854) Eduford/] Document changed: index.html
[Server(38855) Eduford/] Document changed: index.html
[Server(38854) Eduford/] Document changed: index.html
[Server(38855) Eduford/] Document changed: index.html
[Server(38854) Eduford/] Document changed: index.html
[Server(38855) Eduford/] Document changed: index.html
[Server(38854) Eduford/] Document changed: index.html
[Server(38855) Eduford/] Document changed: index.html
[Server(38854) Eduford/] Document changed: index.html
[Server(38855) Eduford/] Document changed: index.html
[Server(38854) Eduford/] Document changed: index.html
[Server(38855) Eduford/] Document changed: index.html
[Server(38854) Eduford/] Document changed: index.html
[Server(38855) Eduford/] Document changed: index.html
[Server(38854) Eduford/] Document changed: index.html
[Server(38855) Eduford/] Document changed: index.html
[Server(38854) Eduford/] Document changed: index.html
[Server(38855) Eduford/] Document changed: index.html
[Server(38854) Eduford/] Document changed: index.html
[Server(38855) Eduford/] Document changed: index.html
[Server(38854) Eduford/] Document changed: index.html
[Server(38855) Eduford/] Document changed: index.html
[Server(38854) Eduford/] Document changed: index.html
[Server(38855) Eduford/] Document changed: index.html
[Server(38854) Eduford/] Document changed: index.html
[Server(38855) Eduford/] Document changed: index.html
[Server(38854) Eduford/] Document changed: index.html
[Server(38855) Eduford/] Document changed: index.html
[Server(38854) Eduford/] Document changed: index.html
[Server(38855) Eduford/] Document changed: index.html
[Server(38855) Eduford/] Document changed: index.html
[Server(38854) Eduford/] Document changed: index.html
[Server(38854) Eduford/] Document changed: index.html
[Server(38855) Eduford/] Document changed: index.html
[Server(38854) Eduford/] Document changed: index.html
[Server(38855) Eduford/] Document changed: index.html
[Server(38854) Eduford/] Document changed: index.html
[Server(38855) Eduford/] Document changed: index.html
[Server(38854) Eduford/] Document changed: index.html
[Server(38855) Eduford/] Document changed: index.html
[Server(38854) Eduford/] Document changed: index.html
[Server(38855) Eduford/] Document changed: index.html
[Server(38854) Eduford/] Document changed: index.html
[Server(38855) Eduford/] Document changed: index.html
[Server(38854) Eduford/] Document changed: index.html
[Server(38855) Eduford/] Document changed: index.html
[Server(38854) Eduford/] Document changed: index.html
[Server(38855) Eduford/] Document changed: index.html
[Server(38854) Eduford/] Document changed: index.html
[Server(38855) Eduford/] Document changed: index.html
[Server(38854) Eduford/] Document changed: index.html
[Server(38855) Eduford/] Document changed: index.html
[Server(38854) Eduford/] Document changed: index.html
[Server(38855) Eduford/] Document changed: index.html
[Server(38854) Eduford/] Document changed: index.html
[Server(38855) Eduford/] Document changed: index.html
[Server(38854) Eduford/] Document changed: index.html
[Server(38855) Eduford/] Document changed: index.html
[Server(38854) Eduford/] Document changed: index.html
[Server(38855) Eduford/] Document changed: index.html
[Server(38854) Eduford/] Document changed: index.html
[Server(38855) Eduford/] Document changed: index.html
cum 7847
cum 7847
  html 17 21
  head 35 39
  html 17 21
  meta 46 50
  head 35 39
  meta 73 77
  meta 46 50
  meta 131 135
  meta 73 77
  title 206 211
  meta 131 135
  title 255 260
  title 206 211
  link 267 271
  title 255 260
  link 313 317
  link 267 271
  link 377 381
  link 313 317
  link 450 454
  link 377 381
  link 556 560
  link 450 454
  head 801 805
  link 556 560
  body 809 813
  head 801 805
  section 820 827
  body 809 813
  nav 853 856
  section 820 827
  a 871 872
  nav 853 856
  img 892 895
  a 871 872
  a 925 926
  img 892 895
  div 941 944
  a 925 926
  i 995 996
  div 941 944
  i 1040 1041
  i 995 996
  ul 1060 1062
  i 1040 1041
  li 1085 1087
  ul 1060 1062
  a 1089 1090
  li 1085 1087
  a 1105 1106
  a 1089 1090
  li 1109 1111
  a 1105 1106
  li 1134 1136
  li 1109 1111
  a 1138 1139
  li 1134 1136
  a 1155 1156
  a 1138 1139
  li 1159 1161
  a 1155 1156
  li 1184 1186
  li 1159 1161
  a 1188 1189
  li 1184 1186
  a 1206 1207
  a 1188 1189
  li 1210 1212
  a 1206 1207
  li 1235 1237
  li 1210 1212
  a 1239 1240
  li 1235 1237
  a 1255 1256
  a 1239 1240
  li 1259 1261
  a 1255 1256
  li 1284 1286
  li 1259 1261
  a 1288 1289
  li 1284 1286
  a 1307 1308
  a 1288 1289
  li 1311 1313
  a 1307 1308
  ul 1333 1335
  li 1311 1313
  div 1351 1354
  ul 1333 1335
  i 1369 1370
  div 1351 1354
  i 1413 1414
  i 1369 1370
  nav 1426 1429
  i 1413 1414
  div 1440 1443
  nav 1426 1429
  h1 1475 1477
  div 1440 1443
  h1 1506 1508
  h1 1475 1477
  p 1523 1524
  h1 1506 1508
  br 1620 1622
  p 1523 1524
  p 1675 1676
  br 1620 1622
  a 1691 1692
  p 1675 1676
  a 1741 1742
  a 1691 1692
  div 1754 1757
  a 1741 1742
  section 1765 1772
  div 1754 1757
  section 1800 1807
  section 1765 1772
  h1 1833 1835
  section 1800 1807
  h1 1854 1856
  h1 1833 1835
  p 1867 1868
  h1 1854 1856
  p 1968 1969
  p 1867 1868
  div 1980 1983
  p 1968 1969
  div 2010 2013
  div 1980 1983
  h3 2051 2053
  div 2010 2013
  h3 2068 2070
  h3 2051 2053
  p 2089 2090
  h3 2068 2070
  p 2359 2360
  p 2089 2090
  div 2376 2379
  p 2359 2360
  div 2394 2397
  div 2376 2379
  h3 2435 2437
  div 2394 2397
  h3 2446 2448
  h3 2435 2437
  p 2467 2468
  h3 2446 2448
  p 2737 2738
  p 2467 2468
  div 2754 2757
  p 2737 2738
  div 2772 2775
  div 2754 2757
  h3 2813 2815
  div 2772 2775
  h3 2833 2835
  h3 2813 2815
  p 2854 2855
  h3 2833 2835
  p 3124 3125
  p 2854 2855
  div 3141 3144
  p 3124 3125
  div 3156 3159
  div 3141 3144
  section 3167 3174
  div 3156 3159
  section 3202 3209
  section 3167 3174
  h1 3235 3237
  section 3202 3209
  h1 3257 3259
  h1 3235 3237
  p 3270 3271
  h1 3257 3259
  p 3528 3529
  p 3270 3271
  div 3540 3543
  p 3528 3529
  div 3570 3573
  div 3540 3543
  img 3611 3614
  div 3570 3573
  div 3669 3672
  img 3611 3614
  h3 3709 3711
  div 3669 3672
  h3 3720 3722
  h3 3709 3711
  div 3742 3745
  h3 3720 3722
  div 3761 3764
  div 3742 3745
  div 3779 3782
  div 3761 3764
  img 3820 3823
  div 3779 3782
  div 3879 3882
  img 3820 3823
  h3 3919 3921
  div 3879 3882
  h3 3932 3934
  h3 3919 3921
  div 3954 3957
  h3 3932 3934
  div 3973 3976
  div 3954 3957
  div 3991 3994
  div 3973 3976
  img 4032 4035
  div 3991 3994
  div 4094 4097
  img 4032 4035
  h3 4134 4136
  div 4094 4097
  h3 4149 4151
  h3 4134 4136
  div 4171 4174
  h3 4149 4151
  div 4190 4193
  div 4171 4174
  div 4205 4208
  div 4190 4193
  section 4216 4223
  div 4205 4208
  section 4257 4264
  section 4216 4223
  h1 4294 4296
  section 4257 4264
  h1 4313 4315
  h1 4294 4296
  p 4326 4327
  h1 4313 4315
  p 4475 4476
  p 4326 4327
  div 4487 4490
  p 4475 4476
  div 4517 4520
  div 4487 4490
  img 4562 4565
  div 4517 4520
  h3 4614 4616
  img 4562 4565
  h3 4630 4632
  h3 4614 4616
  p 4651 4652
  h3 4630 4632
  p 4808 4809
  p 4651 4652
  div 4825 4828
  p 4808 4809
  div 4843 4846
  div 4825 4828
  img 4888 4891
  div 4843 4846
  h3 4943 4945
  img 4888 4891
  h3 4967 4969
  h3 4943 4945
  p 4988 4989
  h3 4967 4969
  p 5145 5146
  p 4988 4989
  div 5162 5165
  p 5145 5146
  div 5180 5183
  div 5162 5165
  img 5225 5228
  div 5180 5183
  h3 5279 5281
  img 5225 5228
  h3 5306 5308
  h3 5279 5281
  p 5327 5328
  h3 5306 5308
  p 5484 5485
  p 5327 5328
  div 5501 5504
  p 5484 5485
  div 5516 5519
  div 5501 5504
  section 5527 5534
  div 5516 5519
  section 5570 5577
  section 5527 5534
  h1 5609 5611
  section 5570 5577
  h1 5635 5637
  h1 5609 5611
  p 5648 5649
  h1 5635 5637
  p 5817 5818
  p 5648 5649
  div 5829 5832
  p 5817 5818
  div 5859 5862
  div 5829 5832
  img 5906 5909
  div 5859 5862
  div 5956 5959
  img 5906 5909
  p 5982 5983
  div 5956 5959
  p 6270 6271
  p 5982 5983
  h3 6294 6296
  p 6270 6271
  h3 6316 6318
  h3 6294 6296
  i 6341 6342
  h3 6316 6318
  i 6364 6365
  i 6341 6342
  i 6388 6389
  i 6364 6365
  i 6411 6412
  i 6388 6389
  i 6435 6436
  i 6411 6412
  i 6458 6459
  i 6435 6436
  i 6482 6483
  i 6458 6459
  i 6505 6506
  i 6482 6483
  i 6529 6530
  i 6505 6506
  i 6554 6555
  i 6529 6530
  div 6575 6578
  i 6554 6555
  div 6594 6597
  div 6575 6578
  div 6612 6615
  div 6594 6597
  img 6659 6662
  div 6612 6615
  div 6709 6712
  img 6659 6662
  p 6735 6736
  div 6709 6712
  p 7023 7024
  p 6735 6736
  h3 7047 7049
  p 7023 7024
  h3 7062 7064
  h3 7047 7049
  i 7087 7088
  h3 7062 7064
  i 7110 7111
  i 7087 7088
  i 7134 7135
  i 7110 7111
  i 7157 7158
  i 7134 7135
  i 7181 7182
  i 7157 7158
  i 7204 7205
  i 7181 7182
  i 7228 7229
  i 7204 7205
  i 7251 7252
  i 7228 7229
  i 7275 7276
  i 7251 7252
  i 7298 7299
  i 7275 7276
  div 7319 7322
  i 7298 7299
  div 7338 7341
  div 7319 7322
  div 7353 7356
  div 7338 7341
  section 7364 7371
  div 7353 7356
  section 7411 7418
  section 7364 7371
  h1 7441 7443
  section 7411 7418
  br 7483 7485
  h1 7441 7443
  h1 7511 7513
  br 7483 7485
  a 7524 7525
  h1 7511 7513
  a 7563 7564
  a 7524 7525
  section 7572 7579
  a 7563 7564
  section 7608 7615
  section 7572 7579
  h4 7641 7643
  section 7608 7615
  h4 7654 7656
  h4 7641 7643
  p 7667 7668
  h4 7654 7656
  br 7757 7759
  p 7667 7668
  p 7911 7912
  br 7757 7759
  div 7923 7926
  p 7911 7912
  i 7955 7956
  div 7923 7926
  i 7982 7983
  i 7955 7956
  i 7998 7999
  i 7982 7983
  i 8024 8025
  i 7998 7999
  i 8040 8041
  i 8024 8025
  i 8068 8069
  i 8040 8041
  i 8084 8085
  i 8068 8069
  i 8111 8112
  i 8084 8085
  div 8124 8127
  i 8111 8112
  section 8135 8142
  div 8124 8127
  script 8177 8183
  section 8135 8142
  script 8413 8419
  script 8177 8183
  body 8425 8429
  script 8413 8419
  html 8434 8438
  body 8425 8429
Invalid Selector
  html 8434 8438
Invalid Selector
[Server(38854) Eduford/] Document changed: index.html
[Server(38855) Eduford/] Document changed: index.html
[Server(38854) Eduford/] Document changed: index.html
[Server(38855) Eduford/] Document changed: index.html
[Server(38854) Eduford/] Document changed: index.html
[Server(38855) Eduford/] Document changed: index.html
[Server(38854) Eduford/] Document changed: index.html
[Server(38855) Eduford/] Document changed: index.html
[Server(38854) Eduford/] Document changed: index.html
[Server(38855) Eduford/] Document changed: index.html
[Server(38854) Eduford/] Document changed: index.html
[Server(38855) Eduford/] Document changed: index.html
i 8073
i 8073
  html 17 21
  head 35 39
  meta 46 50
  html 17 21
  meta 73 77
  head 35 39
  meta 131 135
  meta 46 50
  title 206 211
  meta 73 77
  title 255 260
  meta 131 135
  link 267 271
  title 206 211
  link 313 317
  title 255 260
  link 377 381
  link 267 271
  link 450 454
  link 313 317
  link 556 560
  link 377 381
  head 801 805
  link 450 454
  body 809 813
  link 556 560
  section 820 827
  head 801 805
  nav 853 856
  body 809 813
  a 871 872
  section 820 827
  img 892 895
  nav 853 856
  a 925 926
  a 871 872
  div 941 944
  img 892 895
  i 995 996
  a 925 926
  i 1040 1041
  div 941 944
  ul 1060 1062
  i 995 996
  li 1085 1087
  i 1040 1041
  a 1089 1090
  ul 1060 1062
  a 1105 1106
  li 1085 1087
  li 1109 1111
  a 1089 1090
  li 1134 1136
  a 1105 1106
  a 1138 1139
  li 1109 1111
  a 1155 1156
  li 1134 1136
  li 1159 1161
  a 1138 1139
  li 1184 1186
  a 1155 1156
  a 1188 1189
  li 1159 1161
  a 1206 1207
  li 1184 1186
  li 1210 1212
  a 1188 1189
  li 1235 1237
  a 1206 1207
  a 1239 1240
  li 1210 1212
  a 1255 1256
  li 1235 1237
  li 1259 1261
  a 1239 1240
  li 1284 1286
  a 1255 1256
  a 1288 1289
  li 1259 1261
  a 1307 1308
  li 1284 1286
  li 1311 1313
  a 1288 1289
  ul 1333 1335
  a 1307 1308
  div 1351 1354
  li 1311 1313
  i 1369 1370
  ul 1333 1335
  i 1413 1414
  div 1351 1354
  nav 1426 1429
  i 1369 1370
  div 1440 1443
  i 1413 1414
  h1 1475 1477
  nav 1426 1429
  h1 1506 1508
  div 1440 1443
  p 1523 1524
  h1 1475 1477
  br 1620 1622
  h1 1506 1508
  p 1675 1676
  p 1523 1524
  a 1691 1692
  br 1620 1622
  a 1741 1742
  p 1675 1676
  div 1754 1757
  a 1691 1692
  section 1765 1772
  a 1741 1742
  section 1800 1807
  div 1754 1757
  h1 1833 1835
  section 1765 1772
  h1 1854 1856
  section 1800 1807
  p 1867 1868
  h1 1833 1835
  p 1968 1969
  h1 1854 1856
  div 1980 1983
  p 1867 1868
  div 2010 2013
  p 1968 1969
  h3 2051 2053
  div 1980 1983
  h3 2068 2070
  div 2010 2013
  p 2089 2090
  h3 2051 2053
  p 2359 2360
  h3 2068 2070
  div 2376 2379
  p 2089 2090
  div 2394 2397
  p 2359 2360
  h3 2435 2437
  div 2376 2379
  h3 2446 2448
  div 2394 2397
  p 2467 2468
  h3 2435 2437
  p 2737 2738
  h3 2446 2448
  div 2754 2757
  p 2467 2468
  div 2772 2775
  p 2737 2738
  h3 2813 2815
  div 2754 2757
  h3 2833 2835
  div 2772 2775
  p 2854 2855
  h3 2813 2815
  p 3124 3125
  h3 2833 2835
  div 3141 3144
  p 2854 2855
  div 3156 3159
  p 3124 3125
  section 3167 3174
  div 3141 3144
  section 3202 3209
  div 3156 3159
  h1 3235 3237
  section 3167 3174
  h1 3257 3259
  section 3202 3209
  p 3270 3271
  h1 3235 3237
  p 3528 3529
  h1 3257 3259
  div 3540 3543
  p 3270 3271
  div 3570 3573
  p 3528 3529
  img 3611 3614
  div 3540 3543
  div 3669 3672
  div 3570 3573
  h3 3709 3711
  img 3611 3614
  h3 3720 3722
  div 3669 3672
  div 3742 3745
  h3 3709 3711
  div 3761 3764
  h3 3720 3722
  div 3779 3782
  div 3742 3745
  img 3820 3823
  div 3761 3764
  div 3879 3882
  div 3779 3782
  h3 3919 3921
  img 3820 3823
  h3 3932 3934
  div 3879 3882
  div 3954 3957
  h3 3919 3921
  div 3973 3976
  h3 3932 3934
  div 3991 3994
  div 3954 3957
  img 4032 4035
  div 3973 3976
  div 4094 4097
  div 3991 3994
  h3 4134 4136
  img 4032 4035
  h3 4149 4151
  div 4094 4097
  div 4171 4174
  h3 4134 4136
  div 4190 4193
  h3 4149 4151
  div 4205 4208
  div 4171 4174
  section 4216 4223
  div 4190 4193
  section 4257 4264
  div 4205 4208
  h1 4294 4296
  section 4216 4223
  h1 4313 4315
  section 4257 4264
  p 4326 4327
  h1 4294 4296
  p 4475 4476
  h1 4313 4315
  div 4487 4490
  p 4326 4327
  div 4517 4520
  p 4475 4476
  img 4562 4565
  div 4487 4490
  h3 4614 4616
  div 4517 4520
  h3 4630 4632
  img 4562 4565
  p 4651 4652
  h3 4614 4616
  p 4808 4809
  h3 4630 4632
  div 4825 4828
  p 4651 4652
  div 4843 4846
  p 4808 4809
  img 4888 4891
  div 4825 4828
  h3 4943 4945
  div 4843 4846
  h3 4967 4969
  img 4888 4891
  p 4988 4989
  h3 4943 4945
  p 5145 5146
  h3 4967 4969
  div 5162 5165
  p 4988 4989
  div 5180 5183
  p 5145 5146
  img 5225 5228
  div 5162 5165
  h3 5279 5281
  div 5180 5183
  h3 5306 5308
  img 5225 5228
  p 5327 5328
  h3 5279 5281
  p 5484 5485
  h3 5306 5308
  div 5501 5504
  p 5327 5328
  div 5516 5519
  p 5484 5485
  section 5527 5534
  div 5501 5504
  section 5570 5577
  div 5516 5519
  h1 5609 5611
  section 5527 5534
  h1 5635 5637
  section 5570 5577
  p 5648 5649
  h1 5609 5611
  p 5817 5818
  h1 5635 5637
  div 5829 5832
  p 5648 5649
  div 5859 5862
  p 5817 5818
  img 5906 5909
  div 5829 5832
  div 5956 5959
  div 5859 5862
  p 5982 5983
  img 5906 5909
  p 6270 6271
  div 5956 5959
  h3 6294 6296
  p 5982 5983
  h3 6316 6318
  p 6270 6271
  i 6341 6342
  h3 6294 6296
  i 6364 6365
  h3 6316 6318
  i 6388 6389
  i 6341 6342
  i 6411 6412
  i 6364 6365
  i 6435 6436
  i 6388 6389
  i 6458 6459
  i 6411 6412
  i 6482 6483
  i 6435 6436
  i 6505 6506
  i 6458 6459
  i 6529 6530
  i 6482 6483
  i 6554 6555
  i 6505 6506
  div 6575 6578
  i 6529 6530
  div 6594 6597
  i 6554 6555
  div 6612 6615
  div 6575 6578
  img 6659 6662
  div 6594 6597
  div 6709 6712
  div 6612 6615
  p 6735 6736
  img 6659 6662
  p 7023 7024
  div 6709 6712
  h3 7047 7049
  p 6735 6736
  h3 7062 7064
  p 7023 7024
  i 7087 7088
  h3 7047 7049
  i 7110 7111
  h3 7062 7064
  i 7134 7135
  i 7087 7088
  i 7157 7158
  i 7110 7111
  i 7181 7182
  i 7134 7135
  i 7204 7205
  i 7157 7158
  i 7228 7229
  i 7181 7182
  i 7251 7252
  i 7204 7205
  i 7275 7276
  i 7228 7229
  i 7298 7299
  i 7251 7252
  div 7319 7322
  i 7275 7276
  div 7338 7341
  i 7298 7299
  div 7353 7356
  div 7319 7322
  section 7364 7371
  div 7338 7341
  section 7411 7418
  div 7353 7356
  h1 7441 7443
  section 7364 7371
  br 7483 7485
  section 7411 7418
  h1 7511 7513
  h1 7441 7443
  a 7524 7525
  br 7483 7485
  a 7563 7564
  h1 7511 7513
  section 7572 7579
  a 7524 7525
  section 7608 7615
  a 7563 7564
  h4 7641 7643
  section 7572 7579
  h4 7654 7656
  section 7608 7615
  p 7667 7668
  h4 7641 7643
  br 7757 7759
  h4 7654 7656
  p 7911 7912
  p 7667 7668
  div 7923 7926
  br 7757 7759
  i 7955 7956
  p 7911 7912
  i 7987 7988
  div 7923 7926
  i 8003 8004
  i 7955 7956
  i 8029 8030
  i 7987 7988
  i 8045 8046
  i 8003 8004
  i 8073 8074
  i 8029 8030
i is a "html tag"
  i 8045 8046
styles.css has 53 symbols
  i 8073 8074
  0:0    [5] *
i is a "html tag"
  6:0    [5] .header
styles.css has 53 symbols
  16:0    [5] nav
  0:0    [5] *
  23:0    [5] nav img
  6:0    [5] .header
  29:0    [5] .nav-links ul li
  16:0    [5] nav
  36:0    [5] .nav-links ul li a
  23:0    [5] nav img
  42:0    [5] .nav-links ul li::after
  29:0    [5] .nav-links ul li
  52:0    [5] .nav-links ul li:hover::after
  36:0    [5] .nav-links ul li a
  56:0    [5] .text-box
  42:0    [5] .nav-links ul li::after
  66:0    [5] .text-box h1
  52:0    [5] .nav-links ul li:hover::after
  70:0    [5] .text-box p
  56:0    [5] .text-box
  76:0    [5] .hero-btn
  66:0    [5] .text-box h1
  88:0    [5] .hero-btn:hover
  70:0    [5] .text-box p
  94:0    [5] nav .fa
  76:0    [5] .hero-btn
  98:0    [2] @media (max-width: 800px)
  88:0    [5] .hero-btn:hover
  99:4    [5] .text-box h1
  94:0    [5] nav .fa
  103:4    [5] .nav-links ul li
  98:0    [2] @media (max-width: 800px)
  107:4    [5] .nav-links
  99:4    [5] .text-box h1
  119:4    [5] nav .fa
  103:4    [5] .nav-links ul li
  127:4    [5] .nav-links ul
  107:4    [5] .nav-links
  134:0    [5] .course
  119:4    [5] nav .fa
  140:0    [5] h1
  127:4    [5] .nav-links ul
  144:0    [5] p
  134:0    [5] .course
  151:0    [5] .row
  140:0    [5] h1
  156:0    [5] .course-col
  144:0    [5] p
  165:0    [5] h3
  151:0    [5] .row
  170:0    [5] .course-col:hover
  156:0    [5] .course-col
  173:0    [2] @media (max-width: 800px)
  165:0    [5] h3
  174:4    [5] .row
  170:0    [5] .course-col:hover
  178:0    [5] .campus
  173:0    [2] @media (max-width: 800px)
  185:0    [5] .campus-col
  174:4    [5] .row
  192:0    [5] .campus-col img
  178:0    [5] .campus
  196:0    [5] .layer
  185:0    [5] .campus-col
  206:0    [5] .layer:hover
  192:0    [5] .campus-col img
  209:0    [5] .layer h3
  196:0    [5] .layer
  222:0    [5] .layer:hover h3
  206:0    [5] .layer:hover
  227:0    [5] .facilities
  209:0    [5] .layer h3
  233:0    [5] .facilities-col
  222:0    [5] .layer:hover h3
  239:0    [5] .facilities-col img
  227:0    [5] .facilities
  243:0    [5] .facilities-col p
  233:0    [5] .facilities-col
  246:0    [5] .facilities-col h3
  239:0    [5] .facilities-col img
  251:0    [5] .testimonials
  243:0    [5] .facilities-col p
  257:0    [5] .testimonials-col
  246:0    [5] .facilities-col h3
  268:0    [5] .testimonials-col img
  251:0    [5] .testimonials
  275:0    [5] .testimonials-col p
  257:0    [5] .testimonials-col
  278:0    [5] .testimonials-col h3
  268:0    [5] .testimonials-col img
  282:0    [5] .testimonials-col .fa
  275:0    [5] .testimonials-col p
  285:0    [2] @media (max-width: 800px)
  278:0    [5] .testimonials-col h3
  286:4    [5] .testimonials-col img
  282:0    [5] .testimonials-col .fa
  292:0    [5] .cta
  285:0    [2] @media (max-width: 800px)
  302:0    [5] .cta h1
  286:4    [5] .testimonials-col img
  307:0    [2] @media (max-width: 800px)
  292:0    [5] .cta
  308:4    [5] .cta h1
  302:0    [5] .cta h1
  307:0    [2] @media (max-width: 800px)
  308:4    [5] .cta h1
[Server(38854) Eduford/] Document changed: index.html
[Server(38855) Eduford/] Document changed: index.html
[Server(38854) Eduford/] Document changed: index.html
[Server(38855) Eduford/] Document changed: index.html
[Server(38854) Eduford/] Document changed: index.html
[Server(38855) Eduford/] Document changed: index.html
[Server(38854) Eduford/] Document changed: index.html
[Server(38855) Eduford/] Document changed: index.html
[Server(38854) Eduford/] Document changed: index.html
[Server(38855) Eduford/] Document changed: index.html
[Server(38854) Eduford/] Document changed: index.html
[Server(38855) Eduford/] Document changed: index.html
[Server(38854) Eduford/] Document changed: index.html
[Server(38855) Eduford/] Document changed: index.html
[Server(38854) Eduford/] Document changed: index.html
[Server(38855) Eduford/] Document changed: index.html
[Server(38854) Eduford/] Document changed: index.html
[Server(38855) Eduford/] Document changed: index.html
[Server(38854) Eduford/] Document changed: index.html
[Server(38855) Eduford/] Document changed: index.html
[Server(38854) Eduford/] Document changed: index.html
[Server(38855) Eduford/] Document changed: index.html
[Server(38854) Eduford/] Document changed: index.html
[Server(38855) Eduford/] Document changed: index.html
[Server(38854) Eduford/] Document changed: index.html
[Server(38855) Eduford/] Document changed: index.html
class= 7277
class= 7277
  html 17 21
  head 35 39
  meta 46 50
  meta 73 77
  meta 131 135
  title 206 211
  title 255 260
  link 267 271
  link 313 317
  link 377 381
  link 450 454
  link 556 560
  head 801 805
  body 809 813
  section 820 827
  nav 853 856
  a 871 872
  img 892 895
  html 17 21
  head 35 39
  meta 46 50
  a 925 926
  meta 73 77
  div 941 944
  meta 131 135
  i 995 996
  title 206 211
  i 1040 1041
  title 255 260
  ul 1060 1062
  link 267 271
  li 1085 1087
  link 313 317
  a 1089 1090
  link 377 381
  a 1105 1106
  link 450 454
  li 1109 1111
  link 556 560
  li 1134 1136
  head 801 805
  a 1138 1139
  body 809 813
  a 1155 1156
  section 820 827
  li 1159 1161
  nav 853 856
  li 1184 1186
  a 871 872
  a 1188 1189
  img 892 895
  a 1206 1207
  a 925 926
  li 1210 1212
  div 941 944
  li 1235 1237
  i 995 996
  a 1239 1240
  i 1040 1041
  a 1255 1256
  ul 1060 1062
  li 1259 1261
  li 1085 1087
  li 1284 1286
  a 1089 1090
  a 1288 1289
  a 1105 1106
  a 1307 1308
  li 1109 1111
  li 1311 1313
  li 1134 1136
  ul 1333 1335
  a 1138 1139
  div 1351 1354
  a 1155 1156
  i 1369 1370
  li 1159 1161
  i 1413 1414
  li 1184 1186
  nav 1426 1429
  a 1188 1189
  div 1440 1443
  a 1206 1207
  h1 1475 1477
  li 1210 1212
  h1 1506 1508
  li 1235 1237
  p 1523 1524
  a 1239 1240
  br 1620 1622
  a 1255 1256
  p 1675 1676
  li 1259 1261
  a 1691 1692
  li 1284 1286
  a 1741 1742
  a 1288 1289
  div 1754 1757
  a 1307 1308
  section 1765 1772
  li 1311 1313
  section 1800 1807
  ul 1333 1335
  h1 1833 1835
  div 1351 1354
  h1 1854 1856
  i 1369 1370
  p 1867 1868
  i 1413 1414
  p 1968 1969
  nav 1426 1429
  div 1980 1983
  div 1440 1443
  div 2010 2013
  h1 1475 1477
  h3 2051 2053
  h1 1506 1508
  h3 2068 2070
  p 1523 1524
  p 2089 2090
  br 1620 1622
  p 2359 2360
  p 1675 1676
  div 2376 2379
  a 1691 1692
  div 2394 2397
  a 1741 1742
  h3 2435 2437
  div 1754 1757
  h3 2446 2448
  section 1765 1772
  p 2467 2468
  section 1800 1807
  p 2737 2738
  h1 1833 1835
  div 2754 2757
  h1 1854 1856
  div 2772 2775
  p 1867 1868
  h3 2813 2815
  p 1968 1969
  h3 2833 2835
  div 1980 1983
  p 2854 2855
  div 2010 2013
  p 3124 3125
  h3 2051 2053
  div 3141 3144
  h3 2068 2070
  div 3156 3159
  p 2089 2090
  section 3167 3174
  p 2359 2360
  section 3202 3209
  div 2376 2379
  h1 3235 3237
  div 2394 2397
  h1 3257 3259
  h3 2435 2437
  p 3270 3271
  h3 2446 2448
  p 3528 3529
  p 2467 2468
  div 3540 3543
  p 2737 2738
  div 3570 3573
  div 2754 2757
  img 3611 3614
  div 2772 2775
  div 3669 3672
  h3 2813 2815
  h3 3709 3711
  h3 2833 2835
  h3 3720 3722
  p 2854 2855
  div 3742 3745
  p 3124 3125
  div 3761 3764
  div 3141 3144
  div 3779 3782
  div 3156 3159
  img 3820 3823
  section 3167 3174
  div 3879 3882
  section 3202 3209
  h3 3919 3921
  h1 3235 3237
  h3 3932 3934
  h1 3257 3259
  div 3954 3957
  p 3270 3271
  div 3973 3976
  p 3528 3529
  div 3991 3994
  div 3540 3543
  img 4032 4035
  div 3570 3573
  div 4094 4097
  img 3611 3614
  h3 4134 4136
  div 3669 3672
  h3 4149 4151
  h3 3709 3711
  div 4171 4174
  h3 3720 3722
  div 4190 4193
  div 3742 3745
  div 4205 4208
  div 3761 3764
  section 4216 4223
  div 3779 3782
  section 4257 4264
  img 3820 3823
  h1 4294 4296
  div 3879 3882
  h1 4313 4315
  h3 3919 3921
  p 4326 4327
  h3 3932 3934
  p 4475 4476
  div 3954 3957
  div 4487 4490
  div 3973 3976
  div 4517 4520
  div 3991 3994
  img 4562 4565
  img 4032 4035
  h3 4614 4616
  div 4094 4097
  h3 4630 4632
  h3 4134 4136
  p 4651 4652
  h3 4149 4151
  p 4808 4809
  div 4171 4174
  div 4825 4828
  div 4190 4193
  div 4843 4846
  div 4205 4208
  img 4888 4891
  section 4216 4223
  h3 4943 4945
  section 4257 4264
  h3 4967 4969
  h1 4294 4296
  p 4988 4989
  h1 4313 4315
  p 5145 5146
  p 4326 4327
  div 5162 5165
  p 4475 4476
  div 5180 5183
  div 4487 4490
  img 5225 5228
  div 4517 4520
  h3 5279 5281
  img 4562 4565
  h3 5306 5308
  h3 4614 4616
  p 5327 5328
  h3 4630 4632
  p 5484 5485
  p 4651 4652
  div 5501 5504
  p 4808 4809
  div 5516 5519
  div 4825 4828
  section 5527 5534
  div 4843 4846
  section 5570 5577
  img 4888 4891
  h1 5609 5611
  h3 4943 4945
  h1 5635 5637
  h3 4967 4969
  p 5648 5649
  p 4988 4989
  p 5817 5818
  p 5145 5146
  div 5829 5832
  div 5162 5165
  div 5859 5862
  div 5180 5183
  img 5906 5909
  img 5225 5228
  div 5956 5959
  h3 5279 5281
  p 5982 5983
  h3 5306 5308
  p 6270 6271
  p 5327 5328
  h3 6294 6296
  p 5484 5485
  h3 6316 6318
  div 5501 5504
  i 6341 6342
  div 5516 5519
  i 6364 6365
  section 5527 5534
  i 6388 6389
  section 5570 5577
  i 6411 6412
  h1 5609 5611
  i 6435 6436
  h1 5635 5637
  i 6458 6459
  p 5648 5649
  i 6482 6483
  p 5817 5818
  i 6505 6506
  div 5829 5832
  i 6529 6530
  div 5859 5862
  i 6554 6555
  img 5906 5909
  div 6575 6578
  div 5956 5959
  div 6594 6597
  p 5982 5983
  div 6612 6615
  p 6270 6271
  img 6659 6662
  h3 6294 6296
  div 6709 6712
  h3 6316 6318
  p 6735 6736
  i 6341 6342
  p 7023 7024
  i 6364 6365
  h3 7047 7049
  i 6388 6389
  h3 7062 7064
  i 6411 6412
  i 7087 7088
  i 6435 6436
  i 7110 7111
  i 6458 6459
  i 7134 7135
  i 6482 6483
  i 7157 7158
  i 6505 6506
  i 7181 7182
  i 6529 6530
  i 7204 7205
  i 6554 6555
  i 7228 7229
  div 6575 6578
  i 7251 7252
  div 6594 6597
  i 7275 7276
  div 6612 6615
  i 7298 7299
  img 6659 6662
  div 7319 7322
  div 6709 6712
  div 7338 7341
  p 6735 6736
  div 7353 7356
  p 7023 7024
  section 7364 7371
  h3 7047 7049
  section 7411 7418
  h3 7062 7064
  h1 7441 7443
  i 7087 7088
  br 7483 7485
  i 7110 7111
  h1 7511 7513
  i 7134 7135
  a 7524 7525
  i 7157 7158
  a 7563 7564
  i 7181 7182
  section 7572 7579
  i 7204 7205
  section 7608 7615
  i 7228 7229
  h4 7641 7643
  i 7251 7252
  h4 7654 7656
  i 7275 7276
  p 7667 7668
  i 7298 7299
  br 7757 7759
  div 7319 7322
  p 7911 7912
  div 7338 7341
  div 7923 7926
  div 7353 7356
  i 7955 7956
  section 7364 7371
  i 7982 7983
  section 7411 7418
  i 7998 7999
  h1 7441 7443
  i 8024 8025
  br 7483 7485
  i 8040 8041
  h1 7511 7513
  i 8068 8069
  a 7524 7525
  i 8084 8085
  a 7563 7564
  i 8111 8112
  section 7572 7579
  div 8124 8127
  section 7608 7615
  section 8135 8142
  h4 7641 7643
  script 8177 8183
  h4 7654 7656
  script 8413 8419
  p 7667 7668
  body 8425 8429
  br 7757 7759
  html 8434 8438
  p 7911 7912
Invalid Selector
  div 7923 7926
  i 7955 7956
  i 7982 7983
  i 7998 7999
  i 8024 8025
  i 8040 8041
  i 8068 8069
  i 8084 8085
  i 8111 8112
  div 8124 8127
  section 8135 8142
  script 8177 8183
  script 8413 8419
  body 8425 8429
  html 8434 8438
Invalid Selector
[Server(38854) Eduford/] Document changed: index.html
[Server(38855) Eduford/] Document changed: index.html
[Server(38854) Eduford/] Document changed: index.html
[Server(38855) Eduford/] Document changed: index.html
[Server(38854) Eduford/] Document changed: index.html
[Server(38855) Eduford/] Document changed: index.html
[Server(38854) Eduford/] Document changed: index.html
[Server(38855) Eduford/] Document changed: index.html
[Server(38854) Eduford/] Document changed: index.html
[Server(38855) Eduford/] Document changed: index.html
