Visual Studio Code (1.74.2, undefined, desktop)
Jupyter Extension Version: 2022.11.1003412109.
Python Extension Version: 2022.21.13491005.
No workspace folder opened.
info 16:47:42.447: ZMQ install verified.
El usuario pertenece al grupo de experimentos 'jupyterTestcf'
El usuario pertenece al grupo de experimentos 'jupyterEnhancedDataViewer'
info 16:47:42.964: LSP Notebooks experiment is enabled
info 16:47:43.219: Got empty env vars with python /bin/python in 166ms
info 16:47:43.230: Process Execution: > /bin/python -m pip list
> /bin/python -m pip list
info 16:47:43.300: Process Execution: > /bin/python -c "import pip"
> /bin/python -c "import pip"
error 16:47:43.328: interpreterPackages getPackageInformation, Class name = r, completed in 275ms, has a falsy return value, Arg 1: {"interpreter":{"id":"/bin/python","sysPrefix":"/usr","displayPath":{"$mid":1,"path":"/bin/python","scheme":"file"},"envName":"","uri":{"$mid":1,"fsPath":"/bin/python","external":"file:///bin/python","path":"/bin/python","scheme":"file"},"displayName":"","envType":"Unknown","version":{"major":3,"minor":10,"patch":9,"raw":"3.10.9 (main, Dec 19 2022, 17:35:49) [GCC 12.2.0]"}}} i [Error]: Module 'pip' not installed.
    at l.execModule (/home/luc/.vscode/extensions/ms-toolsai.jupyter-2022.11.1003412109/out/extension.node.js:7:82791)
    at processTicksAndRejections (node:internal/process/task_queues:96:5)
    at r.getPackageInformation (/home/luc/.vscode/extensions/ms-toolsai.jupyter-2022.11.1003412109/out/extension.node.js:17:42188) {
  category: 'notinstalled',
  moduleName: 'pip'
}
info 16:47:53.078: Shutting down notebooks for 754a6bf1-a893-4adb-95fe-40dba1a0c726
info 16:47:53.078: Disposing HostJupyterExecution d80725fd-81a3-4c6f-bddd-c1329b15ba1b
info 16:47:53.078: Disposing super HostJupyterExecution d80725fd-81a3-4c6f-bddd-c1329b15ba1b
info 16:47:53.079: Disposing HostJupyterExecution d80725fd-81a3-4c6f-bddd-c1329b15ba1b
info 16:47:53.079: Finished disposing HostJupyterExecution  d80725fd-81a3-4c6f-bddd-c1329b15ba1b
info 16:47:53.105: Cleaning up server cache d80725fd-81a3-4c6f-bddd-c1329b15ba1b
info 16:47:53.106: Finished disposing HostJupyterExecution  d80725fd-81a3-4c6f-bddd-c1329b15ba1b
