[Info  - 16:47:43] (50726) Pylance language server 2022.12.20 (pyright 621d886b) starting
[Info  - 16:47:43] (50726) Server root directory: /home/luc/.vscode/extensions/ms-python.vscode-pylance-2022.12.20/dist
[Info  - 16:47:43] (50726) Notebook support: LSP
[Info  - 16:47:43] (50726) Interactive window support: LSP
[Info  - 16:47:43] (50726) Auto-indent enabled
[Info  - 16:47:43] (50726) Starting service instance "<default>"
[Info  - 16:47:43] (50726) No pyproject.toml file found.
[Info  - 16:47:43] (50726) Setting pythonPath for service "<default>": "/bin/python"
[Warn  - 16:47:43] (50726) stubPath typings is not a valid directory.
[Info  - 16:47:43] (50726) Assuming Python version 3.10
[Info  - 16:47:43] (50726) Assuming Python platform Linux
[Info  - 16:47:44] (50726) Searching for source files
[Info  - 16:47:44] (50726) No source files found.
[Info  - 16:47:44] (50726) No pyproject.toml file found.
[Info  - 16:47:44] (50726) Setting pythonPath for service "<default>": "/bin/python"
[Warn  - 16:47:44] (50726) stubPath typings is not a valid directory.
[Info  - 16:47:44] (50726) Assuming Python version 3.10
[Info  - 16:47:44] (50726) Assuming Python platform Linux
[Info  - 16:47:44] (50726) Searching for source files
[Info  - 16:47:44] (50726) No source files found.
[Info  - 16:47:44] (50726) Background analysis(1) root directory: /home/luc/.vscode/extensions/ms-python.vscode-pylance-2022.12.20/dist
[Info  - 16:47:44] (50726) Background analysis(1) started
