Visual Studio Code (1.74.2, undefined, desktop)
Jupyter Extension Version: 2022.11.1003412109.
Python Extension Version: 2022.21.13491005.
No workspace folder opened.
info 16:31:09.988: ZMQ install verified.
El usuario pertenece al grupo de experimentos 'jupyterTestcf'
El usuario pertenece al grupo de experimentos 'jupyterEnhancedDataViewer'
info 16:31:10.548: LSP Notebooks experiment is enabled
info 16:31:10.877: Got empty env vars with python /bin/python in 202ms
info 16:31:10.891: Process Execution: > /bin/python -m pip list
> /bin/python -m pip list
info 16:31:10.957: Process Execution: > /bin/python -c "import pip"
> /bin/python -c "import pip"
error 16:31:10.984: interpreterPackages getPackageInformation, Class name = r, completed in 310ms, has a falsy return value, Arg 1: {"interpreter":{"id":"/bin/python","sysPrefix":"/usr","displayPath":{"$mid":1,"path":"/bin/python","scheme":"file"},"envName":"","uri":{"$mid":1,"fsPath":"/bin/python","external":"file:///bin/python","path":"/bin/python","scheme":"file"},"displayName":"","envType":"Unknown","version":{"major":3,"minor":10,"patch":9,"raw":"3.10.9 (main, Dec 19 2022, 17:35:49) [GCC 12.2.0]"}}} [i [Error]: Module 'pip' not installed.
	at l.execModule (/home/luc/.vscode/extensions/ms-toolsai.jupyter-2022.11.1003412109/out/extension.node.js:7:82791)
	at async r.getPackageInformation (/home/luc/.vscode/extensions/ms-toolsai.jupyter-2022.11.1003412109/out/extension.node.js:17:42188)] {
  category: 'notinstalled',
  moduleName: 'pip'
}
info 16:40:19.901: Shutting down notebooks for 0cc9d16f-d37e-40e7-92cc-22db3180c1a5
info 16:40:19.901: Disposing HostJupyterExecution 4088a015-d301-4c5d-9501-c83f85c57f4a
info 16:40:19.901: Disposing super HostJupyterExecution 4088a015-d301-4c5d-9501-c83f85c57f4a
info 16:40:19.902: Disposing HostJupyterExecution 4088a015-d301-4c5d-9501-c83f85c57f4a
info 16:40:19.902: Finished disposing HostJupyterExecution  4088a015-d301-4c5d-9501-c83f85c57f4a
info 16:40:19.956: Cleaning up server cache 4088a015-d301-4c5d-9501-c83f85c57f4a
info 16:40:19.956: Finished disposing HostJupyterExecution  4088a015-d301-4c5d-9501-c83f85c57f4a
