[Info  - 16:31:11] (42307) Pylance language server 2022.12.20 (pyright 621d886b) starting
[Info  - 16:31:11] (42307) Server root directory: /home/luc/.vscode/extensions/ms-python.vscode-pylance-2022.12.20/dist
[Info  - 16:31:11] (42307) Notebook support: LSP
[Info  - 16:31:11] (42307) Interactive window support: LSP
[Info  - 16:31:11] (42307) Auto-indent enabled
[Info  - 16:31:11] (42307) Starting service instance "<default>"
[Info  - 16:31:11] (42307) No pyproject.toml file found.
[Info  - 16:31:11] (42307) Setting pythonPath for service "<default>": "/bin/python"
[Warn  - 16:31:11] (42307) stubPath typings is not a valid directory.
[Info  - 16:31:11] (42307) Assuming Python version 3.10
[Info  - 16:31:11] (42307) Assuming Python platform Linux
[Info  - 16:31:11] (42307) Searching for source files
[Info  - 16:31:11] (42307) No source files found.
[Info  - 16:31:11] (42307) No pyproject.toml file found.
[Info  - 16:31:11] (42307) Setting pythonPath for service "<default>": "/bin/python"
[Warn  - 16:31:11] (42307) stubPath typings is not a valid directory.
[Info  - 16:31:11] (42307) Assuming Python version 3.10
[Info  - 16:31:11] (42307) Assuming Python platform Linux
[Info  - 16:31:11] (42307) Searching for source files
[Info  - 16:31:11] (42307) No source files found.
[Info  - 16:31:12] (42307) Background analysis(1) root directory: /home/luc/.vscode/extensions/ms-python.vscode-pylance-2022.12.20/dist
[Info  - 16:31:12] (42307) Background analysis(1) started
