2023-01-04 10:28:59.687 [info] Extension host with pid 50109 started
2023-01-04 10:28:59.687 [info] Skipping acquiring lock for /home/luc/.config/Code/User/workspaceStorage/1ec3d9ee9c80f43209348eb23128c838.
2023-01-04 10:29:00.161 [info] ExtensionService#_doActivateExtension vscode.html-language-features, startup: false, activationEvent: 'onLanguage:html'
2023-01-04 10:29:00.162 [info] ExtensionService#_doActivateExtension vscode.microsoft-authentication, startup: false, activationEvent: 'onAuthenticationRequest:microsoft'
2023-01-04 10:29:00.162 [info] ExtensionService#_doActivateExtension vscode.git-base, startup: true, activationEvent: '*', root cause: vscode.git
2023-01-04 10:29:00.162 [info] ExtensionService#_doActivateExtension christian-kohler.path-intellisense, startup: true, activationEvent: '*'
2023-01-04 10:29:00.162 [info] ExtensionService#_doActivateExtension ecmel.vscode-html-css, startup: true, activationEvent: '*'
2023-01-04 10:29:00.163 [info] ExtensionService#_doActivateExtension formulahendry.auto-close-tag, startup: true, activationEvent: '*'
2023-01-04 10:29:00.163 [info] ExtensionService#_doActivateExtension formulahendry.auto-rename-tag, startup: true, activationEvent: '*'
2023-01-04 10:29:00.163 [info] ExtensionService#_doActivateExtension Janne252.fontawesome-autocomplete, startup: true, activationEvent: '*'
2023-01-04 10:29:00.163 [info] ExtensionService#_doActivateExtension vscodevim.vim, startup: true, activationEvent: '*'
2023-01-04 10:29:00.164 [info] ExtensionService#_doActivateExtension Zignd.html-css-class-completion, startup: true, activationEvent: '*'
2023-01-04 10:29:01.135 [info] ExtensionService#_doActivateExtension pranaygp.vscode-css-peek, startup: true, activationEvent: 'workspaceContains:**/*.css,**/*.scss,**/*.sass,**/*.less'
2023-01-04 10:29:01.135 [info] ExtensionService#_doActivateExtension vscode.git, startup: true, activationEvent: '*'
2023-01-04 10:29:01.136 [info] ExtensionService#_doActivateExtension vscode.github, startup: true, activationEvent: '*'
2023-01-04 10:29:01.446 [info] ExtensionService#_doActivateExtension vscode.github-authentication, startup: false, activationEvent: 'onAuthenticationRequest:github'
2023-01-04 10:29:02.010 [info] Eager extensions activated
2023-01-04 10:29:02.047 [info] ExtensionService#_doActivateExtension vscode.debug-auto-launch, startup: false, activationEvent: 'onStartupFinished'
2023-01-04 10:29:02.047 [info] ExtensionService#_doActivateExtension vscode.emmet, startup: false, activationEvent: 'onStartupFinished'
2023-01-04 10:29:02.048 [info] ExtensionService#_doActivateExtension vscode.merge-conflict, startup: false, activationEvent: 'onStartupFinished'
2023-01-04 10:29:02.048 [info] ExtensionService#_doActivateExtension PKief.material-icon-theme, startup: false, activationEvent: 'onStartupFinished'
2023-01-04 10:29:02.048 [info] ExtensionService#_doActivateExtension ritwickdey.LiveServer, startup: false, activationEvent: 'onStartupFinished'
2023-01-04 10:29:02.048 [info] ExtensionService#_doActivateExtension streetsidesoftware.code-spell-checker, startup: false, activationEvent: 'onStartupFinished'
2023-01-04 10:29:02.165 [error] Error: ENOENT: no such file or directory, open '/home/luc/.config/Code/User/globalStorage/vscodevim.vim/.registers'
2023-01-04 10:29:31.543 [info] ExtensionService#_doActivateExtension vscode.css-language-features, startup: false, activationEvent: 'onLanguage:css'
2023-01-04 10:29:33.334 [error] [ecmel.vscode-html-css] provider FAILED
2023-01-04 10:29:33.334 [error] undefined
2023-01-04 10:29:58.438 [info] ExtensionService#_doActivateExtension vscode.configuration-editing, startup: false, activationEvent: 'onLanguage:jsonc'
2023-01-04 10:29:58.438 [info] ExtensionService#_doActivateExtension vscode.json-language-features, startup: false, activationEvent: 'onLanguage:jsonc'
2023-01-04 10:29:58.438 [info] ExtensionService#_doActivateExtension vscode.typescript-language-features, startup: false, activationEvent: 'onLanguage:jsonc'
2023-01-04 10:30:12.520 [info] Extension host terminating: received terminate message from renderer
2023-01-04 10:30:13.024 [error] TypeError: r.some is not a function
    at Function.saveToDisk (/home/luc/.vscode/extensions/vscodevim.vim-1.24.3/src/register/register.ts:326:30)
    at Object.e.deactivate (/home/luc/.vscode/extensions/vscodevim.vim-1.24.3/extension.ts:65:18)
    at d.X (/opt/visual-studio-code/resources/app/out/vs/workbench/api/node/extensionHostProcess.js:106:11333)
    at /opt/visual-studio-code/resources/app/out/vs/workbench/api/node/extensionHostProcess.js:106:9301
    at Array.map (<anonymous>)
    at d.Q (/opt/visual-studio-code/resources/app/out/vs/workbench/api/node/extensionHostProcess.js:106:9288)
    at d.terminate (/opt/visual-studio-code/resources/app/out/vs/workbench/api/node/extensionHostProcess.js:106:9563)
    at f.terminate (/opt/visual-studio-code/resources/app/out/vs/workbench/api/node/extensionHostProcess.js:110:1397)
    at b (/opt/visual-studio-code/resources/app/out/vs/workbench/api/node/extensionHostProcess.js:120:17815)
    at /opt/visual-studio-code/resources/app/out/vs/workbench/api/node/extensionHostProcess.js:120:15750
    at d.invoke (/opt/visual-studio-code/resources/app/out/vs/workbench/api/node/extensionHostProcess.js:63:145)
    at w.deliver (/opt/visual-studio-code/resources/app/out/vs/workbench/api/node/extensionHostProcess.js:63:2029)
    at g.fire (/opt/visual-studio-code/resources/app/out/vs/workbench/api/node/extensionHostProcess.js:63:1667)
    at h.fire (/opt/visual-studio-code/resources/app/out/vs/workbench/api/node/extensionHostProcess.js:72:14314)
    at c.y (/opt/visual-studio-code/resources/app/out/vs/workbench/api/node/extensionHostProcess.js:72:17324)
    at /opt/visual-studio-code/resources/app/out/vs/workbench/api/node/extensionHostProcess.js:72:15795
    at d.invoke (/opt/visual-studio-code/resources/app/out/vs/workbench/api/node/extensionHostProcess.js:63:145)
    at w.deliver (/opt/visual-studio-code/resources/app/out/vs/workbench/api/node/extensionHostProcess.js:63:2029)
    at g.fire (/opt/visual-studio-code/resources/app/out/vs/workbench/api/node/extensionHostProcess.js:63:1667)
    at g.acceptChunk (/opt/visual-studio-code/resources/app/out/vs/workbench/api/node/extensionHostProcess.js:72:12045)
    at /opt/visual-studio-code/resources/app/out/vs/workbench/api/node/extensionHostProcess.js:72:11332
    at Socket.l (/opt/visual-studio-code/resources/app/out/vs/workbench/api/node/extensionHostProcess.js:72:19792)
    at Socket.emit (node:events:526:28)
    at addChunk (node:internal/streams/readable:315:12)
    at readableAddChunk (node:internal/streams/readable:289:9)
    at Socket.Readable.push (node:internal/streams/readable:228:10)
    at Pipe.onStreamRead (node:internal/stream_base_commons:190:23)
2023-01-04 10:30:13.041 [info] Extension host with pid 50109 exiting with code 0
2023-01-04 10:30:15.516 [info] Extension host with pid 51035 started
2023-01-04 10:30:15.517 [info] Skipping acquiring lock for /home/luc/.config/Code/User/workspaceStorage/1ec3d9ee9c80f43209348eb23128c838.
2023-01-04 10:30:15.654 [info] ExtensionService#_doActivateExtension vscode.html-language-features, startup: false, activationEvent: 'onLanguage:html'
2023-01-04 10:30:15.654 [info] ExtensionService#_doActivateExtension vscode.microsoft-authentication, startup: false, activationEvent: 'onAuthenticationRequest:microsoft'
2023-01-04 10:30:15.655 [info] ExtensionService#_doActivateExtension vscode.git-base, startup: true, activationEvent: '*', root cause: vscode.git
2023-01-04 10:30:15.655 [info] ExtensionService#_doActivateExtension christian-kohler.path-intellisense, startup: true, activationEvent: '*'
2023-01-04 10:30:15.655 [info] ExtensionService#_doActivateExtension ecmel.vscode-html-css, startup: true, activationEvent: '*'
2023-01-04 10:30:15.655 [info] ExtensionService#_doActivateExtension formulahendry.auto-close-tag, startup: true, activationEvent: '*'
2023-01-04 10:30:15.656 [info] ExtensionService#_doActivateExtension formulahendry.auto-rename-tag, startup: true, activationEvent: '*'
2023-01-04 10:30:15.656 [info] ExtensionService#_doActivateExtension vscodevim.vim, startup: true, activationEvent: '*'
2023-01-04 10:30:15.656 [info] ExtensionService#_doActivateExtension Zignd.html-css-class-completion, startup: true, activationEvent: '*'
2023-01-04 10:30:16.357 [info] ExtensionService#_doActivateExtension pranaygp.vscode-css-peek, startup: true, activationEvent: 'workspaceContains:**/*.css,**/*.scss,**/*.sass,**/*.less'
2023-01-04 10:30:16.358 [info] ExtensionService#_doActivateExtension vscode.git, startup: true, activationEvent: '*'
2023-01-04 10:30:16.358 [info] ExtensionService#_doActivateExtension vscode.github, startup: true, activationEvent: '*'
2023-01-04 10:30:16.701 [info] ExtensionService#_doActivateExtension vscode.github-authentication, startup: false, activationEvent: 'onAuthenticationRequest:github'
2023-01-04 10:30:17.261 [error] Error: ENOENT: no such file or directory, open '/home/luc/.config/Code/User/globalStorage/vscodevim.vim/.registers'
2023-01-04 10:30:17.441 [info] Eager extensions activated
2023-01-04 10:30:17.535 [info] ExtensionService#_doActivateExtension vscode.debug-auto-launch, startup: false, activationEvent: 'onStartupFinished'
2023-01-04 10:30:17.536 [info] ExtensionService#_doActivateExtension vscode.emmet, startup: false, activationEvent: 'onStartupFinished'
2023-01-04 10:30:17.536 [info] ExtensionService#_doActivateExtension vscode.merge-conflict, startup: false, activationEvent: 'onStartupFinished'
2023-01-04 10:30:17.536 [info] ExtensionService#_doActivateExtension PKief.material-icon-theme, startup: false, activationEvent: 'onStartupFinished'
2023-01-04 10:30:17.536 [info] ExtensionService#_doActivateExtension ritwickdey.LiveServer, startup: false, activationEvent: 'onStartupFinished'
2023-01-04 10:30:17.537 [info] ExtensionService#_doActivateExtension streetsidesoftware.code-spell-checker, startup: false, activationEvent: 'onStartupFinished'
2023-01-04 10:31:49.356 [info] ExtensionService#_doActivateExtension vscode.css-language-features, startup: false, activationEvent: 'onLanguage:css'
2023-01-04 10:40:23.901 [error] [ecmel.vscode-html-css] provider FAILED
2023-01-04 10:40:23.901 [error] undefined
2023-01-04 10:40:25.416 [error] [ecmel.vscode-html-css] provider FAILED
2023-01-04 10:40:25.416 [error] undefined
2023-01-04 10:40:27.670 [error] [ecmel.vscode-html-css] provider FAILED
2023-01-04 10:40:27.670 [error] undefined
2023-01-04 10:46:40.237 [error] [ecmel.vscode-html-css] provider FAILED
2023-01-04 10:46:40.237 [error] undefined
2023-01-04 10:50:35.830 [error] [ecmel.vscode-html-css] provider FAILED
2023-01-04 10:50:35.830 [error] undefined
2023-01-04 10:50:38.189 [error] [ecmel.vscode-html-css] provider FAILED
2023-01-04 10:50:38.189 [error] undefined
2023-01-04 10:50:39.307 [error] [ecmel.vscode-html-css] provider FAILED
2023-01-04 10:50:39.307 [error] undefined
2023-01-04 10:50:40.741 [error] [ecmel.vscode-html-css] provider FAILED
2023-01-04 10:50:40.741 [error] undefined
2023-01-04 10:50:41.943 [error] [ecmel.vscode-html-css] provider FAILED
2023-01-04 10:50:41.944 [error] undefined
2023-01-04 10:50:46.864 [error] [ecmel.vscode-html-css] provider FAILED
2023-01-04 10:50:46.864 [error] undefined
2023-01-04 10:50:53.212 [error] [ecmel.vscode-html-css] provider FAILED
2023-01-04 10:50:53.212 [error] undefined
2023-01-04 10:50:54.798 [error] [ecmel.vscode-html-css] provider FAILED
2023-01-04 10:50:54.799 [error] undefined
2023-01-04 10:50:56.458 [error] [ecmel.vscode-html-css] provider FAILED
2023-01-04 10:50:56.458 [error] undefined
2023-01-04 10:51:20.188 [error] [ecmel.vscode-html-css] provider FAILED
2023-01-04 10:51:20.188 [error] undefined
2023-01-04 10:51:27.919 [error] [ecmel.vscode-html-css] provider FAILED
2023-01-04 10:51:27.919 [error] undefined
2023-01-04 10:51:28.333 [error] [ecmel.vscode-html-css] provider FAILED
2023-01-04 10:51:28.333 [error] undefined
2023-01-04 10:51:40.553 [error] [ecmel.vscode-html-css] provider FAILED
2023-01-04 10:51:40.553 [error] undefined
2023-01-04 10:51:42.743 [error] [ecmel.vscode-html-css] provider FAILED
2023-01-04 10:51:42.743 [error] undefined
2023-01-04 10:51:42.891 [error] [ecmel.vscode-html-css] provider FAILED
2023-01-04 10:51:42.891 [error] undefined
2023-01-04 10:51:42.987 [error] [ecmel.vscode-html-css] provider FAILED
2023-01-04 10:51:42.987 [error] undefined
2023-01-04 10:51:44.983 [error] [ecmel.vscode-html-css] provider FAILED
2023-01-04 10:51:44.983 [error] undefined
2023-01-04 10:51:52.287 [error] [ecmel.vscode-html-css] provider FAILED
2023-01-04 10:51:52.287 [error] undefined
2023-01-04 10:52:18.027 [error] [ecmel.vscode-html-css] provider FAILED
2023-01-04 10:52:18.027 [error] undefined
2023-01-04 10:52:22.675 [error] [ecmel.vscode-html-css] provider FAILED
2023-01-04 10:52:22.675 [error] undefined
2023-01-04 10:53:38.171 [error] [ecmel.vscode-html-css] provider FAILED
2023-01-04 10:53:38.171 [error] undefined
2023-01-04 10:53:38.976 [error] [ecmel.vscode-html-css] provider FAILED
2023-01-04 10:53:38.976 [error] undefined
2023-01-04 10:53:40.762 [error] [ecmel.vscode-html-css] provider FAILED
2023-01-04 10:53:40.762 [error] undefined
2023-01-04 10:53:41.912 [error] [ecmel.vscode-html-css] provider FAILED
2023-01-04 10:53:41.912 [error] undefined
2023-01-04 10:53:45.342 [error] [ecmel.vscode-html-css] provider FAILED
2023-01-04 10:53:45.342 [error] undefined
2023-01-04 10:53:45.962 [error] [ecmel.vscode-html-css] provider FAILED
2023-01-04 10:53:45.962 [error] undefined
2023-01-04 10:53:46.758 [error] [ecmel.vscode-html-css] provider FAILED
2023-01-04 10:53:46.758 [error] undefined
2023-01-04 10:53:47.165 [error] [ecmel.vscode-html-css] provider FAILED
2023-01-04 10:53:47.165 [error] undefined
2023-01-04 10:53:51.657 [error] [ecmel.vscode-html-css] provider FAILED
2023-01-04 10:53:51.657 [error] undefined
2023-01-04 10:53:53.750 [error] [ecmel.vscode-html-css] provider FAILED
2023-01-04 10:53:53.750 [error] undefined
2023-01-04 10:53:55.200 [error] [ecmel.vscode-html-css] provider FAILED
2023-01-04 10:53:55.200 [error] undefined
2023-01-04 10:53:57.831 [error] [ecmel.vscode-html-css] provider FAILED
2023-01-04 10:53:57.831 [error] undefined
2023-01-04 10:53:58.424 [error] [ecmel.vscode-html-css] provider FAILED
2023-01-04 10:53:58.424 [error] undefined
2023-01-04 10:54:00.123 [error] [ecmel.vscode-html-css] provider FAILED
2023-01-04 10:54:00.123 [error] undefined
2023-01-04 10:54:00.466 [error] [ecmel.vscode-html-css] provider FAILED
2023-01-04 10:54:00.466 [error] undefined
2023-01-04 10:54:20.262 [error] [ecmel.vscode-html-css] provider FAILED
2023-01-04 10:54:20.262 [error] undefined
2023-01-04 10:54:20.945 [error] [ecmel.vscode-html-css] provider FAILED
2023-01-04 10:54:20.945 [error] undefined
2023-01-04 10:54:21.956 [error] [ecmel.vscode-html-css] provider FAILED
2023-01-04 10:54:21.956 [error] undefined
2023-01-04 10:54:30.117 [error] [ecmel.vscode-html-css] provider FAILED
2023-01-04 10:54:30.117 [error] undefined
2023-01-04 10:54:34.909 [error] [ecmel.vscode-html-css] provider FAILED
2023-01-04 10:54:34.909 [error] undefined
2023-01-04 10:54:37.277 [error] [ecmel.vscode-html-css] provider FAILED
2023-01-04 10:54:37.277 [error] undefined
2023-01-04 10:54:39.232 [error] [ecmel.vscode-html-css] provider FAILED
2023-01-04 10:54:39.232 [error] undefined
2023-01-04 10:54:40.080 [error] [ecmel.vscode-html-css] provider FAILED
2023-01-04 10:54:40.080 [error] undefined
2023-01-04 10:54:40.266 [error] [ecmel.vscode-html-css] provider FAILED
2023-01-04 10:54:40.266 [error] undefined
2023-01-04 10:54:41.018 [error] [ecmel.vscode-html-css] provider FAILED
2023-01-04 10:54:41.018 [error] undefined
2023-01-04 10:54:41.365 [error] [ecmel.vscode-html-css] provider FAILED
2023-01-04 10:54:41.365 [error] undefined
2023-01-04 10:54:41.414 [error] [ecmel.vscode-html-css] provider FAILED
2023-01-04 10:54:41.414 [error] undefined
2023-01-04 10:54:42.490 [error] [ecmel.vscode-html-css] provider FAILED
2023-01-04 10:54:42.490 [error] undefined
2023-01-04 10:54:54.621 [error] [ecmel.vscode-html-css] provider FAILED
2023-01-04 10:54:54.621 [error] undefined
2023-01-04 10:55:02.134 [error] [ecmel.vscode-html-css] provider FAILED
2023-01-04 10:55:02.134 [error] undefined
2023-01-04 10:55:03.324 [error] [ecmel.vscode-html-css] provider FAILED
2023-01-04 10:55:03.324 [error] undefined
2023-01-04 11:36:54.357 [error] [ecmel.vscode-html-css] provider FAILED
2023-01-04 11:36:54.357 [error] undefined
2023-01-04 11:36:55.220 [error] [ecmel.vscode-html-css] provider FAILED
2023-01-04 11:36:55.220 [error] undefined
2023-01-04 11:36:55.360 [error] [ecmel.vscode-html-css] provider FAILED
2023-01-04 11:36:55.360 [error] undefined
2023-01-04 11:36:55.426 [error] [ecmel.vscode-html-css] provider FAILED
2023-01-04 11:36:55.426 [error] undefined
2023-01-04 11:36:55.577 [error] [ecmel.vscode-html-css] provider FAILED
2023-01-04 11:36:55.577 [error] undefined
2023-01-04 11:36:56.737 [error] [ecmel.vscode-html-css] provider FAILED
2023-01-04 11:36:56.737 [error] undefined
2023-01-04 11:46:53.647 [info] Extension host terminating: received terminate message from renderer
2023-01-04 11:46:54.022 [error] TypeError: r.some is not a function
    at Function.saveToDisk (/home/luc/.vscode/extensions/vscodevim.vim-1.24.3/src/register/register.ts:326:30)
    at Object.e.deactivate (/home/luc/.vscode/extensions/vscodevim.vim-1.24.3/extension.ts:65:18)
    at d.X (/opt/visual-studio-code/resources/app/out/vs/workbench/api/node/extensionHostProcess.js:106:11333)
    at /opt/visual-studio-code/resources/app/out/vs/workbench/api/node/extensionHostProcess.js:106:9301
    at Array.map (<anonymous>)
    at d.Q (/opt/visual-studio-code/resources/app/out/vs/workbench/api/node/extensionHostProcess.js:106:9288)
    at d.terminate (/opt/visual-studio-code/resources/app/out/vs/workbench/api/node/extensionHostProcess.js:106:9563)
    at f.terminate (/opt/visual-studio-code/resources/app/out/vs/workbench/api/node/extensionHostProcess.js:110:1397)
    at b (/opt/visual-studio-code/resources/app/out/vs/workbench/api/node/extensionHostProcess.js:120:17815)
    at /opt/visual-studio-code/resources/app/out/vs/workbench/api/node/extensionHostProcess.js:120:15750
    at d.invoke (/opt/visual-studio-code/resources/app/out/vs/workbench/api/node/extensionHostProcess.js:63:145)
    at w.deliver (/opt/visual-studio-code/resources/app/out/vs/workbench/api/node/extensionHostProcess.js:63:2029)
    at g.fire (/opt/visual-studio-code/resources/app/out/vs/workbench/api/node/extensionHostProcess.js:63:1667)
    at h.fire (/opt/visual-studio-code/resources/app/out/vs/workbench/api/node/extensionHostProcess.js:72:14314)
    at c.y (/opt/visual-studio-code/resources/app/out/vs/workbench/api/node/extensionHostProcess.js:72:17324)
    at /opt/visual-studio-code/resources/app/out/vs/workbench/api/node/extensionHostProcess.js:72:15795
    at d.invoke (/opt/visual-studio-code/resources/app/out/vs/workbench/api/node/extensionHostProcess.js:63:145)
    at w.deliver (/opt/visual-studio-code/resources/app/out/vs/workbench/api/node/extensionHostProcess.js:63:2029)
    at g.fire (/opt/visual-studio-code/resources/app/out/vs/workbench/api/node/extensionHostProcess.js:63:1667)
    at g.acceptChunk (/opt/visual-studio-code/resources/app/out/vs/workbench/api/node/extensionHostProcess.js:72:12045)
    at /opt/visual-studio-code/resources/app/out/vs/workbench/api/node/extensionHostProcess.js:72:11332
    at Socket.l (/opt/visual-studio-code/resources/app/out/vs/workbench/api/node/extensionHostProcess.js:72:19792)
    at Socket.emit (node:events:526:28)
    at addChunk (node:internal/streams/readable:315:12)
    at readableAddChunk (node:internal/streams/readable:289:9)
    at Socket.Readable.push (node:internal/streams/readable:228:10)
    at Pipe.onStreamRead (node:internal/stream_base_commons:190:23)
2023-01-04 11:46:54.037 [info] Extension host with pid 51035 exiting with code 0
