2022-12-08 15:11:42.713 [info] Reading sessions from keychain...
2022-12-08 15:11:42.714 [info] Getting sessions for user:email...
2022-12-08 15:11:42.714 [info] Got 0 sessions for user:email...
2022-12-08 15:11:42.714 [info] Getting sessions for all scopes...
2022-12-08 15:11:42.714 [info] Got 0 sessions for ...
2022-12-08 15:29:07.989 [info] Reading sessions from keychain...
2022-12-08 15:29:07.989 [info] Getting sessions for user:email...
2022-12-08 15:29:07.989 [info] Getting sessions for all scopes...
2022-12-08 15:29:07.989 [info] Got 0 sessions for user:email...
2022-12-08 15:29:07.989 [info] Got 0 sessions for ...
2022-12-08 15:47:30.838 [info] Reading sessions from keychain...
2022-12-08 15:47:30.838 [info] Getting sessions for user:email...
2022-12-08 15:47:30.838 [info] Got 0 sessions for user:email...
2022-12-08 15:47:30.847 [info] Getting sessions for all scopes...
2022-12-08 15:47:30.847 [info] Got 0 sessions for ...
2022-12-08 15:47:58.059 [info] Reading sessions from keychain...
2022-12-08 15:47:58.059 [info] Getting sessions for user:email...
2022-12-08 15:47:58.059 [info] Got 0 sessions for user:email...
2022-12-08 15:47:58.075 [info] Getting sessions for all scopes...
2022-12-08 15:47:58.076 [info] Got 0 sessions for ...
2022-12-08 15:48:21.032 [info] Reading sessions from keychain...
2022-12-08 15:48:21.032 [info] Getting sessions for user:email...
2022-12-08 15:48:21.032 [info] Getting sessions for all scopes...
2022-12-08 15:48:21.032 [info] Got 0 sessions for user:email...
2022-12-08 15:48:21.032 [info] Got 0 sessions for ...
