2022-12-30 20:25:44.072 [info] Extension host with pid 60417 started
2022-12-30 20:25:44.162 [info] ExtensionService#_doActivateExtension vscode.microsoft-authentication, startup: false, activationEvent: 'onAuthenticationRequest:microsoft'
2022-12-30 20:25:44.163 [info] ExtensionService#_doActivateExtension vscode.git-base, startup: true, activationEvent: '*', root cause: vscode.git
2022-12-30 20:25:44.349 [info] ExtensionService#_doActivateExtension vscode.git, startup: true, activationEvent: '*'
2022-12-30 20:25:44.349 [info] ExtensionService#_doActivateExtension vscode.github, startup: true, activationEvent: '*'
2022-12-30 20:25:44.502 [info] Eager extensions activated
2022-12-30 20:25:44.515 [info] ExtensionService#_doActivateExtension vscode.debug-auto-launch, startup: false, activationEvent: 'onStartupFinished'
2022-12-30 20:25:44.515 [info] ExtensionService#_doActivateExtension vscode.emmet, startup: false, activationEvent: 'onStartupFinished'
2022-12-30 20:25:44.515 [info] ExtensionService#_doActivateExtension vscode.merge-conflict, startup: false, activationEvent: 'onStartupFinished'
2022-12-30 20:25:44.516 [info] ExtensionService#_doActivateExtension vscode.github-authentication, startup: false, activationEvent: 'onAuthenticationRequest:github'
2022-12-30 20:28:43.419 [info] ExtensionService#_doActivateExtension vscode.configuration-editing, startup: false, activationEvent: 'onLanguage:jsonc'
2022-12-30 20:28:43.420 [info] ExtensionService#_doActivateExtension vscode.json-language-features, startup: false, activationEvent: 'onLanguage:jsonc'
2022-12-30 20:28:43.420 [info] ExtensionService#_doActivateExtension vscode.typescript-language-features, startup: false, activationEvent: 'onLanguage:jsonc'
2022-12-30 20:31:00.456 [info] ExtensionService#_doActivateExtension PKief.material-icon-theme, startup: false, activationEvent: 'onStartupFinished'
2022-12-30 20:32:46.008 [info] ExtensionService#_doActivateExtension vscodevim.vim, startup: false, activationEvent: '*'
2022-12-30 20:32:47.170 [error] Error: ENOENT: no such file or directory, open '/home/luc/.config/Code/User/globalStorage/vscodevim.vim/.registers'
2022-12-30 20:35:22.524 [warning] TextEditor is closed/disposed
2022-12-30 20:35:22.525 [warning] TextEditor is closed/disposed
2022-12-30 20:39:06.246 [info] Extension host terminating: received terminate message from renderer
2022-12-30 20:39:06.315 [error] Error: ENOENT: no such file or directory, open '/home/luc/.config/Code/User/globalStorage/vscodevim.vim/.registers'
2022-12-30 20:39:06.316 [info] Extension host with pid 60417 exiting with code 0
