2022-12-30 20:25:43.724 [info] Starting worker process with pid 60453 (type: fileWatcher, window: 1).
2022-12-30 20:30:26.942 [info] Getting Manifest... enkia.tokyo-night
2022-12-30 20:30:26.949 [info] Installing extension: enkia.tokyo-night
2022-12-30 20:30:28.678 [info] Extracted extension to /home/luc/.vscode/extensions/.73fb3737-39cb-493a-acc7-89cf0e20db8d: enkia.tokyo-night
2022-12-30 20:30:28.704 [info] Renamed to /home/luc/.vscode/extensions/enkia.tokyo-night-0.9.4
2022-12-30 20:30:28.707 [info] Extracting completed. enkia.tokyo-night
2022-12-30 20:30:28.747 [info] Extension installed successfully: enkia.tokyo-night
2022-12-30 20:30:57.796 [info] Getting Manifest... pkief.material-icon-theme
2022-12-30 20:30:57.807 [info] Installing extension: pkief.material-icon-theme
2022-12-30 20:30:59.925 [info] Extracted extension to /home/luc/.vscode/extensions/.aeefa7cf-f2cc-428c-a5fa-8593bb92beca: pkief.material-icon-theme
2022-12-30 20:30:59.946 [info] Renamed to /home/luc/.vscode/extensions/pkief.material-icon-theme-4.23.1
2022-12-30 20:30:59.949 [info] Extracting completed. pkief.material-icon-theme
2022-12-30 20:30:59.992 [info] Extension installed successfully: pkief.material-icon-theme
2022-12-30 20:31:30.009 [info] Getting Manifest... xinche.theme-demo
2022-12-30 20:31:30.015 [info] Installing extension: xinche.theme-demo
2022-12-30 20:31:32.313 [info] Extracted extension to /home/luc/.vscode/extensions/.3f16b80d-98c4-41b5-b5da-5df13f345b33: xinche.theme-demo
2022-12-30 20:31:32.342 [info] Renamed to /home/luc/.vscode/extensions/xinche.theme-demo-0.0.1
2022-12-30 20:31:32.345 [info] Extracting completed. xinche.theme-demo
2022-12-30 20:31:32.380 [info] Extension installed successfully: xinche.theme-demo
2022-12-30 20:32:43.671 [info] Getting Manifest... vscodevim.vim
2022-12-30 20:32:43.676 [info] Installing extension: vscodevim.vim
2022-12-30 20:32:45.544 [info] Extracted extension to /home/luc/.vscode/extensions/.ff528ddc-36f4-4368-8e6d-93e6ec78da58: vscodevim.vim
2022-12-30 20:32:45.598 [info] Renamed to /home/luc/.vscode/extensions/vscodevim.vim-1.24.3
2022-12-30 20:32:45.602 [info] Extracting completed. vscodevim.vim
2022-12-30 20:32:45.635 [info] Extension installed successfully: vscodevim.vim
