[Server(50234) Eduford/] onInitialize
[Server(50234) Eduford/] setupInitialStylemap
[Server(50234) Eduford/] Document opened: index.html
[Server(50234) Eduford/] Document changed: index.html
[Server(50234) Eduford/] Document changed: index.html
footer 7623
  html 17 21
  head 35 39
  meta 46 50
  meta 73 77
  meta 131 135
  title 206 211
  title 255 260
  link 267 271
  link 313 317
  link 377 381
  link 450 454
  link 556 560
  head 801 805
  body 809 813
  section 820 827
  nav 853 856
  a 871 872
  img 892 895
  a 925 926
  div 941 944
  i 995 996
  i 1040 1041
  ul 1060 1062
  li 1085 1087
  a 1089 1090
  a 1105 1106
  li 1109 1111
  li 1134 1136
  a 1138 1139
  a 1155 1156
  li 1159 1161
  li 1184 1186
  a 1188 1189
  a 1206 1207
  li 1210 1212
  li 1235 1237
  a 1239 1240
  a 1255 1256
  li 1259 1261
  li 1284 1286
  a 1288 1289
  a 1307 1308
  li 1311 1313
  ul 1333 1335
  div 1351 1354
  i 1369 1370
  i 1413 1414
  nav 1426 1429
  div 1440 1443
  h1 1475 1477
  h1 1506 1508
  p 1523 1524
  br 1620 1622
  p 1675 1676
  a 1691 1692
  a 1741 1742
  div 1754 1757
  section 1765 1772
  section 1800 1807
  h1 1833 1835
  h1 1854 1856
  p 1867 1868
  p 1968 1969
  div 1980 1983
  div 2010 2013
  h3 2051 2053
  h3 2068 2070
  p 2089 2090
  p 2359 2360
  div 2376 2379
  div 2394 2397
  h3 2435 2437
  h3 2446 2448
  p 2467 2468
  p 2737 2738
  div 2754 2757
  div 2772 2775
  h3 2813 2815
  h3 2833 2835
  p 2854 2855
  p 3124 3125
  div 3141 3144
  div 3156 3159
  section 3167 3174
  section 3202 3209
  h1 3235 3237
  h1 3257 3259
  p 3270 3271
  p 3528 3529
  div 3540 3543
  div 3570 3573
  img 3611 3614
  div 3669 3672
  h3 3709 3711
  h3 3720 3722
  div 3742 3745
  div 3761 3764
  div 3779 3782
  img 3820 3823
  div 3879 3882
  h3 3919 3921
  h3 3932 3934
  div 3954 3957
  div 3973 3976
  div 3991 3994
  img 4032 4035
  div 4094 4097
  h3 4134 4136
  h3 4149 4151
  div 4171 4174
  div 4190 4193
  div 4205 4208
  section 4216 4223
  section 4257 4264
  h1 4294 4296
  h1 4313 4315
  p 4326 4327
  p 4475 4476
  div 4487 4490
  div 4517 4520
  img 4562 4565
  h3 4614 4616
  h3 4630 4632
  p 4651 4652
  p 4808 4809
  div 4825 4828
  div 4843 4846
  img 4888 4891
  h3 4943 4945
  h3 4967 4969
  p 4988 4989
  p 5145 5146
  div 5162 5165
  div 5180 5183
  img 5225 5228
  h3 5279 5281
  h3 5306 5308
  p 5327 5328
  p 5484 5485
  div 5501 5504
  div 5516 5519
  section 5527 5534
  section 5570 5577
  h1 5609 5611
  h1 5635 5637
  p 5648 5649
  p 5817 5818
  div 5829 5832
  div 5859 5862
  img 5906 5909
  div 5956 5959
  p 5982 5983
  p 6270 6271
  h3 6294 6296
  h3 6316 6318
  i 6341 6342
  i 6364 6365
  i 6388 6389
  i 6411 6412
  i 6435 6436
  i 6458 6459
  i 6482 6483
  i 6505 6506
  i 6529 6530
  i 6554 6555
  div 6575 6578
  div 6594 6597
  div 6612 6615
  img 6659 6662
  div 6709 6712
  p 6735 6736
  p 7023 7024
  h3 7047 7049
  h3 7062 7064
  i 7087 7088
  i 7110 7111
  i 7134 7135
  i 7157 7158
  i 7181 7182
  i 7204 7205
  i 7228 7229
  i 7251 7252
  i 7275 7276
  i 7298 7299
  div 7319 7322
  div 7338 7341
  div 7353 7356
  section 7364 7371
  section 7411 7418
  h1 7441 7443
  br 7483 7485
  h1 7511 7513
  a 7524 7525
  a 7563 7564
  section 7572 7579
  section 7608 7615
footer is a "class"
styles.css has 56 symbols
  0:0    [5] *
  6:0    [5] .header
  16:0    [5] nav
  23:0    [5] nav img
  29:0    [5] .nav-links ul li
  36:0    [5] .nav-links ul li a
  42:0    [5] .nav-links ul li::after
  52:0    [5] .nav-links ul li:hover::after
  56:0    [5] .text-box
  66:0    [5] .text-box h1
  70:0    [5] .text-box p
  76:0    [5] .hero-btn
  88:0    [5] .hero-btn:hover
  94:0    [5] nav .fa
  98:0    [2] @media (max-width: 800px)
  99:4    [5] .text-box h1
  103:4    [5] .nav-links ul li
  107:4    [5] .nav-links
  119:4    [5] nav .fa
  127:4    [5] .nav-links ul
  134:0    [5] .course
  140:0    [5] h1
  144:0    [5] p
  151:0    [5] .row
  156:0    [5] .course-col
  165:0    [5] h3
  170:0    [5] .course-col:hover
  173:0    [2] @media (max-width: 800px)
  174:4    [5] .row
  178:0    [5] .campus
  185:0    [5] .campus-col
  192:0    [5] .campus-col img
  196:0    [5] .layer
  206:0    [5] .layer:hover
  209:0    [5] .layer h3
  222:0    [5] .layer:hover h3
  227:0    [5] .facilities
  233:0    [5] .facilities-col
  239:0    [5] .facilities-col img
  243:0    [5] .facilities-col p
  246:0    [5] .facilities-col h3
  251:0    [5] .testimonials
  257:0    [5] .testimonials-col
  268:0    [5] .testimonials-col img
  275:0    [5] .testimonials-col p
  278:0    [5] .testimonials-col h3
  282:0    [5] .testimonials-col .fa
  285:0    [2] @media (max-width: 800px)
  286:4    [5] .testimonials-col img
  292:0    [5] .cta
  302:0    [5] .cta h1
  307:0    [2] @media (max-width: 800px)
  308:4    [5] .cta h1
  312:0    [5] .footer
  318:0    [5] .footer h4
  323:0    [5] .icons
[Server(50234) Eduford/] Document changed: index.html
[Server(50234) Eduford/] Document changed: index.html
[Server(50234) Eduford/] Document changed: index.html
[Server(50234) Eduford/] Document changed: index.html
