Visual Studio Code (1.74.2, undefined, desktop)
Jupyter Extension Version: 2022.11.1003412109.
Python Extension Version: 2022.21.13491005.
No workspace folder opened.
info 16:49:49.480: ZMQ install verified.
El usuario pertenece al grupo de experimentos 'jupyterTestcf'
El usuario pertenece al grupo de experimentos 'jupyterEnhancedDataViewer'
info 16:49:50.104: LSP Notebooks experiment is enabled
info 16:49:50.469: Got empty env vars with python /bin/python in 226ms
info 16:49:50.485: Process Execution: > /bin/python -m pip list
> /bin/python -m pip list
info 16:49:50.571: Process Execution: > /bin/python -c "import pip"
> /bin/python -c "import pip"
error 16:49:50.599: interpreterPackages getPackageInformation, Class name = r, completed in 356ms, has a falsy return value, Arg 1: {"interpreter":{"id":"/bin/python","sysPrefix":"/usr","displayPath":{"$mid":1,"path":"/bin/python","scheme":"file"},"envName":"","uri":{"$mid":1,"fsPath":"/bin/python","external":"file:///bin/python","path":"/bin/python","scheme":"file"},"displayName":"","envType":"Unknown","version":{"major":3,"minor":10,"patch":9,"raw":"3.10.9 (main, Dec 19 2022, 17:35:49) [GCC 12.2.0]"}}} i [Error]: Module 'pip' not installed.
    at l.execModule (/home/luc/.vscode/extensions/ms-toolsai.jupyter-2022.11.1003412109/out/extension.node.js:7:82791)
    at r.getPackageInformation (/home/luc/.vscode/extensions/ms-toolsai.jupyter-2022.11.1003412109/out/extension.node.js:17:42188) {
  category: 'notinstalled',
  moduleName: 'pip'
}
info 16:50:09.764: Shutting down notebooks for 72afc92e-a8c4-4067-a98e-7234876c4e3f
info 16:50:09.764: Disposing HostJupyterExecution 299d64e9-cc1c-4012-ac5c-aa796c499068
info 16:50:09.764: Disposing super HostJupyterExecution 299d64e9-cc1c-4012-ac5c-aa796c499068
info 16:50:09.765: Disposing HostJupyterExecution 299d64e9-cc1c-4012-ac5c-aa796c499068
info 16:50:09.765: Finished disposing HostJupyterExecution  299d64e9-cc1c-4012-ac5c-aa796c499068
info 16:50:09.788: Cleaning up server cache 299d64e9-cc1c-4012-ac5c-aa796c499068
info 16:50:09.790: Finished disposing HostJupyterExecution  299d64e9-cc1c-4012-ac5c-aa796c499068
