[Info  - 16:49:51] (52284) Pylance language server 2022.12.20 (pyright 621d886b) starting
[Info  - 16:49:51] (52284) Server root directory: /home/luc/.vscode/extensions/ms-python.vscode-pylance-2022.12.20/dist
[Info  - 16:49:51] (52284) Notebook support: LSP
[Info  - 16:49:51] (52284) Interactive window support: LSP
[Info  - 16:49:51] (52284) Auto-indent enabled
[Info  - 16:49:51] (52284) Starting service instance "<default>"
[Info  - 16:49:51] (52284) No pyproject.toml file found.
[Info  - 16:49:51] (52284) Setting pythonPath for service "<default>": "/bin/python"
[Warn  - 16:49:51] (52284) stubPath typings is not a valid directory.
[Info  - 16:49:51] (52284) Assuming Python version 3.10
[Info  - 16:49:51] (52284) Assuming Python platform Linux
[Info  - 16:49:51] (52284) Searching for source files
[Info  - 16:49:51] (52284) No source files found.
[Info  - 16:49:51] (52284) No pyproject.toml file found.
[Info  - 16:49:51] (52284) Setting pythonPath for service "<default>": "/bin/python"
[Warn  - 16:49:51] (52284) stubPath typings is not a valid directory.
[Info  - 16:49:51] (52284) Assuming Python version 3.10
[Info  - 16:49:51] (52284) Assuming Python platform Linux
[Info  - 16:49:51] (52284) Searching for source files
[Info  - 16:49:51] (52284) No source files found.
[Info  - 16:49:51] (52284) Background analysis(1) root directory: /home/luc/.vscode/extensions/ms-python.vscode-pylance-2022.12.20/dist
[Info  - 16:49:51] (52284) Background analysis(1) started
