2022-12-08 15:11:39.975 [info] Added views:workbench.panel.markers.view in workbench.panel.markers
2022-12-08 15:11:39.976 [info] Added views:workbench.panel.output in workbench.panel.output
2022-12-08 15:11:39.976 [info] Added views:terminal in terminal
2022-12-08 15:11:39.976 [info] Added views:outline in workbench.view.explorer
2022-12-08 15:11:39.976 [info] Added views:workbench.scm in workbench.view.scm
2022-12-08 15:11:39.976 [info] Added views:workbench.view.search in workbench.view.search
2022-12-08 15:11:39.976 [info] Added views:timeline in workbench.view.explorer
2022-12-08 15:11:39.976 [info] Added views:workbench.explorer.emptyView in workbench.view.explorer
2022-12-08 15:11:40.139 [info] Added views:workbench.debug.welcome in workbench.view.debug
2022-12-08 15:11:41.634 [info] Added views:workbench.panel.repl.view in workbench.panel.repl
2022-12-08 15:29:00.138 [info] Added views:workbench.views.extensions.installed,workbench.views.extensions.popular,extensions.recommendedList in workbench.view.extensions
2022-12-08 15:29:00.149 [info] Removed views:workbench.views.extensions.popular from workbench.view.extensions
2022-12-08 15:29:06.312 [info] Added views:workbench.panel.markers.view in workbench.panel.markers
2022-12-08 15:29:06.312 [info] Added views:workbench.panel.output in workbench.panel.output
2022-12-08 15:29:06.312 [info] Added views:terminal in terminal
2022-12-08 15:29:06.312 [info] Added views:outline in workbench.view.explorer
2022-12-08 15:29:06.312 [info] Added views:workbench.scm in workbench.view.scm
2022-12-08 15:29:06.312 [info] Added views:workbench.view.search in workbench.view.search
2022-12-08 15:29:06.312 [info] Added views:timeline in workbench.view.explorer
2022-12-08 15:29:06.312 [info] Added views:workbench.explorer.emptyView in workbench.view.explorer
2022-12-08 15:29:06.312 [info] Added views:workbench.views.extensions.installed,extensions.recommendedList in workbench.view.extensions
2022-12-08 15:29:06.312 [info] Added views:workbench.debug.welcome in workbench.view.debug
2022-12-08 15:29:07.731 [info] Added views:workbench.panel.repl.view in workbench.panel.repl
2022-12-08 15:29:10.449 [info] Removed views:extensions.recommendedList,workbench.views.extensions.installed from workbench.view.extensions
2022-12-08 15:29:10.479 [info] Added views:workbench.views.extensions.marketplace in workbench.view.extensions
2022-12-08 15:46:53.830 [info] Removed views:workbench.views.extensions.marketplace from workbench.view.extensions
2022-12-08 15:46:53.842 [info] Added views:workbench.views.extensions.installed,extensions.recommendedList in workbench.view.extensions
2022-12-08 15:47:29.075 [info] Added views:workbench.panel.markers.view in workbench.panel.markers
2022-12-08 15:47:29.075 [info] Added views:workbench.panel.output in workbench.panel.output
2022-12-08 15:47:29.075 [info] Added views:terminal in terminal
2022-12-08 15:47:29.075 [info] Added views:outline in workbench.view.explorer
2022-12-08 15:47:29.075 [info] Added views:workbench.scm in workbench.view.scm
2022-12-08 15:47:29.075 [info] Added views:workbench.view.search in workbench.view.search
2022-12-08 15:47:29.075 [info] Added views:timeline in workbench.view.explorer
2022-12-08 15:47:29.075 [info] Added views:workbench.explorer.emptyView in workbench.view.explorer
2022-12-08 15:47:29.146 [info] Added views:workbench.debug.welcome in workbench.view.debug
2022-12-08 15:47:29.212 [info] Added views:workbench.views.extensions.installed,extensions.recommendedList in workbench.view.extensions
2022-12-08 15:47:30.298 [info] Added views:workbench.panel.repl.view in workbench.panel.repl
2022-12-08 15:47:56.203 [info] Added views:workbench.panel.markers.view in workbench.panel.markers
2022-12-08 15:47:56.203 [info] Added views:workbench.panel.output in workbench.panel.output
2022-12-08 15:47:56.203 [info] Added views:terminal in terminal
2022-12-08 15:47:56.203 [info] Added views:outline in workbench.view.explorer
2022-12-08 15:47:56.203 [info] Added views:workbench.scm in workbench.view.scm
2022-12-08 15:47:56.203 [info] Added views:workbench.view.search in workbench.view.search
2022-12-08 15:47:56.203 [info] Added views:timeline in workbench.view.explorer
2022-12-08 15:47:56.203 [info] Added views:workbench.explorer.emptyView in workbench.view.explorer
2022-12-08 15:47:56.260 [info] Added views:workbench.debug.welcome in workbench.view.debug
2022-12-08 15:47:56.322 [info] Added views:workbench.views.extensions.installed,extensions.recommendedList in workbench.view.extensions
2022-12-08 15:47:57.061 [info] Added views:workbench.panel.repl.view in workbench.panel.repl
2022-12-08 15:48:19.271 [info] Added views:workbench.panel.markers.view in workbench.panel.markers
2022-12-08 15:48:19.271 [info] Added views:workbench.panel.output in workbench.panel.output
2022-12-08 15:48:19.271 [info] Added views:terminal in terminal
2022-12-08 15:48:19.271 [info] Added views:outline in workbench.view.explorer
2022-12-08 15:48:19.271 [info] Added views:workbench.scm in workbench.view.scm
2022-12-08 15:48:19.271 [info] Added views:workbench.view.search in workbench.view.search
2022-12-08 15:48:19.271 [info] Added views:timeline in workbench.view.explorer
2022-12-08 15:48:19.271 [info] Added views:workbench.explorer.emptyView in workbench.view.explorer
2022-12-08 15:48:19.333 [info] Added views:workbench.debug.welcome in workbench.view.debug
2022-12-08 15:48:19.397 [info] Added views:workbench.views.extensions.installed,extensions.recommendedList in workbench.view.extensions
2022-12-08 15:48:20.423 [info] Added views:workbench.panel.repl.view in workbench.panel.repl
